Using pre-set license
Built from '6000.0/release' branch; Version is '6000.0.45f1 (d91bd3d4e081) revision 14228435'; Using compiler version '193933523'; Build Type 'Release'
OS: 'Windows 11  (10.0.22631) 64bit CoreSingleLanguage' Language: 'en' Physical Memory: 24355 MB
BatchMode: 1, IsHumanControllingUs: 0, StartBugReporterOnCrash: 0, Is64bit: 1, IsPro: 1

COMMAND LINE ARGUMENTS:
C:\Program Files\Unity\Hub\Editor\6000.0.45f1\Editor\Unity.exe
-adb2
-batchMode
-noUpm
-name
AssetImportWorker0
-projectPath
D:/Khoa/Work/Hidden gem/Hidden gem
-logFile
Logs/AssetImportWorker0.log
-srvPort
52225
-job-worker-count
7
-background-job-worker-count
8
-gc-helper-count
1
Successfully changed project path to: D:/Khoa/Work/Hidden gem/Hidden gem
D:/Khoa/Work/Hidden gem/Hidden gem
[UnityMemory] Configuration Parameters - Can be set up in boot.config
    "memorysetup-bucket-allocator-granularity=16"
    "memorysetup-bucket-allocator-bucket-count=8"
    "memorysetup-bucket-allocator-block-size=33554432"
    "memorysetup-bucket-allocator-block-count=8"
    "memorysetup-main-allocator-block-size=16777216"
    "memorysetup-thread-allocator-block-size=16777216"
    "memorysetup-gfx-main-allocator-block-size=16777216"
    "memorysetup-gfx-thread-allocator-block-size=16777216"
    "memorysetup-cache-allocator-block-size=4194304"
    "memorysetup-typetree-allocator-block-size=2097152"
    "memorysetup-profiler-bucket-allocator-granularity=16"
    "memorysetup-profiler-bucket-allocator-bucket-count=8"
    "memorysetup-profiler-bucket-allocator-block-size=33554432"
    "memorysetup-profiler-bucket-allocator-block-count=8"
    "memorysetup-profiler-allocator-block-size=16777216"
    "memorysetup-profiler-editor-allocator-block-size=1048576"
    "memorysetup-temp-allocator-size-main=16777216"
    "memorysetup-job-temp-allocator-block-size=2097152"
    "memorysetup-job-temp-allocator-block-size-background=1048576"
    "memorysetup-job-temp-allocator-reduction-small-platforms=262144"
    "memorysetup-allocator-temp-initial-block-size-main=262144"
    "memorysetup-allocator-temp-initial-block-size-worker=262144"
    "memorysetup-temp-allocator-size-background-worker=32768"
    "memorysetup-temp-allocator-size-job-worker=262144"
    "memorysetup-temp-allocator-size-preload-manager=33554432"
    "memorysetup-temp-allocator-size-nav-mesh-worker=65536"
    "memorysetup-temp-allocator-size-audio-worker=65536"
    "memorysetup-temp-allocator-size-cloud-worker=32768"
    "memorysetup-temp-allocator-size-gi-baking-worker=262144"
    "memorysetup-temp-allocator-size-gi-baking-worker=262144"
    "memorysetup-temp-allocator-size-gi-baking-worker=262144"
    "memorysetup-temp-allocator-size-gi-baking-worker=262144"
    "memorysetup-temp-allocator-size-gi-baking-worker=262144"
    "memorysetup-temp-allocator-size-gfx=262144"
Player connection [23036]  Target information:

Player connection [23036]  * "[IP] 192.168.1.25 [Port] 0 [Flags] 2 [Guid] 3895862916 [EditorId] 3895862916 [Version] 1048832 [Id] WindowsEditor(7,DESKTOP-74S139L) [Debug] 1 [PackageName] WindowsEditor [ProjectName] Editor" 

Player connection [23036] Host joined multi-casting on [225.0.0.222:54997]...
Player connection [23036] Host joined alternative multi-casting on [225.0.0.222:34997]...
JobSystem: Creating JobQueue using job-worker-count value 7
Input System module state changed to: Initialized.
[Physics::Module] Initialized fallback backend.
[Physics::Module] Id: 0xdecafbad
Library Redirect Path: Library/
[Physics::Module] Selected backend.
[Physics::Module] Name: PhysX
[Physics::Module] Id: 0xf2b8ea05
[Physics::Module] SDK Version: 4.1.2
[Physics::Module] Integration Version: 1.0.0
[Physics::Module] Threading Mode: Multi-Threaded
Refreshing native plugins compatible for Editor in 1.70 ms, found 4 plugins.
Preloading 0 native plugins for Editor in 0.00 ms.
Initialize engine version: 6000.0.45f1 (d91bd3d4e081)
[Subsystems] Discovering subsystems at path C:/Program Files/Unity/Hub/Editor/6000.0.45f1/Editor/Data/Resources/UnitySubsystems
[Subsystems] Discovering subsystems at path D:/Khoa/Work/Hidden gem/Hidden gem/Assets
GfxDevice: creating device client; kGfxThreadingModeNonThreaded
Direct3D:
    Version:  Direct3D 11.0 [level 11.1]
    Renderer: NVIDIA GeForce RTX 3050 Ti Laptop GPU (ID=0x25a0)
    Vendor:   NVIDIA
    VRAM:     3962 MB
    Driver:   32.0.15.7602
Initialize mono
Mono path[0] = 'C:/Program Files/Unity/Hub/Editor/6000.0.45f1/Editor/Data/Managed'
Mono path[1] = 'C:/Program Files/Unity/Hub/Editor/6000.0.45f1/Editor/Data/MonoBleedingEdge/lib/mono/unityjit-win32'
Mono config path = 'C:/Program Files/Unity/Hub/Editor/6000.0.45f1/Editor/Data/MonoBleedingEdge/etc'
Using monoOptions --debugger-agent=transport=dt_socket,embedding=1,server=y,suspend=n,address=127.0.0.1:56456
Begin MonoManager ReloadAssembly
Registering precompiled unity dll's ...
Register platform support module: C:/Program Files/Unity/Hub/Editor/6000.0.45f1/Editor/Data/PlaybackEngines/WebGLSupport/UnityEditor.WebGL.Extensions.dll
Register platform support module: C:/Program Files/Unity/Hub/Editor/6000.0.45f1/Editor/Data/PlaybackEngines/WindowsStandaloneSupport/UnityEditor.WindowsStandalone.Extensions.dll
Registered in 0.003357 seconds.
- Loaded All Assemblies, in  0.555 seconds
Native extension for WindowsStandalone target not found
Native extension for WebGL target not found
Mono: successfully reloaded assembly
- Finished resetting the current domain, in  0.389 seconds
Domain Reload Profiling: 943ms
	BeginReloadAssembly (193ms)
		ExecutionOrderSort (0ms)
		DisableScriptedObjects (0ms)
		BackupInstance (0ms)
		ReleaseScriptingObjects (0ms)
		CreateAndSetChildDomain (1ms)
	RebuildCommonClasses (53ms)
	RebuildNativeTypeToScriptingClass (16ms)
	initialDomainReloadingComplete (63ms)
	LoadAllAssembliesAndSetupDomain (228ms)
		LoadAssemblies (192ms)
		RebuildTransferFunctionScriptingTraits (0ms)
		AnalyzeDomain (224ms)
			TypeCache.Refresh (221ms)
				TypeCache.ScanAssembly (204ms)
			BuildScriptInfoCaches (0ms)
			ResolveRequiredComponents (1ms)
	FinalizeReload (389ms)
		ReleaseScriptCaches (0ms)
		RebuildScriptCaches (0ms)
		SetupLoadedEditorAssemblies (326ms)
			LogAssemblyErrors (0ms)
			InitializePlatformSupportModulesInManaged (25ms)
			SetLoadedEditorAssemblies (5ms)
			BeforeProcessingInitializeOnLoad (63ms)
			ProcessInitializeOnLoadAttributes (173ms)
			ProcessInitializeOnLoadMethodAttributes (60ms)
			AfterProcessingInitializeOnLoad (0ms)
			EditorAssembliesLoaded (0ms)
		ExecutionOrderSort2 (0ms)
		AwakeInstancesAfterBackupRestoration (0ms)
========================================================================
Worker process is ready to serve import requests
Import Worker Mode flag is 0x00
Begin MonoManager ReloadAssembly
- Loaded All Assemblies, in  0.900 seconds
Refreshing native plugins compatible for Editor in 1.24 ms, found 4 plugins.
Native extension for WindowsStandalone target not found
Native extension for WebGL target not found
Mono: successfully reloaded assembly
- Finished resetting the current domain, in  0.992 seconds
Domain Reload Profiling: 1891ms
	BeginReloadAssembly (227ms)
		ExecutionOrderSort (0ms)
		DisableScriptedObjects (7ms)
		BackupInstance (0ms)
		ReleaseScriptingObjects (0ms)
		CreateAndSetChildDomain (61ms)
	RebuildCommonClasses (37ms)
	RebuildNativeTypeToScriptingClass (12ms)
	initialDomainReloadingComplete (43ms)
	LoadAllAssembliesAndSetupDomain (580ms)
		LoadAssemblies (377ms)
		RebuildTransferFunctionScriptingTraits (0ms)
		AnalyzeDomain (320ms)
			TypeCache.Refresh (212ms)
				TypeCache.ScanAssembly (189ms)
			BuildScriptInfoCaches (91ms)
			ResolveRequiredComponents (13ms)
	FinalizeReload (993ms)
		ReleaseScriptCaches (0ms)
		RebuildScriptCaches (0ms)
		SetupLoadedEditorAssemblies (767ms)
			LogAssemblyErrors (0ms)
			InitializePlatformSupportModulesInManaged (4ms)
			SetLoadedEditorAssemblies (5ms)
			BeforeProcessingInitializeOnLoad (152ms)
			ProcessInitializeOnLoadAttributes (452ms)
			ProcessInitializeOnLoadMethodAttributes (150ms)
			AfterProcessingInitializeOnLoad (4ms)
			EditorAssembliesLoaded (0ms)
		ExecutionOrderSort2 (0ms)
		AwakeInstancesAfterBackupRestoration (7ms)
Launched and connected shader compiler UnityShaderCompiler.exe after 0.02 seconds
Refreshing native plugins compatible for Editor in 2.30 ms, found 4 plugins.
Preloading 0 native plugins for Editor in 0.00 ms.
Unloading 206 Unused Serialized files (Serialized files now loaded: 0)
Unloading 6577 unused Assets / (9.2 MB). Loaded Objects now: 7221.
Memory consumption went from 174.4 MB to 165.1 MB.
Total: 61.744100 ms (FindLiveObjects: 8.271000 ms CreateObjectMapping: 4.357800 ms MarkObjects: 29.699900 ms  DeleteObjects: 19.411400 ms)

========================================================================
Received Import Request.
  Time since last request: 848.642497 seconds.
  path: Assets/UniversalRenderPipelineGlobalSettings.asset
  artifactKey: Guid(93b439a37f63240aca3dd4e01d978a9f) Importer(815301076,1909f56bfc062723c751e8b465ee728b)
Start importing Assets/UniversalRenderPipelineGlobalSettings.asset using Guid(93b439a37f63240aca3dd4e01d978a9f) Importer(815301076,1909f56bfc062723c751e8b465ee728b) (PreviewImporter) -> (artifact id: '00c025d2039ced57596f58dea75cb28a') in 0.0622212 seconds
Number of updated asset objects reloaded before import = 0Number of asset objects unloaded after import = 0

========================================================================
Received Import Request.
  Time since last request: 0.000025 seconds.
  path: Assets/DefaultVolumeProfile.asset
  artifactKey: Guid(3f9215ea0144899419cfbc0957140d3f) Importer(815301076,1909f56bfc062723c751e8b465ee728b)
Start importing Assets/DefaultVolumeProfile.asset using Guid(3f9215ea0144899419cfbc0957140d3f) Importer(815301076,1909f56bfc062723c751e8b465ee728b) (PreviewImporter) -> (artifact id: '1e3ee85287093c2e01e2184a29fd3edf') in 0.0012138 seconds
Number of updated asset objects reloaded before import = 0Number of asset objects unloaded after import = 0

========================================================================
Received Import Request.
  Time since last request: 198.873490 seconds.
  path: Assets
  artifactKey: Guid(00000000000000001000000000000000) Importer(815301076,1909f56bfc062723c751e8b465ee728b)
Start importing Assets using Guid(00000000000000001000000000000000) Importer(815301076,1909f56bfc062723c751e8b465ee728b) (PreviewImporter) -> (artifact id: 'c391582d739b6e62a5220f35cbb167ac') in 0.000584 seconds
Number of updated asset objects reloaded before import = 0Number of asset objects unloaded after import = 0

========================================================================
Received Import Request.
  Time since last request: 2.587721 seconds.
  path: Assets/Settings
  artifactKey: Guid(0220aab0833d04faeb927d84ca6cc40c) Importer(815301076,1909f56bfc062723c751e8b465ee728b)
Start importing Assets/Settings using Guid(0220aab0833d04faeb927d84ca6cc40c) Importer(815301076,1909f56bfc062723c751e8b465ee728b) (PreviewImporter) -> (artifact id: '62508b3dd32630cf358da27d8a59d33e') in 0.0005755 seconds
Number of updated asset objects reloaded before import = 0Number of asset objects unloaded after import = 0

========================================================================
Received Import Request.
  Time since last request: 0.081266 seconds.
  path: Assets/Settings/Lit2DSceneTemplate.scenetemplate
  artifactKey: Guid(d03ed43fc9d8a4f2e9fa70c1c7916eb9) Importer(815301076,1909f56bfc062723c751e8b465ee728b)
Start importing Assets/Settings/Lit2DSceneTemplate.scenetemplate using Guid(d03ed43fc9d8a4f2e9fa70c1c7916eb9) Importer(815301076,1909f56bfc062723c751e8b465ee728b) (PreviewImporter) -> (artifact id: '05916363aecc207023dda6006c825dde') in 0.0861925 seconds
Number of updated asset objects reloaded before import = 0Number of asset objects unloaded after import = 5

========================================================================
Received Import Request.
  Time since last request: 8.384299 seconds.
  path: Assets/Settings/Image
  artifactKey: Guid(c9ed6ce2f306e0648a3ab640b9dde233) Importer(815301076,1909f56bfc062723c751e8b465ee728b)
Start importing Assets/Settings/Image using Guid(c9ed6ce2f306e0648a3ab640b9dde233) Importer(815301076,1909f56bfc062723c751e8b465ee728b) (PreviewImporter) -> (artifact id: '22354b45683fa4868874261fafc1accf') in 0.0007485 seconds
Number of updated asset objects reloaded before import = 0Number of asset objects unloaded after import = 0

========================================================================
Received Import Request.
  Time since last request: 55.879839 seconds.
  path: Assets/Settings/Image/Hidden Gem minigame - Merge game
  artifactKey: Guid(e621e8405d58cbb40910624eeeea82f6) Importer(815301076,1909f56bfc062723c751e8b465ee728b)
Start importing Assets/Settings/Image/Hidden Gem minigame - Merge game using Guid(e621e8405d58cbb40910624eeeea82f6) Importer(815301076,1909f56bfc062723c751e8b465ee728b) (PreviewImporter) -> (artifact id: '8115e660ffeb2469dc0da4386fa2e934') in 0.0006751 seconds
Number of updated asset objects reloaded before import = 0Number of asset objects unloaded after import = 0

========================================================================
Received Import Request.
  Time since last request: 0.069307 seconds.
  path: Assets/Settings/Image/Hidden Gem minigame - Merge game/Ellipse 208.png
  artifactKey: Guid(f859f6f03c736e743b0d032ab2957888) Importer(815301076,1909f56bfc062723c751e8b465ee728b)
Start importing Assets/Settings/Image/Hidden Gem minigame - Merge game/Ellipse 208.png using Guid(f859f6f03c736e743b0d032ab2957888) Importer(815301076,1909f56bfc062723c751e8b465ee728b) (PreviewImporter) -> (artifact id: 'a0759bb76efa13332671ef55734be0bc') in 0.0696235 seconds
Number of updated asset objects reloaded before import = 0Number of asset objects unloaded after import = 3

========================================================================
Received Import Request.
  Time since last request: 0.000041 seconds.
  path: Assets/Settings/Image/Hidden Gem minigame - Merge game/Grozxczxcup 34 3-8.png
  artifactKey: Guid(b5ac6952388c25447a65ed36e6ee088c) Importer(815301076,1909f56bfc062723c751e8b465ee728b)
Start importing Assets/Settings/Image/Hidden Gem minigame - Merge game/Grozxczxcup 34 3-8.png using Guid(b5ac6952388c25447a65ed36e6ee088c) Importer(815301076,1909f56bfc062723c751e8b465ee728b) (PreviewImporter) -> (artifact id: '8f9eb44c4c4e4db568db21f270923554') in 0.0268565 seconds
Number of updated asset objects reloaded before import = 0Number of asset objects unloaded after import = 3

========================================================================
Received Import Request.
  Time since last request: 0.000016 seconds.
  path: Assets/Settings/Image/Hidden Gem minigame - Merge game/Group 6288-5.png
  artifactKey: Guid(8a2a48fa1f0892346b2f3f302eb378a2) Importer(815301076,1909f56bfc062723c751e8b465ee728b)
Start importing Assets/Settings/Image/Hidden Gem minigame - Merge game/Group 6288-5.png using Guid(8a2a48fa1f0892346b2f3f302eb378a2) Importer(815301076,1909f56bfc062723c751e8b465ee728b) (PreviewImporter) -> (artifact id: 'acc196c54c82a6310b81cf04bc709b57') in 0.0370318 seconds
Number of updated asset objects reloaded before import = 0Number of asset objects unloaded after import = 3

========================================================================
Received Import Request.
  Time since last request: 0.000021 seconds.
  path: Assets/Settings/Image/Hidden Gem minigame - Merge game/Group 6322.png
  artifactKey: Guid(7cf7383ddfb1b6f499222cc42451e973) Importer(815301076,1909f56bfc062723c751e8b465ee728b)
Start importing Assets/Settings/Image/Hidden Gem minigame - Merge game/Group 6322.png using Guid(7cf7383ddfb1b6f499222cc42451e973) Importer(815301076,1909f56bfc062723c751e8b465ee728b) (PreviewImporter) -> (artifact id: '969ee706d1cdd88e478fa7673f1c01d5') in 0.0296247 seconds
Number of updated asset objects reloaded before import = 0Number of asset objects unloaded after import = 4

========================================================================
Received Import Request.
  Time since last request: 0.000024 seconds.
  path: Assets/Settings/Image/Hidden Gem minigame - Merge game/Group 6288-8.png
  artifactKey: Guid(d9d5e0a75a8cccf4f8e70b105e93f176) Importer(815301076,1909f56bfc062723c751e8b465ee728b)
Start importing Assets/Settings/Image/Hidden Gem minigame - Merge game/Group 6288-8.png using Guid(d9d5e0a75a8cccf4f8e70b105e93f176) Importer(815301076,1909f56bfc062723c751e8b465ee728b) (PreviewImporter) -> (artifact id: 'a96f10d4e531529a1b0fc623a826f3c0') in 0.0262092 seconds
Number of updated asset objects reloaded before import = 0Number of asset objects unloaded after import = 3

========================================================================
Received Import Request.
  Time since last request: 0.000023 seconds.
  path: Assets/Settings/Image/Hidden Gem minigame - Merge game/Ingame-12.png
  artifactKey: Guid(aeb6759fb4b7d5f41831e33d47d64cf7) Importer(815301076,1909f56bfc062723c751e8b465ee728b)
Start importing Assets/Settings/Image/Hidden Gem minigame - Merge game/Ingame-12.png using Guid(aeb6759fb4b7d5f41831e33d47d64cf7) Importer(815301076,1909f56bfc062723c751e8b465ee728b) (PreviewImporter) -> (artifact id: '65376f366bbffdacb36779f084a84d4f') in 0.0487593 seconds
Number of updated asset objects reloaded before import = 0Number of asset objects unloaded after import = 3

========================================================================
Received Import Request.
  Time since last request: 0.000030 seconds.
  path: Assets/Settings/Image/Hidden Gem minigame - Merge game/Group 6288.png
  artifactKey: Guid(68ee07b95e66f5341bc02e4153c81762) Importer(815301076,1909f56bfc062723c751e8b465ee728b)
Start importing Assets/Settings/Image/Hidden Gem minigame - Merge game/Group 6288.png using Guid(68ee07b95e66f5341bc02e4153c81762) Importer(815301076,1909f56bfc062723c751e8b465ee728b) (PreviewImporter) -> (artifact id: '0cae3ffca7813a518f0791fc6ebfbd37') in 0.0309276 seconds
Number of updated asset objects reloaded before import = 0Number of asset objects unloaded after import = 3

========================================================================
Received Import Request.
  Time since last request: 0.000023 seconds.
  path: Assets/Settings/Image/Hidden Gem minigame - Merge game/Ingame-1.png
  artifactKey: Guid(f0bee7293e8007143bf584ddfc94c12d) Importer(815301076,1909f56bfc062723c751e8b465ee728b)
Start importing Assets/Settings/Image/Hidden Gem minigame - Merge game/Ingame-1.png using Guid(f0bee7293e8007143bf584ddfc94c12d) Importer(815301076,1909f56bfc062723c751e8b465ee728b) (PreviewImporter) -> (artifact id: 'f5526fd28a4866eeeb4f37e295d10a23') in 0.0254946 seconds
Number of updated asset objects reloaded before import = 0Number of asset objects unloaded after import = 3

========================================================================
Received Import Request.
  Time since last request: 0.000048 seconds.
  path: Assets/Settings/Image/Hidden Gem minigame - Merge game/Grozxczxcup 34 3-4.png
  artifactKey: Guid(2542b20c6aa285444a8bc34773c206eb) Importer(815301076,1909f56bfc062723c751e8b465ee728b)
Start importing Assets/Settings/Image/Hidden Gem minigame - Merge game/Grozxczxcup 34 3-4.png using Guid(2542b20c6aa285444a8bc34773c206eb) Importer(815301076,1909f56bfc062723c751e8b465ee728b) (PreviewImporter) -> (artifact id: 'fd276eab345b0147626fa2ff510cf928') in 0.0203531 seconds
Number of updated asset objects reloaded before import = 0Number of asset objects unloaded after import = 3

========================================================================
Received Import Request.
  Time since last request: 0.000039 seconds.
  path: Assets/Settings/Image/Hidden Gem minigame - Merge game/Grozxczxcup 34 3-7.png
  artifactKey: Guid(f2a348f297436a44b80a3e49914988a9) Importer(815301076,1909f56bfc062723c751e8b465ee728b)
Start importing Assets/Settings/Image/Hidden Gem minigame - Merge game/Grozxczxcup 34 3-7.png using Guid(f2a348f297436a44b80a3e49914988a9) Importer(815301076,1909f56bfc062723c751e8b465ee728b) (PreviewImporter) -> (artifact id: '9ef39058cc03120c01c7175b5223bf40') in 0.0204871 seconds
Number of updated asset objects reloaded before import = 0Number of asset objects unloaded after import = 3

========================================================================
Received Import Request.
  Time since last request: 0.000031 seconds.
  path: Assets/Settings/Image/Hidden Gem minigame - Merge game/Group 6288-2.png
  artifactKey: Guid(c476adef93bbd9d4983e5edfb14d8819) Importer(815301076,1909f56bfc062723c751e8b465ee728b)
Start importing Assets/Settings/Image/Hidden Gem minigame - Merge game/Group 6288-2.png using Guid(c476adef93bbd9d4983e5edfb14d8819) Importer(815301076,1909f56bfc062723c751e8b465ee728b) (PreviewImporter) -> (artifact id: '80366fc2597cc195fc53a376781dccff') in 0.0250617 seconds
Number of updated asset objects reloaded before import = 0Number of asset objects unloaded after import = 3

========================================================================
Received Import Request.
  Time since last request: 0.000025 seconds.
  path: Assets/Settings/Image/Hidden Gem minigame - Merge game/Grozxczxcup 34 3-2.png
  artifactKey: Guid(ab25c828854132e4493104e58bd4245f) Importer(815301076,1909f56bfc062723c751e8b465ee728b)
Start importing Assets/Settings/Image/Hidden Gem minigame - Merge game/Grozxczxcup 34 3-2.png using Guid(ab25c828854132e4493104e58bd4245f) Importer(815301076,1909f56bfc062723c751e8b465ee728b) (PreviewImporter) -> (artifact id: 'afdfe31f3b34cee38732cb480f3a6a1c') in 0.0229752 seconds
Number of updated asset objects reloaded before import = 0Number of asset objects unloaded after import = 3

========================================================================
Received Import Request.
  Time since last request: 0.000029 seconds.
  path: Assets/Settings/Image/Hidden Gem minigame - Merge game/Ingame-14.png
  artifactKey: Guid(9a7255f8e983b9c4ea8049d4a89d748d) Importer(815301076,1909f56bfc062723c751e8b465ee728b)
Start importing Assets/Settings/Image/Hidden Gem minigame - Merge game/Ingame-14.png using Guid(9a7255f8e983b9c4ea8049d4a89d748d) Importer(815301076,1909f56bfc062723c751e8b465ee728b) (PreviewImporter) -> (artifact id: 'd28f870571b1bb962aa489fa2da59770') in 0.0221345 seconds
Number of updated asset objects reloaded before import = 0Number of asset objects unloaded after import = 3

========================================================================
Received Import Request.
  Time since last request: 0.000018 seconds.
  path: Assets/Settings/Image/Hidden Gem minigame - Merge game/Group 6288-4.png
  artifactKey: Guid(e0a37c8e047bf4447a6136de0802b8e8) Importer(815301076,1909f56bfc062723c751e8b465ee728b)
Start importing Assets/Settings/Image/Hidden Gem minigame - Merge game/Group 6288-4.png using Guid(e0a37c8e047bf4447a6136de0802b8e8) Importer(815301076,1909f56bfc062723c751e8b465ee728b) (PreviewImporter) -> (artifact id: '2a1701bf7c143a91408536392523e3c0') in 0.022153 seconds
Number of updated asset objects reloaded before import = 0Number of asset objects unloaded after import = 3

========================================================================
Received Import Request.
  Time since last request: 0.000021 seconds.
  path: Assets/Settings/Image/Hidden Gem minigame - Merge game/Ingame-13.png
  artifactKey: Guid(c35a13e0f095c0a40932c80aadd9ca5f) Importer(815301076,1909f56bfc062723c751e8b465ee728b)
Start importing Assets/Settings/Image/Hidden Gem minigame - Merge game/Ingame-13.png using Guid(c35a13e0f095c0a40932c80aadd9ca5f) Importer(815301076,1909f56bfc062723c751e8b465ee728b) (PreviewImporter) -> (artifact id: '4b48afd14c0a1f017ad3afaebaf0cdb1') in 0.0253963 seconds
Number of updated asset objects reloaded before import = 0Number of asset objects unloaded after import = 3

========================================================================
Received Import Request.
  Time since last request: 0.000033 seconds.
  path: Assets/Settings/Image/Hidden Gem minigame - Merge game/Grozxczxcup 34 3-6.png
  artifactKey: Guid(5a7fb4192a478204dbb63336b45a8986) Importer(815301076,1909f56bfc062723c751e8b465ee728b)
Start importing Assets/Settings/Image/Hidden Gem minigame - Merge game/Grozxczxcup 34 3-6.png using Guid(5a7fb4192a478204dbb63336b45a8986) Importer(815301076,1909f56bfc062723c751e8b465ee728b) (PreviewImporter) -> (artifact id: 'c833a54bae9aafa2e80609c1fd5c372e') in 0.0192729 seconds
Number of updated asset objects reloaded before import = 0Number of asset objects unloaded after import = 3

========================================================================
Received Import Request.
  Time since last request: 0.000020 seconds.
  path: Assets/Settings/Image/Hidden Gem minigame - Merge game/Ingame-5.png
  artifactKey: Guid(b4ed4963c6be41240901141862d39f91) Importer(815301076,1909f56bfc062723c751e8b465ee728b)
Start importing Assets/Settings/Image/Hidden Gem minigame - Merge game/Ingame-5.png using Guid(b4ed4963c6be41240901141862d39f91) Importer(815301076,1909f56bfc062723c751e8b465ee728b) (PreviewImporter) -> (artifact id: 'a903932060de9b1b6da33ff40669a0ca') in 0.022821 seconds
Number of updated asset objects reloaded before import = 0Number of asset objects unloaded after import = 3

========================================================================
Received Import Request.
  Time since last request: 0.000023 seconds.
  path: Assets/Settings/Image/Hidden Gem minigame - Merge game/Frame 15.png
  artifactKey: Guid(736487e6aca7850479634bca1c028e9e) Importer(815301076,1909f56bfc062723c751e8b465ee728b)
Start importing Assets/Settings/Image/Hidden Gem minigame - Merge game/Frame 15.png using Guid(736487e6aca7850479634bca1c028e9e) Importer(815301076,1909f56bfc062723c751e8b465ee728b) (PreviewImporter) -> (artifact id: 'd89efcc23c983096d098468cbe2bfc08') in 0.0202708 seconds
Number of updated asset objects reloaded before import = 0Number of asset objects unloaded after import = 4

========================================================================
Received Import Request.
  Time since last request: 0.000018 seconds.
  path: Assets/Settings/Image/Hidden Gem minigame - Merge game/Group 6288-3.png
  artifactKey: Guid(6876682ffd5a3ca49aa280b37d601fb4) Importer(815301076,1909f56bfc062723c751e8b465ee728b)
Start importing Assets/Settings/Image/Hidden Gem minigame - Merge game/Group 6288-3.png using Guid(6876682ffd5a3ca49aa280b37d601fb4) Importer(815301076,1909f56bfc062723c751e8b465ee728b) (PreviewImporter) -> (artifact id: 'f0231843aa66819184a01b844b8d7fdd') in 0.0206404 seconds
Number of updated asset objects reloaded before import = 0Number of asset objects unloaded after import = 3

========================================================================
Received Import Request.
  Time since last request: 0.000020 seconds.
  path: Assets/Settings/Image/Hidden Gem minigame - Merge game/Ui Merge Game_Ingame 1-2.png
  artifactKey: Guid(318105eeaaba28640b9ef894d501c649) Importer(815301076,1909f56bfc062723c751e8b465ee728b)
Start importing Assets/Settings/Image/Hidden Gem minigame - Merge game/Ui Merge Game_Ingame 1-2.png using Guid(318105eeaaba28640b9ef894d501c649) Importer(815301076,1909f56bfc062723c751e8b465ee728b) (PreviewImporter) -> (artifact id: '13444d68fc734a007b853a8ca75fff99') in 0.0209735 seconds
Number of updated asset objects reloaded before import = 0Number of asset objects unloaded after import = 3

========================================================================
Received Import Request.
  Time since last request: 0.000020 seconds.
  path: Assets/Settings/Image/Hidden Gem minigame - Merge game/Ingame-4.png
  artifactKey: Guid(821a4164350b6e84696cdec830803bcf) Importer(815301076,1909f56bfc062723c751e8b465ee728b)
Start importing Assets/Settings/Image/Hidden Gem minigame - Merge game/Ingame-4.png using Guid(821a4164350b6e84696cdec830803bcf) Importer(815301076,1909f56bfc062723c751e8b465ee728b) (PreviewImporter) -> (artifact id: '8c8e5ec32b5cfd6607b4d78dcdbb9b18') in 0.0249773 seconds
Number of updated asset objects reloaded before import = 0Number of asset objects unloaded after import = 3

========================================================================
Received Import Request.
  Time since last request: 0.000058 seconds.
  path: Assets/Settings/Image/Hidden Gem minigame - Merge game/Group 6322-1.png
  artifactKey: Guid(104179d6b0a26524a8ae9566ae7dfa6a) Importer(815301076,1909f56bfc062723c751e8b465ee728b)
Start importing Assets/Settings/Image/Hidden Gem minigame - Merge game/Group 6322-1.png using Guid(104179d6b0a26524a8ae9566ae7dfa6a) Importer(815301076,1909f56bfc062723c751e8b465ee728b) (PreviewImporter) -> (artifact id: '902abb442af5486129ad5f6b3ccd9314') in 0.0238692 seconds
Number of updated asset objects reloaded before import = 0Number of asset objects unloaded after import = 4

========================================================================
Received Import Request.
  Time since last request: 0.000089 seconds.
  path: Assets/Settings/Image/Hidden Gem minigame - Merge game/Union.png
  artifactKey: Guid(a76238d9a7cd79d49a6048157140d25a) Importer(815301076,1909f56bfc062723c751e8b465ee728b)
Start importing Assets/Settings/Image/Hidden Gem minigame - Merge game/Union.png using Guid(a76238d9a7cd79d49a6048157140d25a) Importer(815301076,1909f56bfc062723c751e8b465ee728b) (PreviewImporter) -> (artifact id: '19ce0032713191f6da3b116394ee91bb') in 0.0208234 seconds
Number of updated asset objects reloaded before import = 0Number of asset objects unloaded after import = 3

========================================================================
Received Import Request.
  Time since last request: 0.000024 seconds.
  path: Assets/Settings/Image/Hidden Gem minigame - Merge game/Ingame-11.png
  artifactKey: Guid(e5dbf2f0e21649e46b476b57dde06dd6) Importer(815301076,1909f56bfc062723c751e8b465ee728b)
Start importing Assets/Settings/Image/Hidden Gem minigame - Merge game/Ingame-11.png using Guid(e5dbf2f0e21649e46b476b57dde06dd6) Importer(815301076,1909f56bfc062723c751e8b465ee728b) (PreviewImporter) -> (artifact id: '1508d690489faeab928e4d2f90b2e5c1') in 0.0279691 seconds
Number of updated asset objects reloaded before import = 0Number of asset objects unloaded after import = 3

========================================================================
Received Import Request.
  Time since last request: 0.000018 seconds.
  path: Assets/Settings/Image/Hidden Gem minigame - Merge game/Ingame.png
  artifactKey: Guid(01ffbc6e83e7f72448d4687815520ea9) Importer(815301076,1909f56bfc062723c751e8b465ee728b)
Start importing Assets/Settings/Image/Hidden Gem minigame - Merge game/Ingame.png using Guid(01ffbc6e83e7f72448d4687815520ea9) Importer(815301076,1909f56bfc062723c751e8b465ee728b) (PreviewImporter) -> (artifact id: 'e241cea51e190c1ca0d719434f173456') in 0.0296387 seconds
Number of updated asset objects reloaded before import = 0Number of asset objects unloaded after import = 3

Editor requested this worker to shutdown with reason: Scaling down because of idle timeout
AssetImportWorker is now disconnected from the server
Process exiting
Exiting without the bug reporter. Application will terminate with return code 0