Using pre-set license
Built from '6000.0/release' branch; Version is '6000.0.45f1 (d91bd3d4e081) revision 14228435'; Using compiler version '193933523'; Build Type 'Release'
OS: 'Windows 11  (10.0.22631) 64bit CoreSingleLanguage' Language: 'en' Physical Memory: 24355 MB
BatchMode: 1, IsHumanControllingUs: 0, StartBugReporterOnCrash: 0, Is64bit: 1, IsPro: 1

COMMAND LINE ARGUMENTS:
C:\Program Files\Unity\Hub\Editor\6000.0.45f1\Editor\Unity.exe
-adb2
-batchMode
-noUpm
-name
AssetImportWorker3
-projectPath
D:/Khoa/Work/Hidden gem/Hidden gem
-logFile
Logs/AssetImportWorker3.log
-srvPort
52225
-job-worker-count
7
-background-job-worker-count
8
-gc-helper-count
1
Successfully changed project path to: D:/Khoa/Work/Hidden gem/Hidden gem
D:/Khoa/Work/Hidden gem/Hidden gem
[UnityMemory] Configuration Parameters - Can be set up in boot.config
    "memorysetup-bucket-allocator-granularity=16"
    "memorysetup-bucket-allocator-bucket-count=8"
    "memorysetup-bucket-allocator-block-size=33554432"
    "memorysetup-bucket-allocator-block-count=8"
    "memorysetup-main-allocator-block-size=16777216"
    "memorysetup-thread-allocator-block-size=16777216"
    "memorysetup-gfx-main-allocator-block-size=16777216"
    "memorysetup-gfx-thread-allocator-block-size=16777216"
    "memorysetup-cache-allocator-block-size=4194304"
    "memorysetup-typetree-allocator-block-size=2097152"
    "memorysetup-profiler-bucket-allocator-granularity=16"
    "memorysetup-profiler-bucket-allocator-bucket-count=8"
    "memorysetup-profiler-bucket-allocator-block-size=33554432"
    "memorysetup-profiler-bucket-allocator-block-count=8"
    "memorysetup-profiler-allocator-block-size=16777216"
    "memorysetup-profiler-editor-allocator-block-size=1048576"
    "memorysetup-temp-allocator-size-main=16777216"
    "memorysetup-job-temp-allocator-block-size=2097152"
    "memorysetup-job-temp-allocator-block-size-background=1048576"
    "memorysetup-job-temp-allocator-reduction-small-platforms=262144"
    "memorysetup-allocator-temp-initial-block-size-main=262144"
    "memorysetup-allocator-temp-initial-block-size-worker=262144"
    "memorysetup-temp-allocator-size-background-worker=32768"
    "memorysetup-temp-allocator-size-job-worker=262144"
    "memorysetup-temp-allocator-size-preload-manager=33554432"
    "memorysetup-temp-allocator-size-nav-mesh-worker=65536"
    "memorysetup-temp-allocator-size-audio-worker=65536"
    "memorysetup-temp-allocator-size-cloud-worker=32768"
    "memorysetup-temp-allocator-size-gi-baking-worker=262144"
    "memorysetup-temp-allocator-size-gi-baking-worker=262144"
    "memorysetup-temp-allocator-size-gi-baking-worker=262144"
    "memorysetup-temp-allocator-size-gi-baking-worker=262144"
    "memorysetup-temp-allocator-size-gi-baking-worker=262144"
    "memorysetup-temp-allocator-size-gfx=262144"
Player connection [22452]  Target information:

Player connection [22452]  * "[IP] 192.168.1.25 [Port] 0 [Flags] 2 [Guid] 2832056466 [EditorId] 2832056466 [Version] 1048832 [Id] WindowsEditor(7,DESKTOP-74S139L) [Debug] 1 [PackageName] WindowsEditor [ProjectName] Editor" 

Player connection [22452] Host joined multi-casting on [225.0.0.222:54997]...
Player connection [22452] Host joined alternative multi-casting on [225.0.0.222:34997]...
JobSystem: Creating JobQueue using job-worker-count value 7
Input System module state changed to: Initialized.
[Physics::Module] Initialized fallback backend.
[Physics::Module] Id: 0xdecafbad
Library Redirect Path: Library/
[Physics::Module] Selected backend.
[Physics::Module] Name: PhysX
[Physics::Module] Id: 0xf2b8ea05
[Physics::Module] SDK Version: 4.1.2
[Physics::Module] Integration Version: 1.0.0
[Physics::Module] Threading Mode: Multi-Threaded
Refreshing native plugins compatible for Editor in 1.40 ms, found 4 plugins.
Preloading 0 native plugins for Editor in 0.00 ms.
Initialize engine version: 6000.0.45f1 (d91bd3d4e081)
[Subsystems] Discovering subsystems at path C:/Program Files/Unity/Hub/Editor/6000.0.45f1/Editor/Data/Resources/UnitySubsystems
[Subsystems] Discovering subsystems at path D:/Khoa/Work/Hidden gem/Hidden gem/Assets
GfxDevice: creating device client; kGfxThreadingModeNonThreaded
Direct3D:
    Version:  Direct3D 11.0 [level 11.1]
    Renderer: NVIDIA GeForce RTX 3050 Ti Laptop GPU (ID=0x25a0)
    Vendor:   NVIDIA
    VRAM:     3962 MB
    Driver:   32.0.15.7602
Initialize mono
Mono path[0] = 'C:/Program Files/Unity/Hub/Editor/6000.0.45f1/Editor/Data/Managed'
Mono path[1] = 'C:/Program Files/Unity/Hub/Editor/6000.0.45f1/Editor/Data/MonoBleedingEdge/lib/mono/unityjit-win32'
Mono config path = 'C:/Program Files/Unity/Hub/Editor/6000.0.45f1/Editor/Data/MonoBleedingEdge/etc'
Using monoOptions --debugger-agent=transport=dt_socket,embedding=1,server=y,suspend=n,address=127.0.0.1:56140
Begin MonoManager ReloadAssembly
Registering precompiled unity dll's ...
Register platform support module: C:/Program Files/Unity/Hub/Editor/6000.0.45f1/Editor/Data/PlaybackEngines/WebGLSupport/UnityEditor.WebGL.Extensions.dll
Register platform support module: C:/Program Files/Unity/Hub/Editor/6000.0.45f1/Editor/Data/PlaybackEngines/WindowsStandaloneSupport/UnityEditor.WindowsStandalone.Extensions.dll
Registered in 0.002693 seconds.
- Loaded All Assemblies, in  0.448 seconds
Native extension for WindowsStandalone target not found
Native extension for WebGL target not found
Mono: successfully reloaded assembly
- Finished resetting the current domain, in  0.328 seconds
Domain Reload Profiling: 775ms
	BeginReloadAssembly (146ms)
		ExecutionOrderSort (0ms)
		DisableScriptedObjects (0ms)
		BackupInstance (0ms)
		ReleaseScriptingObjects (0ms)
		CreateAndSetChildDomain (1ms)
	RebuildCommonClasses (42ms)
	RebuildNativeTypeToScriptingClass (14ms)
	initialDomainReloadingComplete (54ms)
	LoadAllAssembliesAndSetupDomain (190ms)
		LoadAssemblies (145ms)
		RebuildTransferFunctionScriptingTraits (0ms)
		AnalyzeDomain (187ms)
			TypeCache.Refresh (184ms)
				TypeCache.ScanAssembly (166ms)
			BuildScriptInfoCaches (0ms)
			ResolveRequiredComponents (1ms)
	FinalizeReload (329ms)
		ReleaseScriptCaches (0ms)
		RebuildScriptCaches (0ms)
		SetupLoadedEditorAssemblies (279ms)
			LogAssemblyErrors (0ms)
			InitializePlatformSupportModulesInManaged (26ms)
			SetLoadedEditorAssemblies (5ms)
			BeforeProcessingInitializeOnLoad (60ms)
			ProcessInitializeOnLoadAttributes (144ms)
			ProcessInitializeOnLoadMethodAttributes (44ms)
			AfterProcessingInitializeOnLoad (0ms)
			EditorAssembliesLoaded (0ms)
		ExecutionOrderSort2 (0ms)
		AwakeInstancesAfterBackupRestoration (0ms)
========================================================================
Worker process is ready to serve import requests
Import Worker Mode flag is 0x00
Begin MonoManager ReloadAssembly
- Loaded All Assemblies, in  0.659 seconds
Refreshing native plugins compatible for Editor in 0.92 ms, found 4 plugins.
Native extension for WindowsStandalone target not found
Native extension for WebGL target not found
Mono: successfully reloaded assembly
- Finished resetting the current domain, in  0.707 seconds
Domain Reload Profiling: 1365ms
	BeginReloadAssembly (144ms)
		ExecutionOrderSort (0ms)
		DisableScriptedObjects (5ms)
		BackupInstance (0ms)
		ReleaseScriptingObjects (0ms)
		CreateAndSetChildDomain (27ms)
	RebuildCommonClasses (31ms)
	RebuildNativeTypeToScriptingClass (11ms)
	initialDomainReloadingComplete (35ms)
	LoadAllAssembliesAndSetupDomain (437ms)
		LoadAssemblies (283ms)
		RebuildTransferFunctionScriptingTraits (0ms)
		AnalyzeDomain (238ms)
			TypeCache.Refresh (172ms)
				TypeCache.ScanAssembly (155ms)
			BuildScriptInfoCaches (52ms)
			ResolveRequiredComponents (10ms)
	FinalizeReload (707ms)
		ReleaseScriptCaches (0ms)
		RebuildScriptCaches (0ms)
		SetupLoadedEditorAssemblies (570ms)
			LogAssemblyErrors (0ms)
			InitializePlatformSupportModulesInManaged (3ms)
			SetLoadedEditorAssemblies (3ms)
			BeforeProcessingInitializeOnLoad (93ms)
			ProcessInitializeOnLoadAttributes (359ms)
			ProcessInitializeOnLoadMethodAttributes (107ms)
			AfterProcessingInitializeOnLoad (4ms)
			EditorAssembliesLoaded (0ms)
		ExecutionOrderSort2 (0ms)
		AwakeInstancesAfterBackupRestoration (5ms)
Launched and connected shader compiler UnityShaderCompiler.exe after 0.01 seconds
Refreshing native plugins compatible for Editor in 1.70 ms, found 4 plugins.
Preloading 0 native plugins for Editor in 0.00 ms.
Unloading 206 Unused Serialized files (Serialized files now loaded: 0)
Unloading 6577 unused Assets / (7.1 MB). Loaded Objects now: 7221.
Memory consumption went from 174.3 MB to 167.2 MB.
Total: 16.712100 ms (FindLiveObjects: 1.124600 ms CreateObjectMapping: 1.319500 ms MarkObjects: 7.985100 ms  DeleteObjects: 6.281000 ms)

========================================================================
Received Import Request.
  Time since last request: 1297.447874 seconds.
  path: Assets/Settings/Image/Hidden Gem minigame - Merge game/Union-3.png
  artifactKey: Guid(f0ed34e76004e33478d5faf534ace7dd) Importer(815301076,1909f56bfc062723c751e8b465ee728b)
Start importing Assets/Settings/Image/Hidden Gem minigame - Merge game/Union-3.png using Guid(f0ed34e76004e33478d5faf534ace7dd) Importer(815301076,1909f56bfc062723c751e8b465ee728b) (PreviewImporter) -> (artifact id: 'c9b989d5c8ec64c9c27d1d1ddfa5fc83') in 0.1190258 seconds
Number of updated asset objects reloaded before import = 0Number of asset objects unloaded after import = 3

========================================================================
Received Import Request.
  Time since last request: 0.000025 seconds.
  path: Assets/Settings/Image/Hidden Gem minigame - Merge game/Union-5.png
  artifactKey: Guid(58b807f7826f3ac458d4eae939035125) Importer(815301076,1909f56bfc062723c751e8b465ee728b)
Start importing Assets/Settings/Image/Hidden Gem minigame - Merge game/Union-5.png using Guid(58b807f7826f3ac458d4eae939035125) Importer(815301076,1909f56bfc062723c751e8b465ee728b) (PreviewImporter) -> (artifact id: 'f3da4bd6edaa0666eccfdd7be3b4960d') in 0.0210388 seconds
Number of updated asset objects reloaded before import = 0Number of asset objects unloaded after import = 3

========================================================================
Received Import Request.
  Time since last request: 0.000039 seconds.
  path: Assets/Settings/Image/Hidden Gem minigame - Merge game/zxcvzxcvzsdvzsdvzsdv 22-4.png
  artifactKey: Guid(6b2432e71cf3d0b40b81565b110a08c2) Importer(815301076,1909f56bfc062723c751e8b465ee728b)
Start importing Assets/Settings/Image/Hidden Gem minigame - Merge game/zxcvzxcvzsdvzsdvzsdv 22-4.png using Guid(6b2432e71cf3d0b40b81565b110a08c2) Importer(815301076,1909f56bfc062723c751e8b465ee728b) (PreviewImporter) -> (artifact id: '8ebfe364268e1af710226d3a6073165a') in 0.0263486 seconds
Number of updated asset objects reloaded before import = 0Number of asset objects unloaded after import = 3

========================================================================
Received Import Request.
  Time since last request: 0.000019 seconds.
  path: Assets/Settings/Image/Hidden Gem minigame - Merge game/zxcvzxcvzsdvzsdvzsdv 22-2.png
  artifactKey: Guid(899407957ac3e9c4ba7b43db1d4fae7f) Importer(815301076,1909f56bfc062723c751e8b465ee728b)
Start importing Assets/Settings/Image/Hidden Gem minigame - Merge game/zxcvzxcvzsdvzsdvzsdv 22-2.png using Guid(899407957ac3e9c4ba7b43db1d4fae7f) Importer(815301076,1909f56bfc062723c751e8b465ee728b) (PreviewImporter) -> (artifact id: 'ff3f8efe9f287f68a3ebd35c1e8f3222') in 0.0215013 seconds
Number of updated asset objects reloaded before import = 0Number of asset objects unloaded after import = 3

========================================================================
Received Import Request.
  Time since last request: 0.000016 seconds.
  path: Assets/Settings/Image/Hidden Gem minigame - Merge game/zxcvzxcvzsdvzsdvzsdv 22-6.png
  artifactKey: Guid(56b0ab294bb6e8a4a8cc607d900d7868) Importer(815301076,1909f56bfc062723c751e8b465ee728b)
Start importing Assets/Settings/Image/Hidden Gem minigame - Merge game/zxcvzxcvzsdvzsdvzsdv 22-6.png using Guid(56b0ab294bb6e8a4a8cc607d900d7868) Importer(815301076,1909f56bfc062723c751e8b465ee728b) (PreviewImporter) -> (artifact id: 'ef5de1d3e792df72afce210f30cd0c83') in 0.0189464 seconds
Number of updated asset objects reloaded before import = 0Number of asset objects unloaded after import = 3

========================================================================
Received Import Request.
  Time since last request: 1.137452 seconds.
  path: Assets/Settings/Image/Hidden Gem minigame - Merge game/zxcvzxcvzsdvzsdvzsdv 22-8.png
  artifactKey: Guid(b50fbe802a53d5e47807e401078538d3) Importer(815301076,1909f56bfc062723c751e8b465ee728b)
Start importing Assets/Settings/Image/Hidden Gem minigame - Merge game/zxcvzxcvzsdvzsdvzsdv 22-8.png using Guid(b50fbe802a53d5e47807e401078538d3) Importer(815301076,1909f56bfc062723c751e8b465ee728b) (PreviewImporter) -> (artifact id: 'e492abda1e6df63aeddfb0f387255138') in 0.0215478 seconds
Number of updated asset objects reloaded before import = 0Number of asset objects unloaded after import = 3

========================================================================
Received Import Request.
  Time since last request: 0.000016 seconds.
  path: Assets/Settings/Image/Hidden Gem minigame - Merge game/zxcvzxcvzsdvzsdvzsdv 22-9.png
  artifactKey: Guid(6d577acd49e68f64fbed63a913396333) Importer(815301076,1909f56bfc062723c751e8b465ee728b)
Start importing Assets/Settings/Image/Hidden Gem minigame - Merge game/zxcvzxcvzsdvzsdvzsdv 22-9.png using Guid(6d577acd49e68f64fbed63a913396333) Importer(815301076,1909f56bfc062723c751e8b465ee728b) (PreviewImporter) -> (artifact id: '3995ff308b7fc1b67f786ea3c6dafbe8') in 0.0197354 seconds
Number of updated asset objects reloaded before import = 0Number of asset objects unloaded after import = 3

========================================================================
Received Prepare
Begin MonoManager ReloadAssembly
- Loaded All Assemblies, in  0.753 seconds
Refreshing native plugins compatible for Editor in 1.04 ms, found 4 plugins.
Native extension for WindowsStandalone target not found
Native extension for WebGL target not found
Mono: successfully reloaded assembly
- Finished resetting the current domain, in  0.694 seconds
Domain Reload Profiling: 1450ms
	BeginReloadAssembly (192ms)
		ExecutionOrderSort (0ms)
		DisableScriptedObjects (14ms)
		BackupInstance (0ms)
		ReleaseScriptingObjects (0ms)
		CreateAndSetChildDomain (54ms)
	RebuildCommonClasses (33ms)
	RebuildNativeTypeToScriptingClass (12ms)
	initialDomainReloadingComplete (25ms)
	LoadAllAssembliesAndSetupDomain (493ms)
		LoadAssemblies (324ms)
		RebuildTransferFunctionScriptingTraits (0ms)
		AnalyzeDomain (250ms)
			TypeCache.Refresh (138ms)
				TypeCache.ScanAssembly (123ms)
			BuildScriptInfoCaches (98ms)
			ResolveRequiredComponents (10ms)
	FinalizeReload (694ms)
		ReleaseScriptCaches (0ms)
		RebuildScriptCaches (0ms)
		SetupLoadedEditorAssemblies (492ms)
			LogAssemblyErrors (0ms)
			InitializePlatformSupportModulesInManaged (3ms)
			SetLoadedEditorAssemblies (4ms)
			BeforeProcessingInitializeOnLoad (96ms)
			ProcessInitializeOnLoadAttributes (324ms)
			ProcessInitializeOnLoadMethodAttributes (61ms)
			AfterProcessingInitializeOnLoad (4ms)
			EditorAssembliesLoaded (0ms)
		ExecutionOrderSort2 (0ms)
		AwakeInstancesAfterBackupRestoration (12ms)
Refreshing native plugins compatible for Editor in 2.08 ms, found 4 plugins.
Preloading 0 native plugins for Editor in 0.00 ms.
Unloading 40 Unused Serialized files (Serialized files now loaded: 0)
Unloading 6586 unused Assets / (7.0 MB). Loaded Objects now: 7250.
Memory consumption went from 156.3 MB to 149.4 MB.
Total: 18.681200 ms (FindLiveObjects: 1.050700 ms CreateObjectMapping: 1.356200 ms MarkObjects: 8.915400 ms  DeleteObjects: 7.356000 ms)

Prepare: number of updated asset objects reloaded= 0
========================================================================
Received Prepare
Begin MonoManager ReloadAssembly
- Loaded All Assemblies, in  0.907 seconds
Refreshing native plugins compatible for Editor in 2.02 ms, found 4 plugins.
Native extension for WindowsStandalone target not found
Native extension for WebGL target not found
Mono: successfully reloaded assembly
- Finished resetting the current domain, in  0.812 seconds
Domain Reload Profiling: 1720ms
	BeginReloadAssembly (240ms)
		ExecutionOrderSort (0ms)
		DisableScriptedObjects (16ms)
		BackupInstance (0ms)
		ReleaseScriptingObjects (0ms)
		CreateAndSetChildDomain (61ms)
	RebuildCommonClasses (48ms)
	RebuildNativeTypeToScriptingClass (18ms)
	initialDomainReloadingComplete (35ms)
	LoadAllAssembliesAndSetupDomain (567ms)
		LoadAssemblies (397ms)
		RebuildTransferFunctionScriptingTraits (0ms)
		AnalyzeDomain (289ms)
			TypeCache.Refresh (158ms)
				TypeCache.ScanAssembly (141ms)
			BuildScriptInfoCaches (116ms)
			ResolveRequiredComponents (11ms)
	FinalizeReload (812ms)
		ReleaseScriptCaches (0ms)
		RebuildScriptCaches (0ms)
		SetupLoadedEditorAssemblies (566ms)
			LogAssemblyErrors (0ms)
			InitializePlatformSupportModulesInManaged (4ms)
			SetLoadedEditorAssemblies (4ms)
			BeforeProcessingInitializeOnLoad (118ms)
			ProcessInitializeOnLoadAttributes (376ms)
			ProcessInitializeOnLoadMethodAttributes (61ms)
			AfterProcessingInitializeOnLoad (4ms)
			EditorAssembliesLoaded (0ms)
		ExecutionOrderSort2 (0ms)
		AwakeInstancesAfterBackupRestoration (11ms)
Refreshing native plugins compatible for Editor in 2.48 ms, found 4 plugins.
Preloading 0 native plugins for Editor in 0.00 ms.
Unloading 40 Unused Serialized files (Serialized files now loaded: 0)
Unloading 6586 unused Assets / (7.0 MB). Loaded Objects now: 7252.
Memory consumption went from 158.2 MB to 151.2 MB.
Total: 17.910500 ms (FindLiveObjects: 1.148700 ms CreateObjectMapping: 1.377400 ms MarkObjects: 8.314200 ms  DeleteObjects: 7.061400 ms)

Prepare: number of updated asset objects reloaded= 0
========================================================================
Received Prepare
Refreshing native plugins compatible for Editor in 1.97 ms, found 4 plugins.
Preloading 0 native plugins for Editor in 0.00 ms.
Unloading 40 Unused Serialized files (Serialized files now loaded: 0)
Unloading 6574 unused Assets / (7.0 MB). Loaded Objects now: 7251.
Memory consumption went from 158.4 MB to 151.4 MB.
Total: 20.937200 ms (FindLiveObjects: 1.374700 ms CreateObjectMapping: 1.435300 ms MarkObjects: 9.711000 ms  DeleteObjects: 8.413700 ms)

Prepare: number of updated asset objects reloaded= 0
========================================================================
Received Prepare
Begin MonoManager ReloadAssembly
- Loaded All Assemblies, in  0.713 seconds
Refreshing native plugins compatible for Editor in 1.05 ms, found 4 plugins.
Native extension for WindowsStandalone target not found
Native extension for WebGL target not found
Mono: successfully reloaded assembly
- Finished resetting the current domain, in  0.627 seconds
Domain Reload Profiling: 1343ms
	BeginReloadAssembly (183ms)
		ExecutionOrderSort (0ms)
		DisableScriptedObjects (13ms)
		BackupInstance (0ms)
		ReleaseScriptingObjects (0ms)
		CreateAndSetChildDomain (50ms)
	RebuildCommonClasses (34ms)
	RebuildNativeTypeToScriptingClass (12ms)
	initialDomainReloadingComplete (26ms)
	LoadAllAssembliesAndSetupDomain (461ms)
		LoadAssemblies (306ms)
		RebuildTransferFunctionScriptingTraits (0ms)
		AnalyzeDomain (235ms)
			TypeCache.Refresh (116ms)
				TypeCache.ScanAssembly (101ms)
			BuildScriptInfoCaches (104ms)
			ResolveRequiredComponents (11ms)
	FinalizeReload (627ms)
		ReleaseScriptCaches (0ms)
		RebuildScriptCaches (0ms)
		SetupLoadedEditorAssemblies (449ms)
			LogAssemblyErrors (0ms)
			InitializePlatformSupportModulesInManaged (3ms)
			SetLoadedEditorAssemblies (3ms)
			BeforeProcessingInitializeOnLoad (91ms)
			ProcessInitializeOnLoadAttributes (288ms)
			ProcessInitializeOnLoadMethodAttributes (60ms)
			AfterProcessingInitializeOnLoad (4ms)
			EditorAssembliesLoaded (0ms)
		ExecutionOrderSort2 (0ms)
		AwakeInstancesAfterBackupRestoration (10ms)
Refreshing native plugins compatible for Editor in 2.10 ms, found 4 plugins.
Preloading 0 native plugins for Editor in 0.00 ms.
Unloading 40 Unused Serialized files (Serialized files now loaded: 0)
Unloading 6585 unused Assets / (6.8 MB). Loaded Objects now: 7253.
Memory consumption went from 158.2 MB to 151.4 MB.
Total: 16.959100 ms (FindLiveObjects: 1.082300 ms CreateObjectMapping: 1.260800 ms MarkObjects: 7.806400 ms  DeleteObjects: 6.807700 ms)

Prepare: number of updated asset objects reloaded= 0
========================================================================
Received Prepare
Refreshing native plugins compatible for Editor in 2.10 ms, found 4 plugins.
Preloading 0 native plugins for Editor in 0.00 ms.
Unloading 40 Unused Serialized files (Serialized files now loaded: 0)
Unloading 6574 unused Assets / (7.0 MB). Loaded Objects now: 7253.
Memory consumption went from 158.4 MB to 151.3 MB.
Total: 20.903500 ms (FindLiveObjects: 1.211500 ms CreateObjectMapping: 1.420800 ms MarkObjects: 10.261300 ms  DeleteObjects: 8.007700 ms)

Prepare: number of updated asset objects reloaded= 0
========================================================================
Received Prepare
Begin MonoManager ReloadAssembly
- Loaded All Assemblies, in  0.698 seconds
Refreshing native plugins compatible for Editor in 1.01 ms, found 4 plugins.
Native extension for WindowsStandalone target not found
Native extension for WebGL target not found
Mono: successfully reloaded assembly
- Finished resetting the current domain, in  0.684 seconds
Domain Reload Profiling: 1385ms
	BeginReloadAssembly (198ms)
		ExecutionOrderSort (0ms)
		DisableScriptedObjects (15ms)
		BackupInstance (0ms)
		ReleaseScriptingObjects (0ms)
		CreateAndSetChildDomain (55ms)
	RebuildCommonClasses (46ms)
	RebuildNativeTypeToScriptingClass (12ms)
	initialDomainReloadingComplete (24ms)
	LoadAllAssembliesAndSetupDomain (421ms)
		LoadAssemblies (310ms)
		RebuildTransferFunctionScriptingTraits (0ms)
		AnalyzeDomain (196ms)
			TypeCache.Refresh (12ms)
				TypeCache.ScanAssembly (0ms)
			BuildScriptInfoCaches (170ms)
			ResolveRequiredComponents (10ms)
	FinalizeReload (684ms)
		ReleaseScriptCaches (0ms)
		RebuildScriptCaches (0ms)
		SetupLoadedEditorAssemblies (491ms)
			LogAssemblyErrors (0ms)
			InitializePlatformSupportModulesInManaged (3ms)
			SetLoadedEditorAssemblies (3ms)
			BeforeProcessingInitializeOnLoad (99ms)
			ProcessInitializeOnLoadAttributes (326ms)
			ProcessInitializeOnLoadMethodAttributes (56ms)
			AfterProcessingInitializeOnLoad (4ms)
			EditorAssembliesLoaded (0ms)
		ExecutionOrderSort2 (0ms)
		AwakeInstancesAfterBackupRestoration (11ms)
Refreshing native plugins compatible for Editor in 2.25 ms, found 4 plugins.
Preloading 0 native plugins for Editor in 0.00 ms.
Unloading 40 Unused Serialized files (Serialized files now loaded: 0)
Unloading 6585 unused Assets / (7.2 MB). Loaded Objects now: 7255.
Memory consumption went from 158.2 MB to 151.0 MB.
Total: 19.515100 ms (FindLiveObjects: 1.075400 ms CreateObjectMapping: 1.245300 ms MarkObjects: 8.427200 ms  DeleteObjects: 8.765800 ms)

Prepare: number of updated asset objects reloaded= 0
========================================================================
Received Prepare
Refreshing native plugins compatible for Editor in 1.60 ms, found 4 plugins.
Preloading 0 native plugins for Editor in 0.00 ms.
Unloading 40 Unused Serialized files (Serialized files now loaded: 0)
Unloading 6575 unused Assets / (7.0 MB). Loaded Objects now: 7256.
Memory consumption went from 158.4 MB to 151.4 MB.
Total: 21.101800 ms (FindLiveObjects: 2.265100 ms CreateObjectMapping: 1.712500 ms MarkObjects: 9.915300 ms  DeleteObjects: 7.206700 ms)

Prepare: number of updated asset objects reloaded= 0
========================================================================
Received Prepare
Begin MonoManager ReloadAssembly
- Loaded All Assemblies, in  0.653 seconds
Refreshing native plugins compatible for Editor in 0.87 ms, found 4 plugins.
Native extension for WindowsStandalone target not found
Native extension for WebGL target not found
Mono: successfully reloaded assembly
- Finished resetting the current domain, in  0.627 seconds
Domain Reload Profiling: 1283ms
	BeginReloadAssembly (180ms)
		ExecutionOrderSort (0ms)
		DisableScriptedObjects (13ms)
		BackupInstance (0ms)
		ReleaseScriptingObjects (0ms)
		CreateAndSetChildDomain (49ms)
	RebuildCommonClasses (35ms)
	RebuildNativeTypeToScriptingClass (12ms)
	initialDomainReloadingComplete (24ms)
	LoadAllAssembliesAndSetupDomain (404ms)
		LoadAssemblies (304ms)
		RebuildTransferFunctionScriptingTraits (0ms)
		AnalyzeDomain (179ms)
			TypeCache.Refresh (10ms)
				TypeCache.ScanAssembly (0ms)
			BuildScriptInfoCaches (155ms)
			ResolveRequiredComponents (10ms)
	FinalizeReload (628ms)
		ReleaseScriptCaches (0ms)
		RebuildScriptCaches (0ms)
		SetupLoadedEditorAssemblies (447ms)
			LogAssemblyErrors (0ms)
			InitializePlatformSupportModulesInManaged (3ms)
			SetLoadedEditorAssemblies (3ms)
			BeforeProcessingInitializeOnLoad (94ms)
			ProcessInitializeOnLoadAttributes (291ms)
			ProcessInitializeOnLoadMethodAttributes (52ms)
			AfterProcessingInitializeOnLoad (4ms)
			EditorAssembliesLoaded (0ms)
		ExecutionOrderSort2 (0ms)
		AwakeInstancesAfterBackupRestoration (14ms)
Refreshing native plugins compatible for Editor in 1.93 ms, found 4 plugins.
Preloading 0 native plugins for Editor in 0.00 ms.
Unloading 40 Unused Serialized files (Serialized files now loaded: 0)
Unloading 6586 unused Assets / (7.1 MB). Loaded Objects now: 7258.
Memory consumption went from 158.2 MB to 151.1 MB.
Total: 17.764200 ms (FindLiveObjects: 1.154000 ms CreateObjectMapping: 1.351100 ms MarkObjects: 7.962200 ms  DeleteObjects: 7.295500 ms)

Prepare: number of updated asset objects reloaded= 0
========================================================================
Received Prepare
Refreshing native plugins compatible for Editor in 2.12 ms, found 4 plugins.
Preloading 0 native plugins for Editor in 0.00 ms.
Unloading 40 Unused Serialized files (Serialized files now loaded: 0)
Unloading 6576 unused Assets / (7.2 MB). Loaded Objects now: 7259.
Memory consumption went from 158.3 MB to 151.1 MB.
Total: 19.022700 ms (FindLiveObjects: 1.434000 ms CreateObjectMapping: 1.727500 ms MarkObjects: 8.389900 ms  DeleteObjects: 7.469600 ms)

Prepare: number of updated asset objects reloaded= 0
========================================================================
Received Prepare
Begin MonoManager ReloadAssembly
- Loaded All Assemblies, in  0.685 seconds
Refreshing native plugins compatible for Editor in 0.92 ms, found 4 plugins.
Native extension for WindowsStandalone target not found
Native extension for WebGL target not found
Mono: successfully reloaded assembly
- Finished resetting the current domain, in  0.693 seconds
Domain Reload Profiling: 1381ms
	BeginReloadAssembly (186ms)
		ExecutionOrderSort (0ms)
		DisableScriptedObjects (12ms)
		BackupInstance (0ms)
		ReleaseScriptingObjects (0ms)
		CreateAndSetChildDomain (49ms)
	RebuildCommonClasses (33ms)
	RebuildNativeTypeToScriptingClass (11ms)
	initialDomainReloadingComplete (26ms)
	LoadAllAssembliesAndSetupDomain (432ms)
		LoadAssemblies (311ms)
		RebuildTransferFunctionScriptingTraits (0ms)
		AnalyzeDomain (204ms)
			TypeCache.Refresh (10ms)
				TypeCache.ScanAssembly (0ms)
			BuildScriptInfoCaches (179ms)
			ResolveRequiredComponents (10ms)
	FinalizeReload (694ms)
		ReleaseScriptCaches (0ms)
		RebuildScriptCaches (0ms)
		SetupLoadedEditorAssemblies (482ms)
			LogAssemblyErrors (0ms)
			InitializePlatformSupportModulesInManaged (3ms)
			SetLoadedEditorAssemblies (4ms)
			BeforeProcessingInitializeOnLoad (102ms)
			ProcessInitializeOnLoadAttributes (315ms)
			ProcessInitializeOnLoadMethodAttributes (54ms)
			AfterProcessingInitializeOnLoad (4ms)
			EditorAssembliesLoaded (0ms)
		ExecutionOrderSort2 (0ms)
		AwakeInstancesAfterBackupRestoration (14ms)
Refreshing native plugins compatible for Editor in 2.09 ms, found 4 plugins.
Preloading 0 native plugins for Editor in 0.00 ms.
Unloading 40 Unused Serialized files (Serialized files now loaded: 0)
Unloading 6587 unused Assets / (7.7 MB). Loaded Objects now: 7261.
Memory consumption went from 158.3 MB to 150.6 MB.
Total: 26.432700 ms (FindLiveObjects: 1.737900 ms CreateObjectMapping: 2.096700 ms MarkObjects: 9.369500 ms  DeleteObjects: 13.227000 ms)

Prepare: number of updated asset objects reloaded= 0
========================================================================
Received Import Request.
  Time since last request: 1536.050442 seconds.
  path: Assets/InputSystem_Actions.inputactions
  artifactKey: Guid(2bcd2660ca9b64942af0de543d8d7100) Importer(2089858483,192608db42251d675da83286b1cce702)
Start importing Assets/InputSystem_Actions.inputactions using Guid(2bcd2660ca9b64942af0de543d8d7100) Importer(2089858483,192608db42251d675da83286b1cce702) (ScriptedImporter) -> (artifact id: '9ff33d14a61a8fd0b11df3cbc6e2b008') in 0.3933171 seconds
Number of updated asset objects reloaded before import = 0Number of asset objects unloaded after import = 21

========================================================================
Received Import Request.
  Time since last request: 0.000040 seconds.
  path: Assets/Settings/Hidden Gem image/Ingame-12.png
  artifactKey: Guid(aeb6759fb4b7d5f41831e33d47d64cf7) Importer(2089858483,192608db42251d675da83286b1cce702)
Start importing Assets/Settings/Hidden Gem image/Ingame-12.png using Guid(aeb6759fb4b7d5f41831e33d47d64cf7) Importer(2089858483,192608db42251d675da83286b1cce702) (ScriptedImporter) -> (artifact id: '23b107c5b376d464984a4859b0447751') in 0.0801195 seconds
Number of updated asset objects reloaded before import = 0Number of asset objects unloaded after import = 3

========================================================================
Received Import Request.
  Time since last request: 0.000029 seconds.
  path: Assets/Settings/Hidden Gem image/Frame 15-1.png
  artifactKey: Guid(c6f943ca7f7269c4e96d896482e07895) Importer(2089858483,192608db42251d675da83286b1cce702)
Start importing Assets/Settings/Hidden Gem image/Frame 15-1.png using Guid(c6f943ca7f7269c4e96d896482e07895) Importer(2089858483,192608db42251d675da83286b1cce702) (ScriptedImporter) -> (artifact id: '26275635fadc16f643c185a97c613a58') in 0.0300753 seconds
Number of updated asset objects reloaded before import = 0Number of asset objects unloaded after import = 4

========================================================================
Received Import Request.
  Time since last request: 0.000031 seconds.
  path: Assets/Settings/UniversalRP.asset
  artifactKey: Guid(681886c5eb7344803b6206f758bf0b1c) Importer(2089858483,192608db42251d675da83286b1cce702)
Start importing Assets/Settings/UniversalRP.asset using Guid(681886c5eb7344803b6206f758bf0b1c) Importer(2089858483,192608db42251d675da83286b1cce702) (ScriptedImporter) -> (artifact id: 'd8f58b5d1040cc4398df7fa705b60a28') in 0.0522938 seconds
Number of updated asset objects reloaded before import = 0Number of asset objects unloaded after import = 1

========================================================================
Received Import Request.
  Time since last request: 0.000021 seconds.
  path: Assets/Settings/Hidden Gem image/Ui Merge Game_Ingame 1-1.png
  artifactKey: Guid(32dec4f3fbcbdb64f9e8e6994435a9f6) Importer(2089858483,192608db42251d675da83286b1cce702)
Start importing Assets/Settings/Hidden Gem image/Ui Merge Game_Ingame 1-1.png using Guid(32dec4f3fbcbdb64f9e8e6994435a9f6) Importer(2089858483,192608db42251d675da83286b1cce702) (ScriptedImporter) -> (artifact id: 'f17694cf26421a70c20ad09d5655e37e') in 0.0274643 seconds
Number of updated asset objects reloaded before import = 0Number of asset objects unloaded after import = 3

========================================================================
Received Import Request.
  Time since last request: 0.000033 seconds.
  path: Assets/Plugins/Demigiant/DOTween/Editor/DOTweenEditor.dll.mdb
  artifactKey: Guid(8f46310a8b0a8f04a92993c37c713243) Importer(2089858483,192608db42251d675da83286b1cce702)
Start importing Assets/Plugins/Demigiant/DOTween/Editor/DOTweenEditor.dll.mdb using Guid(8f46310a8b0a8f04a92993c37c713243) Importer(2089858483,192608db42251d675da83286b1cce702) (ScriptedImporter) -> (artifact id: '94ea8e5d5469cc8d38daf7b8f4404058') in 0.0149509 seconds
Number of updated asset objects reloaded before import = 0Number of asset objects unloaded after import = 1

========================================================================
Received Import Request.
  Time since last request: 0.000020 seconds.
  path: Assets/Settings/Hidden Gem image/Grozxczxcup 34 3-5.png
  artifactKey: Guid(bfba0ba1eec907c4cb8a3c35a3f80193) Importer(2089858483,192608db42251d675da83286b1cce702)
Start importing Assets/Settings/Hidden Gem image/Grozxczxcup 34 3-5.png using Guid(bfba0ba1eec907c4cb8a3c35a3f80193) Importer(2089858483,192608db42251d675da83286b1cce702) (ScriptedImporter) -> (artifact id: '34634750b6bc5f426bca266dc8992e5c') in 0.021879 seconds
Number of updated asset objects reloaded before import = 0Number of asset objects unloaded after import = 3

========================================================================
Received Import Request.
  Time since last request: 0.000063 seconds.
  path: Assets/Scripts/New Sprite Library Asset.spriteLib
  artifactKey: Guid(e9b6393ac2c930c4eb795ab98748f7ef) Importer(2089858483,192608db42251d675da83286b1cce702)
Start importing Assets/Scripts/New Sprite Library Asset.spriteLib using Guid(e9b6393ac2c930c4eb795ab98748f7ef) Importer(2089858483,192608db42251d675da83286b1cce702) (ScriptedImporter) -> (artifact id: '98f84259affd6e37c94921c218ec5215') in 0.0185867 seconds
Number of updated asset objects reloaded before import = 0Number of asset objects unloaded after import = 1

========================================================================
Received Import Request.
  Time since last request: 0.000033 seconds.
  path: Assets/Settings/Hidden Gem image/Ingame-7.png
  artifactKey: Guid(fa32d6ccbd58a444dbfcf9fb6c04379f) Importer(2089858483,192608db42251d675da83286b1cce702)
Start importing Assets/Settings/Hidden Gem image/Ingame-7.png using Guid(fa32d6ccbd58a444dbfcf9fb6c04379f) Importer(2089858483,192608db42251d675da83286b1cce702) (ScriptedImporter) -> (artifact id: '7e8186018371c1a5281f1b8bd27c4d41') in 0.0280293 seconds
Number of updated asset objects reloaded before import = 0Number of asset objects unloaded after import = 3

========================================================================
Received Import Request.
  Time since last request: 0.000018 seconds.
  path: Assets/Plugins/Demigiant/DOTween/Editor/Imgs/DOTweenMiniIcon.png
  artifactKey: Guid(61521df2e071645488ba3d05e49289ae) Importer(2089858483,192608db42251d675da83286b1cce702)
Start importing Assets/Plugins/Demigiant/DOTween/Editor/Imgs/DOTweenMiniIcon.png using Guid(61521df2e071645488ba3d05e49289ae) Importer(2089858483,192608db42251d675da83286b1cce702) (ScriptedImporter) -> (artifact id: 'd8e95aa70faf09cd1cfd2b2c9988d3e2') in 0.0173798 seconds
Number of updated asset objects reloaded before import = 0Number of asset objects unloaded after import = 1

========================================================================
Received Import Request.
  Time since last request: 0.000020 seconds.
  path: Assets/Settings/Hidden Gem image/Grozxczxcup 34 3-6.png
  artifactKey: Guid(5a7fb4192a478204dbb63336b45a8986) Importer(2089858483,192608db42251d675da83286b1cce702)
Start importing Assets/Settings/Hidden Gem image/Grozxczxcup 34 3-6.png using Guid(5a7fb4192a478204dbb63336b45a8986) Importer(2089858483,192608db42251d675da83286b1cce702) (ScriptedImporter) -> (artifact id: 'ee040102b00938c7054e809bd898a700') in 0.0225723 seconds
Number of updated asset objects reloaded before import = 0Number of asset objects unloaded after import = 3

========================================================================
Received Import Request.
  Time since last request: 0.000015 seconds.
  path: Assets/Plugins/Demigiant/DOTween/DOTween.dll.mdb
  artifactKey: Guid(4f007001a22b3d24dae350342c4d19c8) Importer(2089858483,192608db42251d675da83286b1cce702)
Start importing Assets/Plugins/Demigiant/DOTween/DOTween.dll.mdb using Guid(4f007001a22b3d24dae350342c4d19c8) Importer(2089858483,192608db42251d675da83286b1cce702) (ScriptedImporter) -> (artifact id: 'eca852fbd1d470244134ca71c7e81cb4') in 0.0145689 seconds
Number of updated asset objects reloaded before import = 0Number of asset objects unloaded after import = 1

========================================================================
Received Import Request.
  Time since last request: 0.000024 seconds.
  path: Assets/Settings/Hidden Gem image/Group 6288-6.png
  artifactKey: Guid(95cdee80317f83443b05b5886d9bb069) Importer(2089858483,192608db42251d675da83286b1cce702)
Start importing Assets/Settings/Hidden Gem image/Group 6288-6.png using Guid(95cdee80317f83443b05b5886d9bb069) Importer(2089858483,192608db42251d675da83286b1cce702) (ScriptedImporter) -> (artifact id: '066b3a52d5ec84e801e5011fe7cc9215') in 0.0260474 seconds
Number of updated asset objects reloaded before import = 0Number of asset objects unloaded after import = 3

========================================================================
Received Import Request.
  Time since last request: 0.000022 seconds.
  path: Assets/Settings/Hidden Gem image/Group 6288-10.png
  artifactKey: Guid(63fa19ee56c5d79459614caaa6baaa11) Importer(2089858483,192608db42251d675da83286b1cce702)
Start importing Assets/Settings/Hidden Gem image/Group 6288-10.png using Guid(63fa19ee56c5d79459614caaa6baaa11) Importer(2089858483,192608db42251d675da83286b1cce702) (ScriptedImporter) -> (artifact id: '3373e0816ae53fb25a09d66208978f03') in 0.0243648 seconds
Number of updated asset objects reloaded before import = 0Number of asset objects unloaded after import = 3

========================================================================
Received Import Request.
  Time since last request: 0.000023 seconds.
  path: Assets/Settings/Hidden Gem image/Ingame-1.png
  artifactKey: Guid(f0bee7293e8007143bf584ddfc94c12d) Importer(2089858483,192608db42251d675da83286b1cce702)
Start importing Assets/Settings/Hidden Gem image/Ingame-1.png using Guid(f0bee7293e8007143bf584ddfc94c12d) Importer(2089858483,192608db42251d675da83286b1cce702) (ScriptedImporter) -> (artifact id: '6ba4a3f0f6c9d7eac164fbaba09657b8') in 0.0325803 seconds
Number of updated asset objects reloaded before import = 0Number of asset objects unloaded after import = 3

========================================================================
Received Import Request.
  Time since last request: 0.000020 seconds.
  path: Assets/Scripts/item.cs
  artifactKey: Guid(6bdd79c97a8f21145b3c225baf235669) Importer(2089858483,192608db42251d675da83286b1cce702)
Start importing Assets/Scripts/item.cs using Guid(6bdd79c97a8f21145b3c225baf235669) Importer(2089858483,192608db42251d675da83286b1cce702) (ScriptedImporter) -> (artifact id: '313d12305269abb69b15747a7540fc27') in 0.0135063 seconds
Number of updated asset objects reloaded before import = 0Number of asset objects unloaded after import = 0

========================================================================
Received Import Request.
  Time since last request: 0.000017 seconds.
  path: Assets/Settings/Hidden Gem image/Union-5.png
  artifactKey: Guid(58b807f7826f3ac458d4eae939035125) Importer(2089858483,192608db42251d675da83286b1cce702)
Start importing Assets/Settings/Hidden Gem image/Union-5.png using Guid(58b807f7826f3ac458d4eae939035125) Importer(2089858483,192608db42251d675da83286b1cce702) (ScriptedImporter) -> (artifact id: '97b78dca082377d3cedb61a7f6503fc9') in 0.0200225 seconds
Number of updated asset objects reloaded before import = 0Number of asset objects unloaded after import = 3

========================================================================
Received Import Request.
  Time since last request: 0.000020 seconds.
  path: Assets/Settings/Hidden Gem image/zxcvzxcvzsdvzsdvzsdv 22-7.png
  artifactKey: Guid(98c8a800a8959a14b82b73331f67b65f) Importer(2089858483,192608db42251d675da83286b1cce702)
Start importing Assets/Settings/Hidden Gem image/zxcvzxcvzsdvzsdvzsdv 22-7.png using Guid(98c8a800a8959a14b82b73331f67b65f) Importer(2089858483,192608db42251d675da83286b1cce702) (ScriptedImporter) -> (artifact id: '3a8fa914047abf5a308d83519f0d91b4') in 0.0257644 seconds
Number of updated asset objects reloaded before import = 0Number of asset objects unloaded after import = 3

========================================================================
Received Import Request.
  Time since last request: 0.000024 seconds.
  path: Assets/Plugins/Demigiant/DOTween/Modules/DOTweenModuleUI.cs
  artifactKey: Guid(a060394c03331a64392db53a10e7f2d1) Importer(2089858483,192608db42251d675da83286b1cce702)
Start importing Assets/Plugins/Demigiant/DOTween/Modules/DOTweenModuleUI.cs using Guid(a060394c03331a64392db53a10e7f2d1) Importer(2089858483,192608db42251d675da83286b1cce702) (ScriptedImporter) -> (artifact id: '3b3dc056aa40aecdc9e69992f73c011d') in 0.0145736 seconds
Number of updated asset objects reloaded before import = 0Number of asset objects unloaded after import = 0

========================================================================
Received Import Request.
  Time since last request: 0.000024 seconds.
  path: Assets/Settings/Hidden Gem image/zxcvzxcvzsdvzsdvzsdv 22-9.png
  artifactKey: Guid(6d577acd49e68f64fbed63a913396333) Importer(2089858483,192608db42251d675da83286b1cce702)
Start importing Assets/Settings/Hidden Gem image/zxcvzxcvzsdvzsdvzsdv 22-9.png using Guid(6d577acd49e68f64fbed63a913396333) Importer(2089858483,192608db42251d675da83286b1cce702) (ScriptedImporter) -> (artifact id: 'df2204d32a63d8e8bb0c1c479d4148ed') in 0.0219992 seconds
Number of updated asset objects reloaded before import = 0Number of asset objects unloaded after import = 3

========================================================================
Received Import Request.
  Time since last request: 0.000029 seconds.
  path: Assets/Settings/Hidden Gem image/Grozxczxcup 34 3-8.png
  artifactKey: Guid(b5ac6952388c25447a65ed36e6ee088c) Importer(2089858483,192608db42251d675da83286b1cce702)
Start importing Assets/Settings/Hidden Gem image/Grozxczxcup 34 3-8.png using Guid(b5ac6952388c25447a65ed36e6ee088c) Importer(2089858483,192608db42251d675da83286b1cce702) (ScriptedImporter) -> (artifact id: '41577dc5fba19e3e0a86e62b9db732d3') in 0.028032 seconds
Number of updated asset objects reloaded before import = 0Number of asset objects unloaded after import = 3

========================================================================
Received Import Request.
  Time since last request: 0.000020 seconds.
  path: Assets/Settings/Hidden Gem image/Ingame-11.png
  artifactKey: Guid(e5dbf2f0e21649e46b476b57dde06dd6) Importer(2089858483,192608db42251d675da83286b1cce702)
Start importing Assets/Settings/Hidden Gem image/Ingame-11.png using Guid(e5dbf2f0e21649e46b476b57dde06dd6) Importer(2089858483,192608db42251d675da83286b1cce702) (ScriptedImporter) -> (artifact id: 'e316844d1c0402883d84a33a811768f5') in 0.0260796 seconds
Number of updated asset objects reloaded before import = 0Number of asset objects unloaded after import = 3

========================================================================
Received Import Request.
  Time since last request: 0.000021 seconds.
  path: Assets/Plugins/Demigiant/DOTween/Modules/DOTweenModuleUtils.cs
  artifactKey: Guid(7bcaf917d9cf5b84090421a5a2abe42e) Importer(2089858483,192608db42251d675da83286b1cce702)
Start importing Assets/Plugins/Demigiant/DOTween/Modules/DOTweenModuleUtils.cs using Guid(7bcaf917d9cf5b84090421a5a2abe42e) Importer(2089858483,192608db42251d675da83286b1cce702) (ScriptedImporter) -> (artifact id: '95acb84a6b9f395a2b8608de9d7904cc') in 0.015405 seconds
Number of updated asset objects reloaded before import = 0Number of asset objects unloaded after import = 0

========================================================================
Received Import Request.
  Time since last request: 0.000020 seconds.
  path: Assets/Plugins/Demigiant/DOTween/Modules/DOTweenModulePhysics2D.cs
  artifactKey: Guid(230fe34542e175245ba74b4659dae700) Importer(2089858483,192608db42251d675da83286b1cce702)
Start importing Assets/Plugins/Demigiant/DOTween/Modules/DOTweenModulePhysics2D.cs using Guid(230fe34542e175245ba74b4659dae700) Importer(2089858483,192608db42251d675da83286b1cce702) (ScriptedImporter) -> (artifact id: '6f4ea1fdb8a0ae6e258f27542f5aad0f') in 0.0160847 seconds
Number of updated asset objects reloaded before import = 0Number of asset objects unloaded after import = 0

========================================================================
Received Import Request.
  Time since last request: 0.000022 seconds.
  path: Assets/Settings/Hidden Gem image/Grozxczxcup 34 3-1.png
  artifactKey: Guid(6d5a27caef9cbc146ba45f20e56b8c87) Importer(2089858483,192608db42251d675da83286b1cce702)
Start importing Assets/Settings/Hidden Gem image/Grozxczxcup 34 3-1.png using Guid(6d5a27caef9cbc146ba45f20e56b8c87) Importer(2089858483,192608db42251d675da83286b1cce702) (ScriptedImporter) -> (artifact id: 'd8f3c8402f48a0dd793bc5e117c7fbe4') in 0.0192957 seconds
Number of updated asset objects reloaded before import = 0Number of asset objects unloaded after import = 3

========================================================================
Received Import Request.
  Time since last request: 0.000020 seconds.
  path: Assets/Plugins/Demigiant/DOTween/DOTween.dll
  artifactKey: Guid(a811bde74b26b53498b4f6d872b09b6d) Importer(2089858483,192608db42251d675da83286b1cce702)
Start importing Assets/Plugins/Demigiant/DOTween/DOTween.dll using Guid(a811bde74b26b53498b4f6d872b09b6d) Importer(2089858483,192608db42251d675da83286b1cce702) (ScriptedImporter) -> (artifact id: '6f7286a3bea5ff733354b9d39fa13107') in 0.0197391 seconds
Number of updated asset objects reloaded before import = 0Number of asset objects unloaded after import = 0

========================================================================
Received Import Request.
  Time since last request: 0.000023 seconds.
  path: Assets/Settings/Hidden Gem image/Ingame-9.png
  artifactKey: Guid(7408f7cd820d47e47b9111c8320f3c63) Importer(2089858483,192608db42251d675da83286b1cce702)
Start importing Assets/Settings/Hidden Gem image/Ingame-9.png using Guid(7408f7cd820d47e47b9111c8320f3c63) Importer(2089858483,192608db42251d675da83286b1cce702) (ScriptedImporter) -> (artifact id: 'b2ad69f3385f5aec66376ea2217acd3d') in 0.0265982 seconds
Number of updated asset objects reloaded before import = 0Number of asset objects unloaded after import = 3

========================================================================
Received Import Request.
  Time since last request: 0.000027 seconds.
  path: Assets/Settings/Hidden Gem image/Group 6288.png
  artifactKey: Guid(68ee07b95e66f5341bc02e4153c81762) Importer(2089858483,192608db42251d675da83286b1cce702)
Start importing Assets/Settings/Hidden Gem image/Group 6288.png using Guid(68ee07b95e66f5341bc02e4153c81762) Importer(2089858483,192608db42251d675da83286b1cce702) (ScriptedImporter) -> (artifact id: '49666463c395f97e4c2670e5dd299e63') in 0.0210875 seconds
Number of updated asset objects reloaded before import = 0Number of asset objects unloaded after import = 3

========================================================================
Received Import Request.
  Time since last request: 0.000033 seconds.
  path: Assets/Settings/Hidden Gem image/Group 6288-5.png
  artifactKey: Guid(8a2a48fa1f0892346b2f3f302eb378a2) Importer(2089858483,192608db42251d675da83286b1cce702)
Start importing Assets/Settings/Hidden Gem image/Group 6288-5.png using Guid(8a2a48fa1f0892346b2f3f302eb378a2) Importer(2089858483,192608db42251d675da83286b1cce702) (ScriptedImporter) -> (artifact id: '10f6971ba3f3154e4887c3d7161d2caa') in 0.0192325 seconds
Number of updated asset objects reloaded before import = 0Number of asset objects unloaded after import = 3

========================================================================
Received Import Request.
  Time since last request: 0.000017 seconds.
  path: Assets/Settings/Hidden Gem image/Grozxczxcup 34 3-9.png
  artifactKey: Guid(cc470f46a45edbc41baac5ae56751364) Importer(2089858483,192608db42251d675da83286b1cce702)
Start importing Assets/Settings/Hidden Gem image/Grozxczxcup 34 3-9.png using Guid(cc470f46a45edbc41baac5ae56751364) Importer(2089858483,192608db42251d675da83286b1cce702) (ScriptedImporter) -> (artifact id: 'be21af6fedb78c625d3e179ea01e7a1d') in 0.0194394 seconds
Number of updated asset objects reloaded before import = 0Number of asset objects unloaded after import = 3

========================================================================
Received Import Request.
  Time since last request: 0.000047 seconds.
  path: Assets/Settings/Hidden Gem image/Ui Merge Game_Ingame 1.png
  artifactKey: Guid(38f1abf9c6af1464ca9d5d13dd73c3f6) Importer(2089858483,192608db42251d675da83286b1cce702)
Start importing Assets/Settings/Hidden Gem image/Ui Merge Game_Ingame 1.png using Guid(38f1abf9c6af1464ca9d5d13dd73c3f6) Importer(2089858483,192608db42251d675da83286b1cce702) (ScriptedImporter) -> (artifact id: 'cf24b3dc6c96dde718b8946b664f7b05') in 0.0210653 seconds
Number of updated asset objects reloaded before import = 0Number of asset objects unloaded after import = 3

========================================================================
Received Import Request.
  Time since last request: 0.000059 seconds.
  path: Assets/Settings/Hidden Gem image/Grozxczxcup 34 3-7.png
  artifactKey: Guid(f2a348f297436a44b80a3e49914988a9) Importer(2089858483,192608db42251d675da83286b1cce702)
Start importing Assets/Settings/Hidden Gem image/Grozxczxcup 34 3-7.png using Guid(f2a348f297436a44b80a3e49914988a9) Importer(2089858483,192608db42251d675da83286b1cce702) (ScriptedImporter) -> (artifact id: '3ce0d68c516496c3113a305c5a59c2c2') in 0.0270601 seconds
Number of updated asset objects reloaded before import = 0Number of asset objects unloaded after import = 3

========================================================================
Received Import Request.
  Time since last request: 0.000020 seconds.
  path: Assets/Settings/Hidden Gem image/Union-2.png
  artifactKey: Guid(5cd4b8c3d8f770547a522834891f0c21) Importer(2089858483,192608db42251d675da83286b1cce702)
Start importing Assets/Settings/Hidden Gem image/Union-2.png using Guid(5cd4b8c3d8f770547a522834891f0c21) Importer(2089858483,192608db42251d675da83286b1cce702) (ScriptedImporter) -> (artifact id: '0c80bb436e1df578bd160ef62ec24222') in 0.0391235 seconds
Number of updated asset objects reloaded before import = 0Number of asset objects unloaded after import = 3

========================================================================
Received Import Request.
  Time since last request: 0.000030 seconds.
  path: Assets/Plugins/Demigiant/DOTween/Modules/DOTweenModuleSprite.cs
  artifactKey: Guid(188918ab119d93148aa0de59ccf5286b) Importer(2089858483,192608db42251d675da83286b1cce702)
Start importing Assets/Plugins/Demigiant/DOTween/Modules/DOTweenModuleSprite.cs using Guid(188918ab119d93148aa0de59ccf5286b) Importer(2089858483,192608db42251d675da83286b1cce702) (ScriptedImporter) -> (artifact id: '0a419b03e45a9873a56d8322f0745c8b') in 0.0119028 seconds
Number of updated asset objects reloaded before import = 0Number of asset objects unloaded after import = 0

========================================================================
Received Import Request.
  Time since last request: 0.000018 seconds.
  path: Assets/Plugins/Demigiant/DOTween/Modules/DOTweenModuleEPOOutline.cs
  artifactKey: Guid(e944529dcaee98f4e9498d80e541d93e) Importer(2089858483,192608db42251d675da83286b1cce702)
Start importing Assets/Plugins/Demigiant/DOTween/Modules/DOTweenModuleEPOOutline.cs using Guid(e944529dcaee98f4e9498d80e541d93e) Importer(2089858483,192608db42251d675da83286b1cce702) (ScriptedImporter) -> (artifact id: '17e5daf4b1afc8dc14eece3194b91893') in 0.0165606 seconds
Number of updated asset objects reloaded before import = 0Number of asset objects unloaded after import = 0

========================================================================
Received Import Request.
  Time since last request: 0.000027 seconds.
  path: Assets/Settings/Hidden Gem image/Group 6288-2.png
  artifactKey: Guid(c476adef93bbd9d4983e5edfb14d8819) Importer(2089858483,192608db42251d675da83286b1cce702)
Start importing Assets/Settings/Hidden Gem image/Group 6288-2.png using Guid(c476adef93bbd9d4983e5edfb14d8819) Importer(2089858483,192608db42251d675da83286b1cce702) (ScriptedImporter) -> (artifact id: '1c213f6d0426ba7f9db33cf64a75574d') in 0.0215699 seconds
Number of updated asset objects reloaded before import = 0Number of asset objects unloaded after import = 3

========================================================================
Received Import Request.
  Time since last request: 0.000018 seconds.
  path: Assets/Plugins/Demigiant/DOTween/DOTween.XML
  artifactKey: Guid(34192c5e0d14aee43a0e86cc4823268a) Importer(2089858483,192608db42251d675da83286b1cce702)
Start importing Assets/Plugins/Demigiant/DOTween/DOTween.XML using Guid(34192c5e0d14aee43a0e86cc4823268a) Importer(2089858483,192608db42251d675da83286b1cce702) (ScriptedImporter) -> (artifact id: '66f7035e0f5809cabf45e330c10a7bc2') in 0.0126471 seconds
Number of updated asset objects reloaded before import = 0Number of asset objects unloaded after import = 1

========================================================================
Received Import Request.
  Time since last request: 0.000032 seconds.
  path: Assets/Plugins/Demigiant/DOTween/Editor/Imgs/DOTweenIcon.png
  artifactKey: Guid(8da095e39e9b4df488dfd436f81116d6) Importer(2089858483,192608db42251d675da83286b1cce702)
Start importing Assets/Plugins/Demigiant/DOTween/Editor/Imgs/DOTweenIcon.png using Guid(8da095e39e9b4df488dfd436f81116d6) Importer(2089858483,192608db42251d675da83286b1cce702) (ScriptedImporter) -> (artifact id: '1634c5d322b708f5b895da83424dba25') in 0.0205953 seconds
Number of updated asset objects reloaded before import = 0Number of asset objects unloaded after import = 1

========================================================================
Received Import Request.
  Time since last request: 0.000030 seconds.
  path: Assets/Settings/Hidden Gem image/Group 6288-8.png
  artifactKey: Guid(d9d5e0a75a8cccf4f8e70b105e93f176) Importer(2089858483,192608db42251d675da83286b1cce702)
Start importing Assets/Settings/Hidden Gem image/Group 6288-8.png using Guid(d9d5e0a75a8cccf4f8e70b105e93f176) Importer(2089858483,192608db42251d675da83286b1cce702) (ScriptedImporter) -> (artifact id: '17c557e823c400730d6abef064e2c220') in 0.0244096 seconds
Number of updated asset objects reloaded before import = 0Number of asset objects unloaded after import = 3

========================================================================
Received Import Request.
  Time since last request: 0.000034 seconds.
  path: Assets/UniversalRenderPipelineGlobalSettings.asset
  artifactKey: Guid(93b439a37f63240aca3dd4e01d978a9f) Importer(2089858483,192608db42251d675da83286b1cce702)
Start importing Assets/UniversalRenderPipelineGlobalSettings.asset using Guid(93b439a37f63240aca3dd4e01d978a9f) Importer(2089858483,192608db42251d675da83286b1cce702) (ScriptedImporter) -> (artifact id: '66241a744892fb385a33cca5ad2eb423') in 0.0277568 seconds
Number of updated asset objects reloaded before import = 0Number of asset objects unloaded after import = 0

========================================================================
Received Import Request.
  Time since last request: 0.000028 seconds.
  path: Assets/Plugins/Demigiant/DOTween/Modules/DOTweenModuleAudio.cs
  artifactKey: Guid(b766d08851589514b97afb23c6f30a70) Importer(2089858483,192608db42251d675da83286b1cce702)
Start importing Assets/Plugins/Demigiant/DOTween/Modules/DOTweenModuleAudio.cs using Guid(b766d08851589514b97afb23c6f30a70) Importer(2089858483,192608db42251d675da83286b1cce702) (ScriptedImporter) -> (artifact id: 'add6853280b75a999a6cb48fd1cc2687') in 0.0152736 seconds
Number of updated asset objects reloaded before import = 0Number of asset objects unloaded after import = 0

========================================================================
Received Import Request.
  Time since last request: 0.000023 seconds.
  path: Assets/Settings/Hidden Gem image/zxcvzxcvzsdvzsdvzsdv 22-6.png
  artifactKey: Guid(56b0ab294bb6e8a4a8cc607d900d7868) Importer(2089858483,192608db42251d675da83286b1cce702)
Start importing Assets/Settings/Hidden Gem image/zxcvzxcvzsdvzsdvzsdv 22-6.png using Guid(56b0ab294bb6e8a4a8cc607d900d7868) Importer(2089858483,192608db42251d675da83286b1cce702) (ScriptedImporter) -> (artifact id: '430441620de33816bab50cc797d947cb') in 0.0239476 seconds
Number of updated asset objects reloaded before import = 0Number of asset objects unloaded after import = 3

========================================================================
Received Import Request.
  Time since last request: 0.000025 seconds.
  path: Assets/Settings/Hidden Gem image/Grozxczxcup 34 3-10.png
  artifactKey: Guid(050acf20f63dc6246b245a35ba50fd67) Importer(2089858483,192608db42251d675da83286b1cce702)
Start importing Assets/Settings/Hidden Gem image/Grozxczxcup 34 3-10.png using Guid(050acf20f63dc6246b245a35ba50fd67) Importer(2089858483,192608db42251d675da83286b1cce702) (ScriptedImporter) -> (artifact id: '0d70232b393712445fab205557dd01b1') in 0.0180999 seconds
Number of updated asset objects reloaded before import = 0Number of asset objects unloaded after import = 3

========================================================================
Received Import Request.
  Time since last request: 0.000021 seconds.
  path: Assets/Plugins/Demigiant/DOTween/Editor/DOTweenEditor.XML
  artifactKey: Guid(2e2c6224d345d9249acfa6e8ef40bb2d) Importer(2089858483,192608db42251d675da83286b1cce702)
Start importing Assets/Plugins/Demigiant/DOTween/Editor/DOTweenEditor.XML using Guid(2e2c6224d345d9249acfa6e8ef40bb2d) Importer(2089858483,192608db42251d675da83286b1cce702) (ScriptedImporter) -> (artifact id: '6f62833a69f421123ada0f0a35b47f8c') in 0.0136735 seconds
Number of updated asset objects reloaded before import = 0Number of asset objects unloaded after import = 1

========================================================================
Received Import Request.
  Time since last request: 0.000023 seconds.
  path: Assets/Settings/Hidden Gem image/Group 6322-1.png
  artifactKey: Guid(104179d6b0a26524a8ae9566ae7dfa6a) Importer(2089858483,192608db42251d675da83286b1cce702)
Start importing Assets/Settings/Hidden Gem image/Group 6322-1.png using Guid(104179d6b0a26524a8ae9566ae7dfa6a) Importer(2089858483,192608db42251d675da83286b1cce702) (ScriptedImporter) -> (artifact id: '7ffcf37c2ebad83d2ee93d0c9d335036') in 0.0248423 seconds
Number of updated asset objects reloaded before import = 0Number of asset objects unloaded after import = 4

========================================================================
Received Import Request.
  Time since last request: 0.000021 seconds.
  path: Assets/Settings/Hidden Gem image/Union-1.png
  artifactKey: Guid(729d7eb56107dfc45bba6c145f80ccaa) Importer(2089858483,192608db42251d675da83286b1cce702)
Start importing Assets/Settings/Hidden Gem image/Union-1.png using Guid(729d7eb56107dfc45bba6c145f80ccaa) Importer(2089858483,192608db42251d675da83286b1cce702) (ScriptedImporter) -> (artifact id: '036566d2d35a3a79c0429cab4bd3c4b8') in 0.0183956 seconds
Number of updated asset objects reloaded before import = 0Number of asset objects unloaded after import = 3

========================================================================
Received Import Request.
  Time since last request: 207.204309 seconds.
  path: Assets/Hidden Gem image/zxcvzxcvzsdvzsdvzsdv 22-7.png
  artifactKey: Guid(98c8a800a8959a14b82b73331f67b65f) Importer(2089858483,192608db42251d675da83286b1cce702)
Start importing Assets/Hidden Gem image/zxcvzxcvzsdvzsdvzsdv 22-7.png using Guid(98c8a800a8959a14b82b73331f67b65f) Importer(2089858483,192608db42251d675da83286b1cce702) (ScriptedImporter) -> (artifact id: '480ead06bce97be1463ea9716169f204') in 0.0217695 seconds
Number of updated asset objects reloaded before import = 0Number of asset objects unloaded after import = 3

========================================================================
Received Import Request.
  Time since last request: 0.000038 seconds.
  path: Assets/Hidden Gem image/Ingame-8.png
  artifactKey: Guid(60a9043e7a547a54e94ecd0e9062f8be) Importer(2089858483,192608db42251d675da83286b1cce702)
Start importing Assets/Hidden Gem image/Ingame-8.png using Guid(60a9043e7a547a54e94ecd0e9062f8be) Importer(2089858483,192608db42251d675da83286b1cce702) (ScriptedImporter) -> (artifact id: '60e4d9b1ef093f7b58539dae8196dd8b') in 0.028146 seconds
Number of updated asset objects reloaded before import = 0Number of asset objects unloaded after import = 3

========================================================================
Received Import Request.
  Time since last request: 0.000042 seconds.
  path: Assets/Hidden Gem image/Ellipse 208.png
  artifactKey: Guid(f859f6f03c736e743b0d032ab2957888) Importer(2089858483,192608db42251d675da83286b1cce702)
Start importing Assets/Hidden Gem image/Ellipse 208.png using Guid(f859f6f03c736e743b0d032ab2957888) Importer(2089858483,192608db42251d675da83286b1cce702) (ScriptedImporter) -> (artifact id: 'e1f71b2a63e8077e3c4ccab7abaa7f7a') in 0.0247922 seconds
Number of updated asset objects reloaded before import = 0Number of asset objects unloaded after import = 3

========================================================================
Received Import Request.
  Time since last request: 0.000026 seconds.
  path: Assets/Hidden Gem image/Ingame-12.png
  artifactKey: Guid(aeb6759fb4b7d5f41831e33d47d64cf7) Importer(2089858483,192608db42251d675da83286b1cce702)
Start importing Assets/Hidden Gem image/Ingame-12.png using Guid(aeb6759fb4b7d5f41831e33d47d64cf7) Importer(2089858483,192608db42251d675da83286b1cce702) (ScriptedImporter) -> (artifact id: 'cc24f89e68a7599c9bbfe76ca8468535') in 0.0256725 seconds
Number of updated asset objects reloaded before import = 0Number of asset objects unloaded after import = 3

========================================================================
Received Import Request.
  Time since last request: 0.000018 seconds.
  path: Assets/Hidden Gem image/zxcvzxcvzsdvzsdvzsdv 22-10.png
  artifactKey: Guid(243451d7f435ba943ae50d9bd83d6151) Importer(2089858483,192608db42251d675da83286b1cce702)
Start importing Assets/Hidden Gem image/zxcvzxcvzsdvzsdvzsdv 22-10.png using Guid(243451d7f435ba943ae50d9bd83d6151) Importer(2089858483,192608db42251d675da83286b1cce702) (ScriptedImporter) -> (artifact id: '8aa32329aa4f38adec35b850e58d54fa') in 0.0184945 seconds
Number of updated asset objects reloaded before import = 0Number of asset objects unloaded after import = 3

========================================================================
Received Import Request.
  Time since last request: 0.000044 seconds.
  path: Assets/Hidden Gem image/zxcvzxcvzsdvzsdvzsdv 22-5.png
  artifactKey: Guid(988983100b3a4324ab54fb6bc9d0a638) Importer(2089858483,192608db42251d675da83286b1cce702)
Start importing Assets/Hidden Gem image/zxcvzxcvzsdvzsdvzsdv 22-5.png using Guid(988983100b3a4324ab54fb6bc9d0a638) Importer(2089858483,192608db42251d675da83286b1cce702) (ScriptedImporter) -> (artifact id: 'd357e2fcb9573a2ebb09805da370bb68') in 0.0186927 seconds
Number of updated asset objects reloaded before import = 0Number of asset objects unloaded after import = 3

========================================================================
Received Import Request.
  Time since last request: 0.000029 seconds.
  path: Assets/Hidden Gem image/Union.png
  artifactKey: Guid(a76238d9a7cd79d49a6048157140d25a) Importer(2089858483,192608db42251d675da83286b1cce702)
Start importing Assets/Hidden Gem image/Union.png using Guid(a76238d9a7cd79d49a6048157140d25a) Importer(2089858483,192608db42251d675da83286b1cce702) (ScriptedImporter) -> (artifact id: 'bfbdda73adf72b3567fefbc897e3f5d0') in 0.0188382 seconds
Number of updated asset objects reloaded before import = 0Number of asset objects unloaded after import = 3

========================================================================
Received Import Request.
  Time since last request: 0.000047 seconds.
  path: Assets/Hidden Gem image/zxcvzxcvzsdvzsdvzsdv 22-4.png
  artifactKey: Guid(6b2432e71cf3d0b40b81565b110a08c2) Importer(2089858483,192608db42251d675da83286b1cce702)
Start importing Assets/Hidden Gem image/zxcvzxcvzsdvzsdvzsdv 22-4.png using Guid(6b2432e71cf3d0b40b81565b110a08c2) Importer(2089858483,192608db42251d675da83286b1cce702) (ScriptedImporter) -> (artifact id: 'e236904f884305ce82d90cfbe21294a2') in 0.0252542 seconds
Number of updated asset objects reloaded before import = 0Number of asset objects unloaded after import = 3

========================================================================
Received Import Request.
  Time since last request: 0.000023 seconds.
  path: Assets/Hidden Gem image/Group 6288-7.png
  artifactKey: Guid(c1abef7e8b62bf04ab80933fd1122fb7) Importer(2089858483,192608db42251d675da83286b1cce702)
Start importing Assets/Hidden Gem image/Group 6288-7.png using Guid(c1abef7e8b62bf04ab80933fd1122fb7) Importer(2089858483,192608db42251d675da83286b1cce702) (ScriptedImporter) -> (artifact id: '825c793d5dc3bc71926e48ea0bf634db') in 0.0209656 seconds
Number of updated asset objects reloaded before import = 0Number of asset objects unloaded after import = 3

========================================================================
Received Import Request.
  Time since last request: 0.000022 seconds.
  path: Assets/Hidden Gem image/Grozxczxcup 34 3-4.png
  artifactKey: Guid(2542b20c6aa285444a8bc34773c206eb) Importer(2089858483,192608db42251d675da83286b1cce702)
Start importing Assets/Hidden Gem image/Grozxczxcup 34 3-4.png using Guid(2542b20c6aa285444a8bc34773c206eb) Importer(2089858483,192608db42251d675da83286b1cce702) (ScriptedImporter) -> (artifact id: '50009a76afa1e93e5fc2517517a10312') in 0.0196293 seconds
Number of updated asset objects reloaded before import = 0Number of asset objects unloaded after import = 3

========================================================================
Received Import Request.
  Time since last request: 0.000018 seconds.
  path: Assets/Hidden Gem image/Grozxczxcup 34 3-6.png
  artifactKey: Guid(5a7fb4192a478204dbb63336b45a8986) Importer(2089858483,192608db42251d675da83286b1cce702)
Start importing Assets/Hidden Gem image/Grozxczxcup 34 3-6.png using Guid(5a7fb4192a478204dbb63336b45a8986) Importer(2089858483,192608db42251d675da83286b1cce702) (ScriptedImporter) -> (artifact id: 'bc8c54438322e0c70df58565d47bafb2') in 0.019624 seconds
Number of updated asset objects reloaded before import = 0Number of asset objects unloaded after import = 3

========================================================================
Received Import Request.
  Time since last request: 0.000019 seconds.
  path: Assets/Hidden Gem image/Group 6288-1.png
  artifactKey: Guid(4b6032f566ac12f469e6a6ceb8951e8b) Importer(2089858483,192608db42251d675da83286b1cce702)
Start importing Assets/Hidden Gem image/Group 6288-1.png using Guid(4b6032f566ac12f469e6a6ceb8951e8b) Importer(2089858483,192608db42251d675da83286b1cce702) (ScriptedImporter) -> (artifact id: 'c4211f3387303216f78b617212db0599') in 0.0280251 seconds
Number of updated asset objects reloaded before import = 0Number of asset objects unloaded after import = 3

========================================================================
Received Import Request.
  Time since last request: 0.000025 seconds.
  path: Assets/Hidden Gem image/Ingame-1.png
  artifactKey: Guid(f0bee7293e8007143bf584ddfc94c12d) Importer(2089858483,192608db42251d675da83286b1cce702)
Start importing Assets/Hidden Gem image/Ingame-1.png using Guid(f0bee7293e8007143bf584ddfc94c12d) Importer(2089858483,192608db42251d675da83286b1cce702) (ScriptedImporter) -> (artifact id: '22711c708667559a706b15ddf94c4aec') in 0.026687 seconds
Number of updated asset objects reloaded before import = 0Number of asset objects unloaded after import = 3

========================================================================
Received Import Request.
  Time since last request: 0.000045 seconds.
  path: Assets/Hidden Gem image/Union-5.png
  artifactKey: Guid(58b807f7826f3ac458d4eae939035125) Importer(2089858483,192608db42251d675da83286b1cce702)
Start importing Assets/Hidden Gem image/Union-5.png using Guid(58b807f7826f3ac458d4eae939035125) Importer(2089858483,192608db42251d675da83286b1cce702) (ScriptedImporter) -> (artifact id: '48368303ca25d9f4e60e5f5dceb936fa') in 0.0223977 seconds
Number of updated asset objects reloaded before import = 0Number of asset objects unloaded after import = 3

========================================================================
Received Import Request.
  Time since last request: 0.000031 seconds.
  path: Assets/Hidden Gem image/zxcvzxcvzsdvzsdvzsdv 22-9.png
  artifactKey: Guid(6d577acd49e68f64fbed63a913396333) Importer(2089858483,192608db42251d675da83286b1cce702)
Start importing Assets/Hidden Gem image/zxcvzxcvzsdvzsdvzsdv 22-9.png using Guid(6d577acd49e68f64fbed63a913396333) Importer(2089858483,192608db42251d675da83286b1cce702) (ScriptedImporter) -> (artifact id: '62698beeea11a33f8c15372fb649e26b') in 0.0191731 seconds
Number of updated asset objects reloaded before import = 0Number of asset objects unloaded after import = 3

========================================================================
Received Import Request.
  Time since last request: 0.000017 seconds.
  path: Assets/Hidden Gem image/Grozxczxcup 34 3-8.png
  artifactKey: Guid(b5ac6952388c25447a65ed36e6ee088c) Importer(2089858483,192608db42251d675da83286b1cce702)
Start importing Assets/Hidden Gem image/Grozxczxcup 34 3-8.png using Guid(b5ac6952388c25447a65ed36e6ee088c) Importer(2089858483,192608db42251d675da83286b1cce702) (ScriptedImporter) -> (artifact id: 'c5c18f0ff08068e1bcd0db63a310f4b3') in 0.0217535 seconds
Number of updated asset objects reloaded before import = 0Number of asset objects unloaded after import = 3

========================================================================
Received Import Request.
  Time since last request: 0.000038 seconds.
  path: Assets/Hidden Gem image/Ingame-11.png
  artifactKey: Guid(e5dbf2f0e21649e46b476b57dde06dd6) Importer(2089858483,192608db42251d675da83286b1cce702)
Start importing Assets/Hidden Gem image/Ingame-11.png using Guid(e5dbf2f0e21649e46b476b57dde06dd6) Importer(2089858483,192608db42251d675da83286b1cce702) (ScriptedImporter) -> (artifact id: '220bc6a9e13318f070c729633772339f') in 0.0233303 seconds
Number of updated asset objects reloaded before import = 0Number of asset objects unloaded after import = 3

========================================================================
Received Import Request.
  Time since last request: 0.000017 seconds.
  path: Assets/Hidden Gem image/zxcvzxcvzsdvzsdvzsdv 22-2.png
  artifactKey: Guid(899407957ac3e9c4ba7b43db1d4fae7f) Importer(2089858483,192608db42251d675da83286b1cce702)
Start importing Assets/Hidden Gem image/zxcvzxcvzsdvzsdvzsdv 22-2.png using Guid(899407957ac3e9c4ba7b43db1d4fae7f) Importer(2089858483,192608db42251d675da83286b1cce702) (ScriptedImporter) -> (artifact id: 'e96d874bfee703622cac4ab9321d4595') in 0.0238267 seconds
Number of updated asset objects reloaded before import = 0Number of asset objects unloaded after import = 3

========================================================================
Received Import Request.
  Time since last request: 0.000027 seconds.
  path: Assets/Hidden Gem image/Grozxczxcup 34 3-1.png
  artifactKey: Guid(6d5a27caef9cbc146ba45f20e56b8c87) Importer(2089858483,192608db42251d675da83286b1cce702)
Start importing Assets/Hidden Gem image/Grozxczxcup 34 3-1.png using Guid(6d5a27caef9cbc146ba45f20e56b8c87) Importer(2089858483,192608db42251d675da83286b1cce702) (ScriptedImporter) -> (artifact id: '410851fd9764cf99f99bb76681e5f426') in 0.0166002 seconds
Number of updated asset objects reloaded before import = 0Number of asset objects unloaded after import = 3

========================================================================
Received Import Request.
  Time since last request: 0.000033 seconds.
  path: Assets/Hidden Gem image/Ingame-9.png
  artifactKey: Guid(7408f7cd820d47e47b9111c8320f3c63) Importer(2089858483,192608db42251d675da83286b1cce702)
Start importing Assets/Hidden Gem image/Ingame-9.png using Guid(7408f7cd820d47e47b9111c8320f3c63) Importer(2089858483,192608db42251d675da83286b1cce702) (ScriptedImporter) -> (artifact id: 'a18bd0a694bbd49f8dbb74e9291db27f') in 0.0217535 seconds
Number of updated asset objects reloaded before import = 0Number of asset objects unloaded after import = 3

========================================================================
Received Import Request.
  Time since last request: 0.000018 seconds.
  path: Assets/Hidden Gem image/zxcvzxcvzsdvzsdvzsdv 22-8.png
  artifactKey: Guid(b50fbe802a53d5e47807e401078538d3) Importer(2089858483,192608db42251d675da83286b1cce702)
Start importing Assets/Hidden Gem image/zxcvzxcvzsdvzsdvzsdv 22-8.png using Guid(b50fbe802a53d5e47807e401078538d3) Importer(2089858483,192608db42251d675da83286b1cce702) (ScriptedImporter) -> (artifact id: 'b986332339c568509965055c2b3f1507') in 0.0227398 seconds
Number of updated asset objects reloaded before import = 0Number of asset objects unloaded after import = 3

========================================================================
Received Import Request.
  Time since last request: 0.000022 seconds.
  path: Assets/Hidden Gem image/Group 6288-5.png
  artifactKey: Guid(8a2a48fa1f0892346b2f3f302eb378a2) Importer(2089858483,192608db42251d675da83286b1cce702)
Start importing Assets/Hidden Gem image/Group 6288-5.png using Guid(8a2a48fa1f0892346b2f3f302eb378a2) Importer(2089858483,192608db42251d675da83286b1cce702) (ScriptedImporter) -> (artifact id: '91a69ca7599c13e7faaf0c03577af891') in 0.0212546 seconds
Number of updated asset objects reloaded before import = 0Number of asset objects unloaded after import = 3

========================================================================
Received Import Request.
  Time since last request: 0.000019 seconds.
  path: Assets/Hidden Gem image/Grozxczxcup 34 3-9.png
  artifactKey: Guid(cc470f46a45edbc41baac5ae56751364) Importer(2089858483,192608db42251d675da83286b1cce702)
Start importing Assets/Hidden Gem image/Grozxczxcup 34 3-9.png using Guid(cc470f46a45edbc41baac5ae56751364) Importer(2089858483,192608db42251d675da83286b1cce702) (ScriptedImporter) -> (artifact id: '37c413d503834af87b4caccba8f87ec2') in 0.0200584 seconds
Number of updated asset objects reloaded before import = 0Number of asset objects unloaded after import = 3

========================================================================
Received Import Request.
  Time since last request: 0.000040 seconds.
  path: Assets/Hidden Gem image/Ui Merge Game_Ingame 1.png
  artifactKey: Guid(38f1abf9c6af1464ca9d5d13dd73c3f6) Importer(2089858483,192608db42251d675da83286b1cce702)
Start importing Assets/Hidden Gem image/Ui Merge Game_Ingame 1.png using Guid(38f1abf9c6af1464ca9d5d13dd73c3f6) Importer(2089858483,192608db42251d675da83286b1cce702) (ScriptedImporter) -> (artifact id: '9f996e64afa84d26141266bc7a0908c8') in 0.0243184 seconds
Number of updated asset objects reloaded before import = 0Number of asset objects unloaded after import = 3

========================================================================
Received Import Request.
  Time since last request: 0.000022 seconds.
  path: Assets/Hidden Gem image/Ui Merge Game_Ingame 1-2.png
  artifactKey: Guid(318105eeaaba28640b9ef894d501c649) Importer(2089858483,192608db42251d675da83286b1cce702)
Start importing Assets/Hidden Gem image/Ui Merge Game_Ingame 1-2.png using Guid(318105eeaaba28640b9ef894d501c649) Importer(2089858483,192608db42251d675da83286b1cce702) (ScriptedImporter) -> (artifact id: '42b795bce2473d9571c85b4ac60c8ed5') in 0.0205939 seconds
Number of updated asset objects reloaded before import = 0Number of asset objects unloaded after import = 3

========================================================================
Received Import Request.
  Time since last request: 0.000035 seconds.
  path: Assets/Hidden Gem image/Grozxczxcup 34 3-3.png
  artifactKey: Guid(09686538bdaa42c4d8b996edcfb7c935) Importer(2089858483,192608db42251d675da83286b1cce702)
Start importing Assets/Hidden Gem image/Grozxczxcup 34 3-3.png using Guid(09686538bdaa42c4d8b996edcfb7c935) Importer(2089858483,192608db42251d675da83286b1cce702) (ScriptedImporter) -> (artifact id: '5e928e83f0250dac4e168b25bb8dbfba') in 0.0220331 seconds
Number of updated asset objects reloaded before import = 0Number of asset objects unloaded after import = 3

========================================================================
Received Import Request.
  Time since last request: 0.000031 seconds.
  path: Assets/Hidden Gem image/Ui Merge Game_Ingame 1-3.png
  artifactKey: Guid(c2edec9221d7ca146a27504f25aba73f) Importer(2089858483,192608db42251d675da83286b1cce702)
Start importing Assets/Hidden Gem image/Ui Merge Game_Ingame 1-3.png using Guid(c2edec9221d7ca146a27504f25aba73f) Importer(2089858483,192608db42251d675da83286b1cce702) (ScriptedImporter) -> (artifact id: 'ec33282793a89f436e555fa75cbf0bf9') in 0.0274605 seconds
Number of updated asset objects reloaded before import = 0Number of asset objects unloaded after import = 3

========================================================================
Received Import Request.
  Time since last request: 0.000025 seconds.
  path: Assets/Hidden Gem image/Frame 15.png
  artifactKey: Guid(736487e6aca7850479634bca1c028e9e) Importer(2089858483,192608db42251d675da83286b1cce702)
Start importing Assets/Hidden Gem image/Frame 15.png using Guid(736487e6aca7850479634bca1c028e9e) Importer(2089858483,192608db42251d675da83286b1cce702) (ScriptedImporter) -> (artifact id: '019fcf51f1d523d92604fc96c69881c4') in 0.025675 seconds
Number of updated asset objects reloaded before import = 0Number of asset objects unloaded after import = 4

========================================================================
Received Import Request.
  Time since last request: 0.000021 seconds.
  path: Assets/Hidden Gem image/zxcvzxcvzsdvzsdvzsdv 22-1.png
  artifactKey: Guid(191973cd35044f8499b347661bfa8ac0) Importer(2089858483,192608db42251d675da83286b1cce702)
Start importing Assets/Hidden Gem image/zxcvzxcvzsdvzsdvzsdv 22-1.png using Guid(191973cd35044f8499b347661bfa8ac0) Importer(2089858483,192608db42251d675da83286b1cce702) (ScriptedImporter) -> (artifact id: '7db6f1d2f7e29cfbeda452be7acdc0dd') in 0.0262234 seconds
Number of updated asset objects reloaded before import = 0Number of asset objects unloaded after import = 3

========================================================================
Received Import Request.
  Time since last request: 0.000052 seconds.
  path: Assets/Hidden Gem image/zxcvzxcvzsdvzsdvzsdv 22-6.png
  artifactKey: Guid(56b0ab294bb6e8a4a8cc607d900d7868) Importer(2089858483,192608db42251d675da83286b1cce702)
Start importing Assets/Hidden Gem image/zxcvzxcvzsdvzsdvzsdv 22-6.png using Guid(56b0ab294bb6e8a4a8cc607d900d7868) Importer(2089858483,192608db42251d675da83286b1cce702) (ScriptedImporter) -> (artifact id: '3b8b74c19765e9d3754c5ca9fc4c5b5a') in 0.022377 seconds
Number of updated asset objects reloaded before import = 0Number of asset objects unloaded after import = 3

========================================================================
Received Import Request.
  Time since last request: 0.000036 seconds.
  path: Assets/Hidden Gem image/Grozxczxcup 34 3-10.png
  artifactKey: Guid(050acf20f63dc6246b245a35ba50fd67) Importer(2089858483,192608db42251d675da83286b1cce702)
Start importing Assets/Hidden Gem image/Grozxczxcup 34 3-10.png using Guid(050acf20f63dc6246b245a35ba50fd67) Importer(2089858483,192608db42251d675da83286b1cce702) (ScriptedImporter) -> (artifact id: 'a26f863e5115be17473ef2c600bd027d') in 0.0187139 seconds
Number of updated asset objects reloaded before import = 0Number of asset objects unloaded after import = 3

========================================================================
Received Import Request.
  Time since last request: 0.000021 seconds.
  path: Assets/Hidden Gem image/Group 6322-1.png
  artifactKey: Guid(104179d6b0a26524a8ae9566ae7dfa6a) Importer(2089858483,192608db42251d675da83286b1cce702)
Start importing Assets/Hidden Gem image/Group 6322-1.png using Guid(104179d6b0a26524a8ae9566ae7dfa6a) Importer(2089858483,192608db42251d675da83286b1cce702) (ScriptedImporter) -> (artifact id: '1fde1a3b75cd6e08357fd430ef3f4cd0') in 0.0213406 seconds
Number of updated asset objects reloaded before import = 0Number of asset objects unloaded after import = 4

========================================================================
Received Import Request.
  Time since last request: 0.000017 seconds.
  path: Assets/Hidden Gem image/Group 6288-4.png
  artifactKey: Guid(e0a37c8e047bf4447a6136de0802b8e8) Importer(2089858483,192608db42251d675da83286b1cce702)
Start importing Assets/Hidden Gem image/Group 6288-4.png using Guid(e0a37c8e047bf4447a6136de0802b8e8) Importer(2089858483,192608db42251d675da83286b1cce702) (ScriptedImporter) -> (artifact id: '1c9c33f53b4e8f8f4f56a770cfc56c55') in 0.0211395 seconds
Number of updated asset objects reloaded before import = 0Number of asset objects unloaded after import = 3

Editor requested this worker to shutdown with reason: Scaling down because of idle timeout
AssetImportWorker is now disconnected from the server
Process exiting
Exiting without the bug reporter. Application will terminate with return code 0