Using pre-set license
Built from '6000.0/release' branch; Version is '6000.0.45f1 (d91bd3d4e081) revision 14228435'; Using compiler version '193933523'; Build Type 'Release'
OS: 'Windows 11  (10.0.22631) 64bit CoreSingleLanguage' Language: 'en' Physical Memory: 24355 MB
BatchMode: 1, IsHumanControllingUs: 0, StartBugReporterOnCrash: 0, Is64bit: 1, IsPro: 1

COMMAND LINE ARGUMENTS:
C:\Program Files\Unity\Hub\Editor\6000.0.45f1\Editor\Unity.exe
-adb2
-batchMode
-noUpm
-name
AssetImportWorker12
-projectPath
D:/Khoa/Work/Hidden gem/Hidden gem
-logFile
Logs/AssetImportWorker12.log
-srvPort
52225
-job-worker-count
7
-background-job-worker-count
8
-gc-helper-count
1
Successfully changed project path to: D:/Khoa/Work/Hidden gem/Hidden gem
D:/Khoa/Work/Hidden gem/Hidden gem
[UnityMemory] Configuration Parameters - Can be set up in boot.config
    "memorysetup-bucket-allocator-granularity=16"
    "memorysetup-bucket-allocator-bucket-count=8"
    "memorysetup-bucket-allocator-block-size=33554432"
    "memorysetup-bucket-allocator-block-count=8"
    "memorysetup-main-allocator-block-size=16777216"
    "memorysetup-thread-allocator-block-size=16777216"
    "memorysetup-gfx-main-allocator-block-size=16777216"
    "memorysetup-gfx-thread-allocator-block-size=16777216"
    "memorysetup-cache-allocator-block-size=4194304"
    "memorysetup-typetree-allocator-block-size=2097152"
    "memorysetup-profiler-bucket-allocator-granularity=16"
    "memorysetup-profiler-bucket-allocator-bucket-count=8"
    "memorysetup-profiler-bucket-allocator-block-size=33554432"
    "memorysetup-profiler-bucket-allocator-block-count=8"
    "memorysetup-profiler-allocator-block-size=16777216"
    "memorysetup-profiler-editor-allocator-block-size=1048576"
    "memorysetup-temp-allocator-size-main=16777216"
    "memorysetup-job-temp-allocator-block-size=2097152"
    "memorysetup-job-temp-allocator-block-size-background=1048576"
    "memorysetup-job-temp-allocator-reduction-small-platforms=262144"
    "memorysetup-allocator-temp-initial-block-size-main=262144"
    "memorysetup-allocator-temp-initial-block-size-worker=262144"
    "memorysetup-temp-allocator-size-background-worker=32768"
    "memorysetup-temp-allocator-size-job-worker=262144"
    "memorysetup-temp-allocator-size-preload-manager=33554432"
    "memorysetup-temp-allocator-size-nav-mesh-worker=65536"
    "memorysetup-temp-allocator-size-audio-worker=65536"
    "memorysetup-temp-allocator-size-cloud-worker=32768"
    "memorysetup-temp-allocator-size-gi-baking-worker=262144"
    "memorysetup-temp-allocator-size-gi-baking-worker=262144"
    "memorysetup-temp-allocator-size-gi-baking-worker=262144"
    "memorysetup-temp-allocator-size-gi-baking-worker=262144"
    "memorysetup-temp-allocator-size-gi-baking-worker=262144"
    "memorysetup-temp-allocator-size-gfx=262144"
Player connection [21940]  Target information:

Player connection [21940]  * "[IP] 192.168.1.25 [Port] 0 [Flags] 2 [Guid] 3104305626 [EditorId] 3104305626 [Version] 1048832 [Id] WindowsEditor(7,DESKTOP-74S139L) [Debug] 1 [PackageName] WindowsEditor [ProjectName] Editor" 

Player connection [21940] Host joined multi-casting on [225.0.0.222:54997]...
Player connection [21940] Host joined alternative multi-casting on [225.0.0.222:34997]...
JobSystem: Creating JobQueue using job-worker-count value 7
Input System module state changed to: Initialized.
[Physics::Module] Initialized fallback backend.
[Physics::Module] Id: 0xdecafbad
Library Redirect Path: Library/
[Physics::Module] Selected backend.
[Physics::Module] Name: PhysX
[Physics::Module] Id: 0xf2b8ea05
[Physics::Module] SDK Version: 4.1.2
[Physics::Module] Integration Version: 1.0.0
[Physics::Module] Threading Mode: Multi-Threaded
Refreshing native plugins compatible for Editor in 1.67 ms, found 4 plugins.
Preloading 0 native plugins for Editor in 0.00 ms.
Initialize engine version: 6000.0.45f1 (d91bd3d4e081)
[Subsystems] Discovering subsystems at path C:/Program Files/Unity/Hub/Editor/6000.0.45f1/Editor/Data/Resources/UnitySubsystems
[Subsystems] Discovering subsystems at path D:/Khoa/Work/Hidden gem/Hidden gem/Assets
GfxDevice: creating device client; kGfxThreadingModeNonThreaded
Direct3D:
    Version:  Direct3D 11.0 [level 11.1]
    Renderer: NVIDIA GeForce RTX 3050 Ti Laptop GPU (ID=0x25a0)
    Vendor:   NVIDIA
    VRAM:     3962 MB
    Driver:   32.0.15.7602
Initialize mono
Mono path[0] = 'C:/Program Files/Unity/Hub/Editor/6000.0.45f1/Editor/Data/Managed'
Mono path[1] = 'C:/Program Files/Unity/Hub/Editor/6000.0.45f1/Editor/Data/MonoBleedingEdge/lib/mono/unityjit-win32'
Mono config path = 'C:/Program Files/Unity/Hub/Editor/6000.0.45f1/Editor/Data/MonoBleedingEdge/etc'
Using monoOptions --debugger-agent=transport=dt_socket,embedding=1,server=y,suspend=n,address=127.0.0.1:56376
Begin MonoManager ReloadAssembly
Registering precompiled unity dll's ...
Register platform support module: C:/Program Files/Unity/Hub/Editor/6000.0.45f1/Editor/Data/PlaybackEngines/WebGLSupport/UnityEditor.WebGL.Extensions.dll
Register platform support module: C:/Program Files/Unity/Hub/Editor/6000.0.45f1/Editor/Data/PlaybackEngines/WindowsStandaloneSupport/UnityEditor.WindowsStandalone.Extensions.dll
Registered in 0.002853 seconds.
- Loaded All Assemblies, in  0.385 seconds
Native extension for WindowsStandalone target not found
Native extension for WebGL target not found
Mono: successfully reloaded assembly
- Finished resetting the current domain, in  0.289 seconds
Domain Reload Profiling: 673ms
	BeginReloadAssembly (147ms)
		ExecutionOrderSort (0ms)
		DisableScriptedObjects (0ms)
		BackupInstance (0ms)
		ReleaseScriptingObjects (0ms)
		CreateAndSetChildDomain (1ms)
	RebuildCommonClasses (35ms)
	RebuildNativeTypeToScriptingClass (11ms)
	initialDomainReloadingComplete (45ms)
	LoadAllAssembliesAndSetupDomain (146ms)
		LoadAssemblies (145ms)
		RebuildTransferFunctionScriptingTraits (0ms)
		AnalyzeDomain (143ms)
			TypeCache.Refresh (142ms)
				TypeCache.ScanAssembly (129ms)
			BuildScriptInfoCaches (0ms)
			ResolveRequiredComponents (0ms)
	FinalizeReload (289ms)
		ReleaseScriptCaches (0ms)
		RebuildScriptCaches (0ms)
		SetupLoadedEditorAssemblies (246ms)
			LogAssemblyErrors (0ms)
			InitializePlatformSupportModulesInManaged (20ms)
			SetLoadedEditorAssemblies (4ms)
			BeforeProcessingInitializeOnLoad (49ms)
			ProcessInitializeOnLoadAttributes (128ms)
			ProcessInitializeOnLoadMethodAttributes (46ms)
			AfterProcessingInitializeOnLoad (0ms)
			EditorAssembliesLoaded (0ms)
		ExecutionOrderSort2 (0ms)
		AwakeInstancesAfterBackupRestoration (0ms)
========================================================================
Worker process is ready to serve import requests
Import Worker Mode flag is 0x00
Begin MonoManager ReloadAssembly
- Loaded All Assemblies, in  0.711 seconds
Refreshing native plugins compatible for Editor in 0.91 ms, found 4 plugins.
Native extension for WindowsStandalone target not found
Native extension for WebGL target not found
Mono: successfully reloaded assembly
- Finished resetting the current domain, in  0.645 seconds
Domain Reload Profiling: 1355ms
	BeginReloadAssembly (149ms)
		ExecutionOrderSort (0ms)
		DisableScriptedObjects (5ms)
		BackupInstance (0ms)
		ReleaseScriptingObjects (0ms)
		CreateAndSetChildDomain (29ms)
	RebuildCommonClasses (34ms)
	RebuildNativeTypeToScriptingClass (11ms)
	initialDomainReloadingComplete (33ms)
	LoadAllAssembliesAndSetupDomain (482ms)
		LoadAssemblies (308ms)
		RebuildTransferFunctionScriptingTraits (0ms)
		AnalyzeDomain (260ms)
			TypeCache.Refresh (188ms)
				TypeCache.ScanAssembly (172ms)
			BuildScriptInfoCaches (57ms)
			ResolveRequiredComponents (12ms)
	FinalizeReload (646ms)
		ReleaseScriptCaches (0ms)
		RebuildScriptCaches (0ms)
		SetupLoadedEditorAssemblies (519ms)
			LogAssemblyErrors (0ms)
			InitializePlatformSupportModulesInManaged (3ms)
			SetLoadedEditorAssemblies (5ms)
			BeforeProcessingInitializeOnLoad (89ms)
			ProcessInitializeOnLoadAttributes (313ms)
			ProcessInitializeOnLoadMethodAttributes (107ms)
			AfterProcessingInitializeOnLoad (4ms)
			EditorAssembliesLoaded (0ms)
		ExecutionOrderSort2 (0ms)
		AwakeInstancesAfterBackupRestoration (5ms)
Launched and connected shader compiler UnityShaderCompiler.exe after 0.01 seconds
Refreshing native plugins compatible for Editor in 1.57 ms, found 4 plugins.
Preloading 0 native plugins for Editor in 0.00 ms.
Unloading 220 Unused Serialized files (Serialized files now loaded: 0)
Unloading 6625 unused Assets / (7.5 MB). Loaded Objects now: 7288.
Memory consumption went from 181.0 MB to 173.5 MB.
Total: 16.887200 ms (FindLiveObjects: 0.807900 ms CreateObjectMapping: 0.782300 ms MarkObjects: 8.414400 ms  DeleteObjects: 6.881100 ms)

========================================================================
Received Prepare
Begin MonoManager ReloadAssembly
- Loaded All Assemblies, in  0.805 seconds
Refreshing native plugins compatible for Editor in 0.96 ms, found 4 plugins.
Native extension for WindowsStandalone target not found
Native extension for WebGL target not found
Mono: successfully reloaded assembly
- Finished resetting the current domain, in  0.808 seconds
Domain Reload Profiling: 1616ms
	BeginReloadAssembly (224ms)
		ExecutionOrderSort (0ms)
		DisableScriptedObjects (12ms)
		BackupInstance (0ms)
		ReleaseScriptingObjects (0ms)
		CreateAndSetChildDomain (67ms)
	RebuildCommonClasses (37ms)
	RebuildNativeTypeToScriptingClass (13ms)
	initialDomainReloadingComplete (27ms)
	LoadAllAssembliesAndSetupDomain (506ms)
		LoadAssemblies (406ms)
		RebuildTransferFunctionScriptingTraits (0ms)
		AnalyzeDomain (204ms)
			TypeCache.Refresh (13ms)
				TypeCache.ScanAssembly (0ms)
			BuildScriptInfoCaches (174ms)
			ResolveRequiredComponents (13ms)
	FinalizeReload (809ms)
		ReleaseScriptCaches (0ms)
		RebuildScriptCaches (0ms)
		SetupLoadedEditorAssemblies (585ms)
			LogAssemblyErrors (0ms)
			InitializePlatformSupportModulesInManaged (3ms)
			SetLoadedEditorAssemblies (7ms)
			BeforeProcessingInitializeOnLoad (122ms)
			ProcessInitializeOnLoadAttributes (368ms)
			ProcessInitializeOnLoadMethodAttributes (80ms)
			AfterProcessingInitializeOnLoad (5ms)
			EditorAssembliesLoaded (1ms)
		ExecutionOrderSort2 (0ms)
		AwakeInstancesAfterBackupRestoration (13ms)
Refreshing native plugins compatible for Editor in 2.15 ms, found 4 plugins.
Preloading 0 native plugins for Editor in 0.00 ms.
Unloading 40 Unused Serialized files (Serialized files now loaded: 0)
Unloading 6623 unused Assets / (7.4 MB). Loaded Objects now: 7291.
Memory consumption went from 154.4 MB to 146.9 MB.
Total: 37.348600 ms (FindLiveObjects: 1.204900 ms CreateObjectMapping: 15.658200 ms MarkObjects: 10.196900 ms  DeleteObjects: 10.286600 ms)

Prepare: number of updated asset objects reloaded= 0
========================================================================
Received Import Request.
  Time since last request: 7455.242666 seconds.
  path: Assets/TextMesh Pro/Examples & Extras/Textures/Floor Cement.jpg
  artifactKey: Guid(283f897e4925411ebbaa758b4cb13fc2) Importer(815301076,1909f56bfc062723c751e8b465ee728b)
Start importing Assets/TextMesh Pro/Examples & Extras/Textures/Floor Cement.jpg using Guid(283f897e4925411ebbaa758b4cb13fc2) Importer(815301076,1909f56bfc062723c751e8b465ee728b) (PreviewImporter) -> (artifact id: '71d5456c95eb73b2d667b7c7b8e20f2c') in 0.0912455 seconds
Number of updated asset objects reloaded before import = 0Number of asset objects unloaded after import = 2

========================================================================
Received Prepare
Begin MonoManager ReloadAssembly
- Loaded All Assemblies, in  0.711 seconds
Refreshing native plugins compatible for Editor in 0.85 ms, found 4 plugins.
Native extension for WindowsStandalone target not found
Native extension for WebGL target not found
Mono: successfully reloaded assembly
- Finished resetting the current domain, in  0.717 seconds
Domain Reload Profiling: 1430ms
	BeginReloadAssembly (196ms)
		ExecutionOrderSort (0ms)
		DisableScriptedObjects (13ms)
		BackupInstance (0ms)
		ReleaseScriptingObjects (0ms)
		CreateAndSetChildDomain (57ms)
	RebuildCommonClasses (31ms)
	RebuildNativeTypeToScriptingClass (12ms)
	initialDomainReloadingComplete (26ms)
	LoadAllAssembliesAndSetupDomain (447ms)
		LoadAssemblies (327ms)
		RebuildTransferFunctionScriptingTraits (0ms)
		AnalyzeDomain (205ms)
			TypeCache.Refresh (8ms)
				TypeCache.ScanAssembly (0ms)
			BuildScriptInfoCaches (183ms)
			ResolveRequiredComponents (10ms)
	FinalizeReload (717ms)
		ReleaseScriptCaches (0ms)
		RebuildScriptCaches (0ms)
		SetupLoadedEditorAssemblies (528ms)
			LogAssemblyErrors (0ms)
			InitializePlatformSupportModulesInManaged (3ms)
			SetLoadedEditorAssemblies (6ms)
			BeforeProcessingInitializeOnLoad (103ms)
			ProcessInitializeOnLoadAttributes (345ms)
			ProcessInitializeOnLoadMethodAttributes (66ms)
			AfterProcessingInitializeOnLoad (4ms)
			EditorAssembliesLoaded (1ms)
		ExecutionOrderSort2 (0ms)
		AwakeInstancesAfterBackupRestoration (13ms)
Refreshing native plugins compatible for Editor in 1.74 ms, found 4 plugins.
Preloading 0 native plugins for Editor in 0.00 ms.
Unloading 40 Unused Serialized files (Serialized files now loaded: 0)
Unloading 6623 unused Assets / (7.4 MB). Loaded Objects now: 7298.
Memory consumption went from 155.0 MB to 147.7 MB.
Total: 26.308500 ms (FindLiveObjects: 1.250000 ms CreateObjectMapping: 2.133400 ms MarkObjects: 11.715200 ms  DeleteObjects: 11.206900 ms)

Prepare: number of updated asset objects reloaded= 0
========================================================================
Received Import Request.
  Time since last request: 1092.837273 seconds.
  path: Assets/TextMesh Pro/Examples & Extras/Sprites/Default Sprites.png
  artifactKey: Guid(a0fc465d6cf04254a2938578735e2383) Importer(815301076,1909f56bfc062723c751e8b465ee728b)
Start importing Assets/TextMesh Pro/Examples & Extras/Sprites/Default Sprites.png using Guid(a0fc465d6cf04254a2938578735e2383) Importer(815301076,1909f56bfc062723c751e8b465ee728b) (PreviewImporter) -> (artifact id: '1b204160577ee0ebe557f309a65d5631') in 0.0764681 seconds
Number of updated asset objects reloaded before import = 0Number of asset objects unloaded after import = 2

========================================================================
Received Import Request.
  Time since last request: 0.000032 seconds.
  path: Assets/TextMesh Pro/Examples & Extras/Textures/Floor Tiles 1 - diffuse.jpg
  artifactKey: Guid(85ac55597b97403c82fc6601a93cf241) Importer(815301076,1909f56bfc062723c751e8b465ee728b)
Start importing Assets/TextMesh Pro/Examples & Extras/Textures/Floor Tiles 1 - diffuse.jpg using Guid(85ac55597b97403c82fc6601a93cf241) Importer(815301076,1909f56bfc062723c751e8b465ee728b) (PreviewImporter) -> (artifact id: 'ed7ef92bf67c99b19eba71dd32815a8f') in 0.0200335 seconds
Number of updated asset objects reloaded before import = 0Number of asset objects unloaded after import = 2

========================================================================
Received Import Request.
  Time since last request: 0.000039 seconds.
  path: Assets/TextMesh Pro/Examples & Extras/Sprites/DropCap Numbers.psd
  artifactKey: Guid(fd09957580ac4326916010f1f260975b) Importer(815301076,1909f56bfc062723c751e8b465ee728b)
Start importing Assets/TextMesh Pro/Examples & Extras/Sprites/DropCap Numbers.psd using Guid(fd09957580ac4326916010f1f260975b) Importer(815301076,1909f56bfc062723c751e8b465ee728b) (PreviewImporter) -> (artifact id: 'beded217d66b24afaf9c3d1f6bbbc285') in 0.0166302 seconds
Number of updated asset objects reloaded before import = 0Number of asset objects unloaded after import = 2

========================================================================
Received Import Request.
  Time since last request: 0.000017 seconds.
  path: Assets/TextMesh Pro/Sprites/EmojiOne.png
  artifactKey: Guid(dffef66376be4fa480fb02b19edbe903) Importer(815301076,1909f56bfc062723c751e8b465ee728b)
Start importing Assets/TextMesh Pro/Sprites/EmojiOne.png using Guid(dffef66376be4fa480fb02b19edbe903) Importer(815301076,1909f56bfc062723c751e8b465ee728b) (PreviewImporter) -> (artifact id: '9fddfa0716d63f18252fd9c0608ff5a0') in 0.0158632 seconds
Number of updated asset objects reloaded before import = 0Number of asset objects unloaded after import = 2

========================================================================
Received Import Request.
  Time since last request: 1.181996 seconds.
  path: Assets/TextMesh Pro/Examples & Extras/Textures/Gradient Diagonal (Color).jpg
  artifactKey: Guid(2ce5c55e85304b819a1826ecbc839aa5) Importer(815301076,1909f56bfc062723c751e8b465ee728b)
Start importing Assets/TextMesh Pro/Examples & Extras/Textures/Gradient Diagonal (Color).jpg using Guid(2ce5c55e85304b819a1826ecbc839aa5) Importer(815301076,1909f56bfc062723c751e8b465ee728b) (PreviewImporter) -> (artifact id: 'f179d05c357609093bd1e8eb7838f400') in 0.0147105 seconds
Number of updated asset objects reloaded before import = 0Number of asset objects unloaded after import = 2

========================================================================
Received Import Request.
  Time since last request: 0.000037 seconds.
  path: Assets/TextMesh Pro/Examples & Extras/Textures/Gradient Vertical (Color).jpg
  artifactKey: Guid(03d0538de6e24c0f819bfc9ce084dfa9) Importer(815301076,1909f56bfc062723c751e8b465ee728b)
Start importing Assets/TextMesh Pro/Examples & Extras/Textures/Gradient Vertical (Color).jpg using Guid(03d0538de6e24c0f819bfc9ce084dfa9) Importer(815301076,1909f56bfc062723c751e8b465ee728b) (PreviewImporter) -> (artifact id: '813d045580f7cfc998e9bcec0047e423') in 0.0158341 seconds
Number of updated asset objects reloaded before import = 0Number of asset objects unloaded after import = 2

========================================================================
Received Import Request.
  Time since last request: 0.460018 seconds.
  path: Assets/Plugins/Demigiant/DOTween/Editor/Imgs/Header.jpg
  artifactKey: Guid(78a59ca99f8987941adb61f9e14a06a7) Importer(815301076,1909f56bfc062723c751e8b465ee728b)
Start importing Assets/Plugins/Demigiant/DOTween/Editor/Imgs/Header.jpg using Guid(78a59ca99f8987941adb61f9e14a06a7) Importer(815301076,1909f56bfc062723c751e8b465ee728b) (PreviewImporter) -> (artifact id: 'ae67ed54f81d76326e9543dbc7f16c4d') in 0.0190187 seconds
Number of updated asset objects reloaded before import = 0Number of asset objects unloaded after import = 2

========================================================================
Received Import Request.
  Time since last request: 104.701797 seconds.
  path: Assets/Settings/Hidden Gem image
  artifactKey: Guid(e621e8405d58cbb40910624eeeea82f6) Importer(815301076,1909f56bfc062723c751e8b465ee728b)
Start importing Assets/Settings/Hidden Gem image using Guid(e621e8405d58cbb40910624eeeea82f6) Importer(815301076,1909f56bfc062723c751e8b465ee728b) (PreviewImporter) -> (artifact id: '4da521cb18d059e9caa9d4e02d397194') in 0.0008716 seconds
Number of updated asset objects reloaded before import = 0Number of asset objects unloaded after import = 0

========================================================================
Received Import Request.
  Time since last request: 150.194421 seconds.
  path: Assets/Settings/Hidden Gem image/exit.png
  artifactKey: Guid(764760f53b722b2478bdfc9a913329bc) Importer(815301076,1909f56bfc062723c751e8b465ee728b)
Start importing Assets/Settings/Hidden Gem image/exit.png using Guid(764760f53b722b2478bdfc9a913329bc) Importer(815301076,1909f56bfc062723c751e8b465ee728b) (PreviewImporter) -> (artifact id: '4f98c9bb9d499b61bf6e3ff0d7028aa1') in 0.0644658 seconds
Number of updated asset objects reloaded before import = 0Number of asset objects unloaded after import = 3

========================================================================
Received Import Request.
  Time since last request: 110.335167 seconds.
  path: Assets/Settings/Hidden Gem image/Hidden Gem minigame - Merge game
  artifactKey: Guid(50b7885c883872f4cbec9f320a6ad1f5) Importer(815301076,1909f56bfc062723c751e8b465ee728b)
Start importing Assets/Settings/Hidden Gem image/Hidden Gem minigame - Merge game using Guid(50b7885c883872f4cbec9f320a6ad1f5) Importer(815301076,1909f56bfc062723c751e8b465ee728b) (PreviewImporter) -> (artifact id: '93ff352e686ae0fbc63581ee7aff00f0') in 0.0013668 seconds
Number of updated asset objects reloaded before import = 0Number of asset objects unloaded after import = 0

========================================================================
Received Import Request.
  Time since last request: 0.074769 seconds.
  path: Assets/Settings/Hidden Gem image/Hidden Gem minigame - Merge game/image 1.png
  artifactKey: Guid(f4c34025f15c18c458aa9e42e8de6b21) Importer(815301076,1909f56bfc062723c751e8b465ee728b)
Start importing Assets/Settings/Hidden Gem image/Hidden Gem minigame - Merge game/image 1.png using Guid(f4c34025f15c18c458aa9e42e8de6b21) Importer(815301076,1909f56bfc062723c751e8b465ee728b) (PreviewImporter) -> (artifact id: '4145c72f9e2541f456fe8acbc1bffe01') in 0.0238532 seconds
Number of updated asset objects reloaded before import = 0Number of asset objects unloaded after import = 3

========================================================================
Received Import Request.
  Time since last request: 0.000030 seconds.
  path: Assets/Settings/Hidden Gem image/Hidden Gem minigame - Merge game/image 981-2.png
  artifactKey: Guid(ffcdcba1b694eab4fac5a9d11e76f73b) Importer(815301076,1909f56bfc062723c751e8b465ee728b)
Start importing Assets/Settings/Hidden Gem image/Hidden Gem minigame - Merge game/image 981-2.png using Guid(ffcdcba1b694eab4fac5a9d11e76f73b) Importer(815301076,1909f56bfc062723c751e8b465ee728b) (PreviewImporter) -> (artifact id: '95210c78dc6781064fe804409a5e90e5') in 0.0286035 seconds
Number of updated asset objects reloaded before import = 0Number of asset objects unloaded after import = 3

========================================================================
Received Import Request.
  Time since last request: 0.000023 seconds.
  path: Assets/Settings/Hidden Gem image/Hidden Gem minigame - Merge game/image 982-5.png
  artifactKey: Guid(b2bf4041b6128d54cb5952ac74643f23) Importer(815301076,1909f56bfc062723c751e8b465ee728b)
Start importing Assets/Settings/Hidden Gem image/Hidden Gem minigame - Merge game/image 982-5.png using Guid(b2bf4041b6128d54cb5952ac74643f23) Importer(815301076,1909f56bfc062723c751e8b465ee728b) (PreviewImporter) -> (artifact id: '1df4c341ff184ee7574faf1d1b3a77ed') in 0.0223904 seconds
Number of updated asset objects reloaded before import = 0Number of asset objects unloaded after import = 3

========================================================================
Received Import Request.
  Time since last request: 0.000034 seconds.
  path: Assets/Settings/Hidden Gem image/Hidden Gem minigame - Merge game/image 26.png
  artifactKey: Guid(e02eabea7538f22459716bbdcc8891dc) Importer(815301076,1909f56bfc062723c751e8b465ee728b)
Start importing Assets/Settings/Hidden Gem image/Hidden Gem minigame - Merge game/image 26.png using Guid(e02eabea7538f22459716bbdcc8891dc) Importer(815301076,1909f56bfc062723c751e8b465ee728b) (PreviewImporter) -> (artifact id: '3e7439702c354ad7a224d44c28ec7dab') in 0.0208848 seconds
Number of updated asset objects reloaded before import = 0Number of asset objects unloaded after import = 3

========================================================================
Received Import Request.
  Time since last request: 0.000039 seconds.
  path: Assets/Settings/Hidden Gem image/Hidden Gem minigame - Merge game/image 29.png
  artifactKey: Guid(8acc7bf6891546d4285ff5c0245f3d47) Importer(815301076,1909f56bfc062723c751e8b465ee728b)
Start importing Assets/Settings/Hidden Gem image/Hidden Gem minigame - Merge game/image 29.png using Guid(8acc7bf6891546d4285ff5c0245f3d47) Importer(815301076,1909f56bfc062723c751e8b465ee728b) (PreviewImporter) -> (artifact id: '80ff2deb0c12686b736571a574d6833e') in 0.0197724 seconds
Number of updated asset objects reloaded before import = 0Number of asset objects unloaded after import = 3

========================================================================
Received Import Request.
  Time since last request: 0.000022 seconds.
  path: Assets/Settings/Hidden Gem image/Hidden Gem minigame - Merge game/image 31.png
  artifactKey: Guid(3a8f14e821380ea45a24ea696b517d5a) Importer(815301076,1909f56bfc062723c751e8b465ee728b)
Start importing Assets/Settings/Hidden Gem image/Hidden Gem minigame - Merge game/image 31.png using Guid(3a8f14e821380ea45a24ea696b517d5a) Importer(815301076,1909f56bfc062723c751e8b465ee728b) (PreviewImporter) -> (artifact id: 'd2d922e1b7be03a65b6087ae44add79f') in 0.0208033 seconds
Number of updated asset objects reloaded before import = 0Number of asset objects unloaded after import = 3

========================================================================
Received Import Request.
  Time since last request: 0.000026 seconds.
  path: Assets/Settings/Hidden Gem image/Hidden Gem minigame - Merge game/image 2-7.png
  artifactKey: Guid(64f0925dcca6c1c459132249d098fef9) Importer(815301076,1909f56bfc062723c751e8b465ee728b)
Start importing Assets/Settings/Hidden Gem image/Hidden Gem minigame - Merge game/image 2-7.png using Guid(64f0925dcca6c1c459132249d098fef9) Importer(815301076,1909f56bfc062723c751e8b465ee728b) (PreviewImporter) -> (artifact id: '8c2399f138847786f9f726b0f613b7e2') in 0.0230825 seconds
Number of updated asset objects reloaded before import = 0Number of asset objects unloaded after import = 3

========================================================================
Received Import Request.
  Time since last request: 0.000023 seconds.
  path: Assets/Settings/Hidden Gem image/Hidden Gem minigame - Merge game/image 30.png
  artifactKey: Guid(79e0129e0d2bb1e4fb9577b781089f52) Importer(815301076,1909f56bfc062723c751e8b465ee728b)
Start importing Assets/Settings/Hidden Gem image/Hidden Gem minigame - Merge game/image 30.png using Guid(79e0129e0d2bb1e4fb9577b781089f52) Importer(815301076,1909f56bfc062723c751e8b465ee728b) (PreviewImporter) -> (artifact id: '39f00b98c563277e5ccec76074025456') in 0.0441692 seconds
Number of updated asset objects reloaded before import = 0Number of asset objects unloaded after import = 3

========================================================================
Received Import Request.
  Time since last request: 0.000022 seconds.
  path: Assets/Settings/Hidden Gem image/Hidden Gem minigame - Merge game/image 2-4.png
  artifactKey: Guid(0f9e9d74608cc3b4b80cbcc4cc7772e5) Importer(815301076,1909f56bfc062723c751e8b465ee728b)
Start importing Assets/Settings/Hidden Gem image/Hidden Gem minigame - Merge game/image 2-4.png using Guid(0f9e9d74608cc3b4b80cbcc4cc7772e5) Importer(815301076,1909f56bfc062723c751e8b465ee728b) (PreviewImporter) -> (artifact id: '521482781f4b4d02da8c9ce6136ba504') in 0.025566 seconds
Number of updated asset objects reloaded before import = 0Number of asset objects unloaded after import = 3

========================================================================
Received Import Request.
  Time since last request: 0.000019 seconds.
  path: Assets/Settings/Hidden Gem image/Hidden Gem minigame - Merge game/image 980.png
  artifactKey: Guid(d45d4235934e75042b5f17b856faeb89) Importer(815301076,1909f56bfc062723c751e8b465ee728b)
Start importing Assets/Settings/Hidden Gem image/Hidden Gem minigame - Merge game/image 980.png using Guid(d45d4235934e75042b5f17b856faeb89) Importer(815301076,1909f56bfc062723c751e8b465ee728b) (PreviewImporter) -> (artifact id: '3af28837ad9c49cff8455dc856798941') in 0.2526513 seconds
Number of updated asset objects reloaded before import = 0Number of asset objects unloaded after import = 95

========================================================================
Received Import Request.
  Time since last request: 0.000033 seconds.
  path: Assets/Settings/Hidden Gem image/Hidden Gem minigame - Merge game/image 981.png
  artifactKey: Guid(2db8ed98e15526c449f76c7ff4c9f301) Importer(815301076,1909f56bfc062723c751e8b465ee728b)
Start importing Assets/Settings/Hidden Gem image/Hidden Gem minigame - Merge game/image 981.png using Guid(2db8ed98e15526c449f76c7ff4c9f301) Importer(815301076,1909f56bfc062723c751e8b465ee728b) (PreviewImporter) -> (artifact id: '104fd99c64907d2364eb5ea9c637c434') in 0.0224145 seconds
Number of updated asset objects reloaded before import = 0Number of asset objects unloaded after import = 3

========================================================================
Received Import Request.
  Time since last request: 0.000021 seconds.
  path: Assets/Settings/Hidden Gem image/Hidden Gem minigame - Merge game/image 27.png
  artifactKey: Guid(7d893f9bc19dbac458db5034e80d0ce6) Importer(815301076,1909f56bfc062723c751e8b465ee728b)
Start importing Assets/Settings/Hidden Gem image/Hidden Gem minigame - Merge game/image 27.png using Guid(7d893f9bc19dbac458db5034e80d0ce6) Importer(815301076,1909f56bfc062723c751e8b465ee728b) (PreviewImporter) -> (artifact id: '97462488b34256d2c2360ae3c4ca8a86') in 0.0280008 seconds
Number of updated asset objects reloaded before import = 0Number of asset objects unloaded after import = 3

========================================================================
Received Import Request.
  Time since last request: 0.000016 seconds.
  path: Assets/Settings/Hidden Gem image/Hidden Gem minigame - Merge game/image 2-8.png
  artifactKey: Guid(394a8198b6b4fcb4a96de1c868aa6b9f) Importer(815301076,1909f56bfc062723c751e8b465ee728b)
Start importing Assets/Settings/Hidden Gem image/Hidden Gem minigame - Merge game/image 2-8.png using Guid(394a8198b6b4fcb4a96de1c868aa6b9f) Importer(815301076,1909f56bfc062723c751e8b465ee728b) (PreviewImporter) -> (artifact id: '7d05fd125ca8c64a8f6efbb381cb07cc') in 0.0195166 seconds
Number of updated asset objects reloaded before import = 0Number of asset objects unloaded after import = 3

========================================================================
Received Import Request.
  Time since last request: 0.000020 seconds.
  path: Assets/Settings/Hidden Gem image/Hidden Gem minigame - Merge game/image 2-5.png
  artifactKey: Guid(781e6d3ac1c655849b2a4474a0b7bfd2) Importer(815301076,1909f56bfc062723c751e8b465ee728b)
Start importing Assets/Settings/Hidden Gem image/Hidden Gem minigame - Merge game/image 2-5.png using Guid(781e6d3ac1c655849b2a4474a0b7bfd2) Importer(815301076,1909f56bfc062723c751e8b465ee728b) (PreviewImporter) -> (artifact id: '0ab0f11c55c28a65170fc76786161752') in 0.0211482 seconds
Number of updated asset objects reloaded before import = 0Number of asset objects unloaded after import = 3

========================================================================
Received Import Request.
  Time since last request: 0.000020 seconds.
  path: Assets/Settings/Hidden Gem image/Hidden Gem minigame - Merge game/image 981-4.png
  artifactKey: Guid(4a28174443416bc4ba1be86eeddbc030) Importer(815301076,1909f56bfc062723c751e8b465ee728b)
Start importing Assets/Settings/Hidden Gem image/Hidden Gem minigame - Merge game/image 981-4.png using Guid(4a28174443416bc4ba1be86eeddbc030) Importer(815301076,1909f56bfc062723c751e8b465ee728b) (PreviewImporter) -> (artifact id: '69389eee5aa2290893970eee6fe71b4c') in 0.0243432 seconds
Number of updated asset objects reloaded before import = 0Number of asset objects unloaded after import = 3

========================================================================
Received Import Request.
  Time since last request: 0.000038 seconds.
  path: Assets/Settings/Hidden Gem image/Hidden Gem minigame - Merge game/image 981-7.png
  artifactKey: Guid(700462f2240a0d441b8730b866dd3efb) Importer(815301076,1909f56bfc062723c751e8b465ee728b)
Start importing Assets/Settings/Hidden Gem image/Hidden Gem minigame - Merge game/image 981-7.png using Guid(700462f2240a0d441b8730b866dd3efb) Importer(815301076,1909f56bfc062723c751e8b465ee728b) (PreviewImporter) -> (artifact id: 'fedb2dd471881e9773ce34af91bcd990') in 0.0260274 seconds
Number of updated asset objects reloaded before import = 0Number of asset objects unloaded after import = 3

========================================================================
Received Import Request.
  Time since last request: 0.000029 seconds.
  path: Assets/Settings/Hidden Gem image/Hidden Gem minigame - Merge game/image 982-4.png
  artifactKey: Guid(b0a3cb240d15508468ac4ccdbb417d27) Importer(815301076,1909f56bfc062723c751e8b465ee728b)
Start importing Assets/Settings/Hidden Gem image/Hidden Gem minigame - Merge game/image 982-4.png using Guid(b0a3cb240d15508468ac4ccdbb417d27) Importer(815301076,1909f56bfc062723c751e8b465ee728b) (PreviewImporter) -> (artifact id: '3b6685cf12d6e6fce5c16c4ca2774fd6') in 0.0176611 seconds
Number of updated asset objects reloaded before import = 0Number of asset objects unloaded after import = 3

========================================================================
Received Import Request.
  Time since last request: 0.000023 seconds.
  path: Assets/Settings/Hidden Gem image/Hidden Gem minigame - Merge game/image 2-6.png
  artifactKey: Guid(eb5b49d51299ed1468acf18785b6a434) Importer(815301076,1909f56bfc062723c751e8b465ee728b)
Start importing Assets/Settings/Hidden Gem image/Hidden Gem minigame - Merge game/image 2-6.png using Guid(eb5b49d51299ed1468acf18785b6a434) Importer(815301076,1909f56bfc062723c751e8b465ee728b) (PreviewImporter) -> (artifact id: '64868d2c406fb6b4f5102f4c084fa2ce') in 0.021897 seconds
Number of updated asset objects reloaded before import = 0Number of asset objects unloaded after import = 3

========================================================================
Received Import Request.
  Time since last request: 0.000021 seconds.
  path: Assets/Settings/Hidden Gem image/Hidden Gem minigame - Merge game/image 981-3.png
  artifactKey: Guid(562d38b8b0cf8ac4bab1c62385a7ab58) Importer(815301076,1909f56bfc062723c751e8b465ee728b)
Start importing Assets/Settings/Hidden Gem image/Hidden Gem minigame - Merge game/image 981-3.png using Guid(562d38b8b0cf8ac4bab1c62385a7ab58) Importer(815301076,1909f56bfc062723c751e8b465ee728b) (PreviewImporter) -> (artifact id: '37c8a5e24b037044762c78323975f341') in 0.0207853 seconds
Number of updated asset objects reloaded before import = 0Number of asset objects unloaded after import = 3

========================================================================
Received Import Request.
  Time since last request: 0.000017 seconds.
  path: Assets/Settings/Hidden Gem image/Hidden Gem minigame - Merge game/image 2-9.png
  artifactKey: Guid(287ff14905753f34990f30b3bf125fe5) Importer(815301076,1909f56bfc062723c751e8b465ee728b)
Start importing Assets/Settings/Hidden Gem image/Hidden Gem minigame - Merge game/image 2-9.png using Guid(287ff14905753f34990f30b3bf125fe5) Importer(815301076,1909f56bfc062723c751e8b465ee728b) (PreviewImporter) -> (artifact id: 'c666c2c2c3174e077123acf9f6828dd9') in 0.0201984 seconds
Number of updated asset objects reloaded before import = 0Number of asset objects unloaded after import = 3

========================================================================
Received Import Request.
  Time since last request: 0.000018 seconds.
  path: Assets/Settings/Hidden Gem image/Hidden Gem minigame - Merge game/image 982-2.png
  artifactKey: Guid(e3bd3571870476441a11e7739d8e2be4) Importer(815301076,1909f56bfc062723c751e8b465ee728b)
Start importing Assets/Settings/Hidden Gem image/Hidden Gem minigame - Merge game/image 982-2.png using Guid(e3bd3571870476441a11e7739d8e2be4) Importer(815301076,1909f56bfc062723c751e8b465ee728b) (PreviewImporter) -> (artifact id: '39de046c4d8b3fb69c7a0270b05b1636') in 0.020126 seconds
Number of updated asset objects reloaded before import = 0Number of asset objects unloaded after import = 3

========================================================================
Received Import Request.
  Time since last request: 0.000025 seconds.
  path: Assets/Settings/Hidden Gem image/Hidden Gem minigame - Merge game/image 892-1.png
  artifactKey: Guid(0b0b1fee1ea54204fb481cb22fda41c1) Importer(815301076,1909f56bfc062723c751e8b465ee728b)
Start importing Assets/Settings/Hidden Gem image/Hidden Gem minigame - Merge game/image 892-1.png using Guid(0b0b1fee1ea54204fb481cb22fda41c1) Importer(815301076,1909f56bfc062723c751e8b465ee728b) (PreviewImporter) -> (artifact id: '3472f3b4d4a0b1d5caecfbb00ee8f295') in 0.0235881 seconds
Number of updated asset objects reloaded before import = 0Number of asset objects unloaded after import = 3

========================================================================
Received Import Request.
  Time since last request: 0.000035 seconds.
  path: Assets/Settings/Hidden Gem image/Hidden Gem minigame - Merge game/image 22.png
  artifactKey: Guid(d083dd6ce8686f94e8647bfe960d8364) Importer(815301076,1909f56bfc062723c751e8b465ee728b)
Start importing Assets/Settings/Hidden Gem image/Hidden Gem minigame - Merge game/image 22.png using Guid(d083dd6ce8686f94e8647bfe960d8364) Importer(815301076,1909f56bfc062723c751e8b465ee728b) (PreviewImporter) -> (artifact id: 'bea504744b864e9c0015780854a566e2') in 0.0246214 seconds
Number of updated asset objects reloaded before import = 0Number of asset objects unloaded after import = 3

========================================================================
Received Import Request.
  Time since last request: 0.000052 seconds.
  path: Assets/Settings/Hidden Gem image/Hidden Gem minigame - Merge game/image 2-13.png
  artifactKey: Guid(1ae331f30554d3143b979d36f47d5289) Importer(815301076,1909f56bfc062723c751e8b465ee728b)
Start importing Assets/Settings/Hidden Gem image/Hidden Gem minigame - Merge game/image 2-13.png using Guid(1ae331f30554d3143b979d36f47d5289) Importer(815301076,1909f56bfc062723c751e8b465ee728b) (PreviewImporter) -> (artifact id: '814ed4bcc723cb25dbc075e58567c467') in 0.0248118 seconds
Number of updated asset objects reloaded before import = 0Number of asset objects unloaded after import = 3

========================================================================
Received Import Request.
  Time since last request: 0.000039 seconds.
  path: Assets/Settings/Hidden Gem image/Hidden Gem minigame - Merge game/image 2-14.png
  artifactKey: Guid(9fa169eb579579646846a73a21c8a617) Importer(815301076,1909f56bfc062723c751e8b465ee728b)
Start importing Assets/Settings/Hidden Gem image/Hidden Gem minigame - Merge game/image 2-14.png using Guid(9fa169eb579579646846a73a21c8a617) Importer(815301076,1909f56bfc062723c751e8b465ee728b) (PreviewImporter) -> (artifact id: '62a6e61afdb66c5a861d3da4a03ea40f') in 0.0208603 seconds
Number of updated asset objects reloaded before import = 0Number of asset objects unloaded after import = 3

========================================================================
Received Import Request.
  Time since last request: 20.269683 seconds.
  path: Assets/Settings/Hidden Gem image/Hidden Gem minigame - Merge game/image 982-6.png
  artifactKey: Guid(6c6c7bcec3fbb8f46a8f35f2eff0154e) Importer(815301076,1909f56bfc062723c751e8b465ee728b)
Start importing Assets/Settings/Hidden Gem image/Hidden Gem minigame - Merge game/image 982-6.png using Guid(6c6c7bcec3fbb8f46a8f35f2eff0154e) Importer(815301076,1909f56bfc062723c751e8b465ee728b) (PreviewImporter) -> (artifact id: '25f7ebd4e9d749aee79cef6ecc0b7186') in 0.0240384 seconds
Number of updated asset objects reloaded before import = 0Number of asset objects unloaded after import = 3

========================================================================
Received Import Request.
  Time since last request: 0.185806 seconds.
  path: Assets/Settings/Hidden Gem image/Hidden Gem minigame - Merge game/image 983-2.png
  artifactKey: Guid(ebccd53b3cc96e14690286d9b15d4579) Importer(815301076,1909f56bfc062723c751e8b465ee728b)
Start importing Assets/Settings/Hidden Gem image/Hidden Gem minigame - Merge game/image 983-2.png using Guid(ebccd53b3cc96e14690286d9b15d4579) Importer(815301076,1909f56bfc062723c751e8b465ee728b) (PreviewImporter) -> (artifact id: '112d563fecec6ae47ba72e540e59b817') in 0.0228506 seconds
Number of updated asset objects reloaded before import = 0Number of asset objects unloaded after import = 3

========================================================================
Received Import Request.
  Time since last request: 0.000021 seconds.
  path: Assets/Settings/Hidden Gem image/Hidden Gem minigame - Merge game/image 984-1.png
  artifactKey: Guid(7d4f0cfdb1498cf479dc4004083a0306) Importer(815301076,1909f56bfc062723c751e8b465ee728b)
Start importing Assets/Settings/Hidden Gem image/Hidden Gem minigame - Merge game/image 984-1.png using Guid(7d4f0cfdb1498cf479dc4004083a0306) Importer(815301076,1909f56bfc062723c751e8b465ee728b) (PreviewImporter) -> (artifact id: '221ed993e5b17fa30c72d128ecc19b4c') in 0.020975 seconds
Number of updated asset objects reloaded before import = 0Number of asset objects unloaded after import = 3

========================================================================
Received Import Request.
  Time since last request: 0.330589 seconds.
  path: Assets/Settings/Hidden Gem image/Hidden Gem minigame - Merge game/image 984-2.png
  artifactKey: Guid(f303af286dc2ad4498ce7e656a4e3731) Importer(815301076,1909f56bfc062723c751e8b465ee728b)
Start importing Assets/Settings/Hidden Gem image/Hidden Gem minigame - Merge game/image 984-2.png using Guid(f303af286dc2ad4498ce7e656a4e3731) Importer(815301076,1909f56bfc062723c751e8b465ee728b) (PreviewImporter) -> (artifact id: '34218d184a3784d26f8951cd5b649e99') in 0.0211293 seconds
Number of updated asset objects reloaded before import = 0Number of asset objects unloaded after import = 3

========================================================================
Received Import Request.
  Time since last request: 0.000021 seconds.
  path: Assets/Settings/Hidden Gem image/Hidden Gem minigame - Merge game/image 985.png
  artifactKey: Guid(71dc1147633f04c44b714435f8085db4) Importer(815301076,1909f56bfc062723c751e8b465ee728b)
Start importing Assets/Settings/Hidden Gem image/Hidden Gem minigame - Merge game/image 985.png using Guid(71dc1147633f04c44b714435f8085db4) Importer(815301076,1909f56bfc062723c751e8b465ee728b) (PreviewImporter) -> (artifact id: 'a395dec6dc1c72a78d5240bb1ceb9193') in 0.0227194 seconds
Number of updated asset objects reloaded before import = 0Number of asset objects unloaded after import = 3

========================================================================
Received Import Request.
  Time since last request: 0.290565 seconds.
  path: Assets/Settings/Hidden Gem image/Hidden Gem minigame - Merge game/image 985-2.png
  artifactKey: Guid(2e6f9232b301a5c41a31f73b7bcab757) Importer(815301076,1909f56bfc062723c751e8b465ee728b)
Start importing Assets/Settings/Hidden Gem image/Hidden Gem minigame - Merge game/image 985-2.png using Guid(2e6f9232b301a5c41a31f73b7bcab757) Importer(815301076,1909f56bfc062723c751e8b465ee728b) (PreviewImporter) -> (artifact id: '78fc570f96f6deea03adffeddbf49826') in 0.0223533 seconds
Number of updated asset objects reloaded before import = 0Number of asset objects unloaded after import = 3

========================================================================
Received Import Request.
  Time since last request: 0.000018 seconds.
  path: Assets/Settings/Hidden Gem image/Hidden Gem minigame - Merge game/image 985-7.png
  artifactKey: Guid(dd0a59b0db3deb14b8fcad0d8f9a33b9) Importer(815301076,1909f56bfc062723c751e8b465ee728b)
Start importing Assets/Settings/Hidden Gem image/Hidden Gem minigame - Merge game/image 985-7.png using Guid(dd0a59b0db3deb14b8fcad0d8f9a33b9) Importer(815301076,1909f56bfc062723c751e8b465ee728b) (PreviewImporter) -> (artifact id: '986872f47236c7d0483f4d016a80b913') in 0.0237596 seconds
Number of updated asset objects reloaded before import = 0Number of asset objects unloaded after import = 3

========================================================================
Received Import Request.
  Time since last request: 0.000015 seconds.
  path: Assets/Settings/Hidden Gem image/Hidden Gem minigame - Merge game/image 986-6.png
  artifactKey: Guid(cc964d639192565448dcd97e302faafc) Importer(815301076,1909f56bfc062723c751e8b465ee728b)
Start importing Assets/Settings/Hidden Gem image/Hidden Gem minigame - Merge game/image 986-6.png using Guid(cc964d639192565448dcd97e302faafc) Importer(815301076,1909f56bfc062723c751e8b465ee728b) (PreviewImporter) -> (artifact id: 'e902d0ce5977cb10470fa7b25042cfa7') in 0.0241039 seconds
Number of updated asset objects reloaded before import = 0Number of asset objects unloaded after import = 3

========================================================================
Received Import Request.
  Time since last request: 0.000028 seconds.
  path: Assets/Settings/Hidden Gem image/Hidden Gem minigame - Merge game/image 1007.png
  artifactKey: Guid(dd924202299ac57458a3cd21a094f323) Importer(815301076,1909f56bfc062723c751e8b465ee728b)
Start importing Assets/Settings/Hidden Gem image/Hidden Gem minigame - Merge game/image 1007.png using Guid(dd924202299ac57458a3cd21a094f323) Importer(815301076,1909f56bfc062723c751e8b465ee728b) (PreviewImporter) -> (artifact id: '93ff31252ebb2054ecefe50b393eebd8') in 0.0220628 seconds
Number of updated asset objects reloaded before import = 0Number of asset objects unloaded after import = 3

========================================================================
Received Import Request.
  Time since last request: 0.210603 seconds.
  path: Assets/Settings/Hidden Gem image/Hidden Gem minigame - Merge game/image 1009.png
  artifactKey: Guid(413c7955beb838349ac010311be1c389) Importer(815301076,1909f56bfc062723c751e8b465ee728b)
Start importing Assets/Settings/Hidden Gem image/Hidden Gem minigame - Merge game/image 1009.png using Guid(413c7955beb838349ac010311be1c389) Importer(815301076,1909f56bfc062723c751e8b465ee728b) (PreviewImporter) -> (artifact id: 'f234a3d32c9d9b51289c4d42439d4846') in 0.0267767 seconds
Number of updated asset objects reloaded before import = 0Number of asset objects unloaded after import = 3

========================================================================
Received Import Request.
  Time since last request: 0.000020 seconds.
  path: Assets/Settings/Hidden Gem image/Hidden Gem minigame - Merge game/image 1012.png
  artifactKey: Guid(482d319ecc7acf54fb048947abf60610) Importer(815301076,1909f56bfc062723c751e8b465ee728b)
Start importing Assets/Settings/Hidden Gem image/Hidden Gem minigame - Merge game/image 1012.png using Guid(482d319ecc7acf54fb048947abf60610) Importer(815301076,1909f56bfc062723c751e8b465ee728b) (PreviewImporter) -> (artifact id: '5f17cafea4c870d0df5b95ce187aa7df') in 0.0293442 seconds
Number of updated asset objects reloaded before import = 0Number of asset objects unloaded after import = 3

========================================================================
Received Import Request.
  Time since last request: 0.000053 seconds.
  path: Assets/Settings/Hidden Gem image/Hidden Gem minigame - Merge game/image 1013.png
  artifactKey: Guid(602976e0a9a119a48b2c8560c271c1b4) Importer(815301076,1909f56bfc062723c751e8b465ee728b)
Start importing Assets/Settings/Hidden Gem image/Hidden Gem minigame - Merge game/image 1013.png using Guid(602976e0a9a119a48b2c8560c271c1b4) Importer(815301076,1909f56bfc062723c751e8b465ee728b) (PreviewImporter) -> (artifact id: '2b21858dfa904b83513c683a78ef9c74') in 0.0225249 seconds
Number of updated asset objects reloaded before import = 0Number of asset objects unloaded after import = 3

========================================================================
Received Import Request.
  Time since last request: 0.000022 seconds.
  path: Assets/Settings/Hidden Gem image/Hidden Gem minigame - Merge game/image 1015-1.png
  artifactKey: Guid(86040b32005320745b7896a4cf33de16) Importer(815301076,1909f56bfc062723c751e8b465ee728b)
Start importing Assets/Settings/Hidden Gem image/Hidden Gem minigame - Merge game/image 1015-1.png using Guid(86040b32005320745b7896a4cf33de16) Importer(815301076,1909f56bfc062723c751e8b465ee728b) (PreviewImporter) -> (artifact id: '7002117d02c49e5d81a08d7c22dc9715') in 0.0197836 seconds
Number of updated asset objects reloaded before import = 0Number of asset objects unloaded after import = 3

========================================================================
Received Import Request.
  Time since last request: 0.772303 seconds.
  path: Assets/Settings/Hidden Gem image/Hidden Gem minigame - Merge game/image 1017-2.png
  artifactKey: Guid(20cbf42e38fb71e479c9d9faa1fd2511) Importer(815301076,1909f56bfc062723c751e8b465ee728b)
Start importing Assets/Settings/Hidden Gem image/Hidden Gem minigame - Merge game/image 1017-2.png using Guid(20cbf42e38fb71e479c9d9faa1fd2511) Importer(815301076,1909f56bfc062723c751e8b465ee728b) (PreviewImporter) -> (artifact id: '2ab96862152a8d82f149eb68942e0325') in 0.0235637 seconds
Number of updated asset objects reloaded before import = 0Number of asset objects unloaded after import = 3

Editor requested this worker to shutdown with reason: Scaling down because of idle timeout
AssetImportWorker is now disconnected from the server
Process exiting
Exiting without the bug reporter. Application will terminate with return code 0