Using pre-set license
Built from '6000.0/release' branch; Version is '6000.0.45f1 (d91bd3d4e081) revision 14228435'; Using compiler version '193933523'; Build Type 'Release'
OS: 'Windows 11  (10.0.22631) 64bit CoreSingleLanguage' Language: 'en' Physical Memory: 24355 MB
BatchMode: 1, IsHumanControllingUs: 0, StartBugReporterOnCrash: 0, Is64bit: 1, IsPro: 1

COMMAND LINE ARGUMENTS:
C:\Program Files\Unity\Hub\Editor\6000.0.45f1\Editor\Unity.exe
-adb2
-batchMode
-noUpm
-name
AssetImportWorker1
-projectPath
D:/Khoa/Work/Hidden gem/Hidden gem
-logFile
Logs/AssetImportWorker1.log
-srvPort
52225
-job-worker-count
7
-background-job-worker-count
8
-gc-helper-count
1
Successfully changed project path to: D:/Khoa/Work/Hidden gem/Hidden gem
D:/Khoa/Work/Hidden gem/Hidden gem
[UnityMemory] Configuration Parameters - Can be set up in boot.config
    "memorysetup-bucket-allocator-granularity=16"
    "memorysetup-bucket-allocator-bucket-count=8"
    "memorysetup-bucket-allocator-block-size=33554432"
    "memorysetup-bucket-allocator-block-count=8"
    "memorysetup-main-allocator-block-size=16777216"
    "memorysetup-thread-allocator-block-size=16777216"
    "memorysetup-gfx-main-allocator-block-size=16777216"
    "memorysetup-gfx-thread-allocator-block-size=16777216"
    "memorysetup-cache-allocator-block-size=4194304"
    "memorysetup-typetree-allocator-block-size=2097152"
    "memorysetup-profiler-bucket-allocator-granularity=16"
    "memorysetup-profiler-bucket-allocator-bucket-count=8"
    "memorysetup-profiler-bucket-allocator-block-size=33554432"
    "memorysetup-profiler-bucket-allocator-block-count=8"
    "memorysetup-profiler-allocator-block-size=16777216"
    "memorysetup-profiler-editor-allocator-block-size=1048576"
    "memorysetup-temp-allocator-size-main=16777216"
    "memorysetup-job-temp-allocator-block-size=2097152"
    "memorysetup-job-temp-allocator-block-size-background=1048576"
    "memorysetup-job-temp-allocator-reduction-small-platforms=262144"
    "memorysetup-allocator-temp-initial-block-size-main=262144"
    "memorysetup-allocator-temp-initial-block-size-worker=262144"
    "memorysetup-temp-allocator-size-background-worker=32768"
    "memorysetup-temp-allocator-size-job-worker=262144"
    "memorysetup-temp-allocator-size-preload-manager=33554432"
    "memorysetup-temp-allocator-size-nav-mesh-worker=65536"
    "memorysetup-temp-allocator-size-audio-worker=65536"
    "memorysetup-temp-allocator-size-cloud-worker=32768"
    "memorysetup-temp-allocator-size-gi-baking-worker=262144"
    "memorysetup-temp-allocator-size-gi-baking-worker=262144"
    "memorysetup-temp-allocator-size-gi-baking-worker=262144"
    "memorysetup-temp-allocator-size-gi-baking-worker=262144"
    "memorysetup-temp-allocator-size-gi-baking-worker=262144"
    "memorysetup-temp-allocator-size-gfx=262144"
Player connection [6172]  Target information:

Player connection [6172]  * "[IP] 192.168.1.25 [Port] 0 [Flags] 2 [Guid] 3573530659 [EditorId] 3573530659 [Version] 1048832 [Id] WindowsEditor(7,DESKTOP-74S139L) [Debug] 1 [PackageName] WindowsEditor [ProjectName] Editor" 

Player connection [6172] Host joined multi-casting on [225.0.0.222:54997]...
Player connection [6172] Host joined alternative multi-casting on [225.0.0.222:34997]...
JobSystem: Creating JobQueue using job-worker-count value 7
Input System module state changed to: Initialized.
[Physics::Module] Initialized fallback backend.
[Physics::Module] Id: 0xdecafbad
Library Redirect Path: Library/
[Physics::Module] Selected backend.
[Physics::Module] Name: PhysX
[Physics::Module] Id: 0xf2b8ea05
[Physics::Module] SDK Version: 4.1.2
[Physics::Module] Integration Version: 1.0.0
[Physics::Module] Threading Mode: Multi-Threaded
Refreshing native plugins compatible for Editor in 1.49 ms, found 4 plugins.
Preloading 0 native plugins for Editor in 0.00 ms.
Initialize engine version: 6000.0.45f1 (d91bd3d4e081)
[Subsystems] Discovering subsystems at path C:/Program Files/Unity/Hub/Editor/6000.0.45f1/Editor/Data/Resources/UnitySubsystems
[Subsystems] Discovering subsystems at path D:/Khoa/Work/Hidden gem/Hidden gem/Assets
GfxDevice: creating device client; kGfxThreadingModeNonThreaded
Direct3D:
    Version:  Direct3D 11.0 [level 11.1]
    Renderer: NVIDIA GeForce RTX 3050 Ti Laptop GPU (ID=0x25a0)
    Vendor:   NVIDIA
    VRAM:     3962 MB
    Driver:   32.0.15.7602
Initialize mono
Mono path[0] = 'C:/Program Files/Unity/Hub/Editor/6000.0.45f1/Editor/Data/Managed'
Mono path[1] = 'C:/Program Files/Unity/Hub/Editor/6000.0.45f1/Editor/Data/MonoBleedingEdge/lib/mono/unityjit-win32'
Mono config path = 'C:/Program Files/Unity/Hub/Editor/6000.0.45f1/Editor/Data/MonoBleedingEdge/etc'
Using monoOptions --debugger-agent=transport=dt_socket,embedding=1,server=y,suspend=n,address=127.0.0.1:56764
Begin MonoManager ReloadAssembly
Registering precompiled unity dll's ...
Register platform support module: C:/Program Files/Unity/Hub/Editor/6000.0.45f1/Editor/Data/PlaybackEngines/WebGLSupport/UnityEditor.WebGL.Extensions.dll
Register platform support module: C:/Program Files/Unity/Hub/Editor/6000.0.45f1/Editor/Data/PlaybackEngines/WindowsStandaloneSupport/UnityEditor.WindowsStandalone.Extensions.dll
Registered in 0.003047 seconds.
- Loaded All Assemblies, in  0.536 seconds
Native extension for WindowsStandalone target not found
Native extension for WebGL target not found
Mono: successfully reloaded assembly
- Finished resetting the current domain, in  0.392 seconds
Domain Reload Profiling: 927ms
	BeginReloadAssembly (190ms)
		ExecutionOrderSort (0ms)
		DisableScriptedObjects (0ms)
		BackupInstance (0ms)
		ReleaseScriptingObjects (0ms)
		CreateAndSetChildDomain (1ms)
	RebuildCommonClasses (54ms)
	RebuildNativeTypeToScriptingClass (19ms)
	initialDomainReloadingComplete (58ms)
	LoadAllAssembliesAndSetupDomain (214ms)
		LoadAssemblies (182ms)
		RebuildTransferFunctionScriptingTraits (0ms)
		AnalyzeDomain (210ms)
			TypeCache.Refresh (207ms)
				TypeCache.ScanAssembly (186ms)
			BuildScriptInfoCaches (0ms)
			ResolveRequiredComponents (1ms)
	FinalizeReload (393ms)
		ReleaseScriptCaches (0ms)
		RebuildScriptCaches (0ms)
		SetupLoadedEditorAssemblies (330ms)
			LogAssemblyErrors (0ms)
			InitializePlatformSupportModulesInManaged (27ms)
			SetLoadedEditorAssemblies (5ms)
			BeforeProcessingInitializeOnLoad (67ms)
			ProcessInitializeOnLoadAttributes (171ms)
			ProcessInitializeOnLoadMethodAttributes (60ms)
			AfterProcessingInitializeOnLoad (0ms)
			EditorAssembliesLoaded (0ms)
		ExecutionOrderSort2 (0ms)
		AwakeInstancesAfterBackupRestoration (0ms)
========================================================================
Worker process is ready to serve import requests
Import Worker Mode flag is 0x00
Begin MonoManager ReloadAssembly
- Loaded All Assemblies, in  0.896 seconds
Refreshing native plugins compatible for Editor in 1.67 ms, found 4 plugins.
Native extension for WindowsStandalone target not found
Native extension for WebGL target not found
Mono: successfully reloaded assembly
- Finished resetting the current domain, in  0.974 seconds
Domain Reload Profiling: 1868ms
	BeginReloadAssembly (223ms)
		ExecutionOrderSort (0ms)
		DisableScriptedObjects (7ms)
		BackupInstance (0ms)
		ReleaseScriptingObjects (0ms)
		CreateAndSetChildDomain (48ms)
	RebuildCommonClasses (37ms)
	RebuildNativeTypeToScriptingClass (13ms)
	initialDomainReloadingComplete (40ms)
	LoadAllAssembliesAndSetupDomain (582ms)
		LoadAssemblies (374ms)
		RebuildTransferFunctionScriptingTraits (0ms)
		AnalyzeDomain (330ms)
			TypeCache.Refresh (229ms)
				TypeCache.ScanAssembly (196ms)
			BuildScriptInfoCaches (83ms)
			ResolveRequiredComponents (14ms)
	FinalizeReload (974ms)
		ReleaseScriptCaches (0ms)
		RebuildScriptCaches (0ms)
		SetupLoadedEditorAssemblies (763ms)
			LogAssemblyErrors (0ms)
			InitializePlatformSupportModulesInManaged (4ms)
			SetLoadedEditorAssemblies (5ms)
			BeforeProcessingInitializeOnLoad (136ms)
			ProcessInitializeOnLoadAttributes (456ms)
			ProcessInitializeOnLoadMethodAttributes (158ms)
			AfterProcessingInitializeOnLoad (4ms)
			EditorAssembliesLoaded (0ms)
		ExecutionOrderSort2 (0ms)
		AwakeInstancesAfterBackupRestoration (7ms)
Launched and connected shader compiler UnityShaderCompiler.exe after 0.02 seconds
Refreshing native plugins compatible for Editor in 2.54 ms, found 4 plugins.
Preloading 0 native plugins for Editor in 0.00 ms.
Unloading 206 Unused Serialized files (Serialized files now loaded: 0)
Unloading 6577 unused Assets / (9.1 MB). Loaded Objects now: 7221.
Memory consumption went from 172.3 MB to 163.2 MB.
Total: 86.380300 ms (FindLiveObjects: 3.126700 ms CreateObjectMapping: 3.832300 ms MarkObjects: 39.922200 ms  DeleteObjects: 39.496100 ms)

========================================================================
Received Import Request.
  Time since last request: 848.624281 seconds.
  path: Assets/InputSystem_Actions.inputactions
  artifactKey: Guid(2bcd2660ca9b64942af0de543d8d7100) Importer(815301076,1909f56bfc062723c751e8b465ee728b)
Start importing Assets/InputSystem_Actions.inputactions using Guid(2bcd2660ca9b64942af0de543d8d7100) Importer(815301076,1909f56bfc062723c751e8b465ee728b) (PreviewImporter) -> (artifact id: '1526cf67c1d1aaa9a72597cdbc7bb0b0') in 0.0733704 seconds
Number of updated asset objects reloaded before import = 0Number of asset objects unloaded after import = 19

========================================================================
Received Import Request.
  Time since last request: 201.608660 seconds.
  path: Assets/Settings/Renderer2D.asset
  artifactKey: Guid(424799608f7334c24bf367e4bbfa7f9a) Importer(815301076,1909f56bfc062723c751e8b465ee728b)
Start importing Assets/Settings/Renderer2D.asset using Guid(424799608f7334c24bf367e4bbfa7f9a) Importer(815301076,1909f56bfc062723c751e8b465ee728b) (PreviewImporter) -> (artifact id: '403a0a9c0aeae1e5730532c1b4a28511') in 0.0010677 seconds
Number of updated asset objects reloaded before import = 0Number of asset objects unloaded after import = 0

========================================================================
Received Import Request.
  Time since last request: 0.000019 seconds.
  path: Assets/Settings/UniversalRP.asset
  artifactKey: Guid(681886c5eb7344803b6206f758bf0b1c) Importer(815301076,1909f56bfc062723c751e8b465ee728b)
Start importing Assets/Settings/UniversalRP.asset using Guid(681886c5eb7344803b6206f758bf0b1c) Importer(815301076,1909f56bfc062723c751e8b465ee728b) (PreviewImporter) -> (artifact id: '910a3316ce45b604f98c2ad003aa3cfb') in 0.0011537 seconds
Number of updated asset objects reloaded before import = 0Number of asset objects unloaded after import = 0

========================================================================
Received Import Request.
  Time since last request: 64.428981 seconds.
  path: Assets/Settings/Image/Hidden Gem minigame - Merge game/Ellipse 208-1.png
  artifactKey: Guid(944c7691d84e0904fafb5275933f410e) Importer(815301076,1909f56bfc062723c751e8b465ee728b)
Start importing Assets/Settings/Image/Hidden Gem minigame - Merge game/Ellipse 208-1.png using Guid(944c7691d84e0904fafb5275933f410e) Importer(815301076,1909f56bfc062723c751e8b465ee728b) (PreviewImporter) -> (artifact id: 'ab0ce08b738569363f2842542084a351') in 0.1164772 seconds
Number of updated asset objects reloaded before import = 0Number of asset objects unloaded after import = 3

========================================================================
Received Import Request.
  Time since last request: 0.000057 seconds.
  path: Assets/Settings/Image/Hidden Gem minigame - Merge game/Group 6288-9.png
  artifactKey: Guid(75ef0ea9ef36c6e4ea67911b473c07a0) Importer(815301076,1909f56bfc062723c751e8b465ee728b)
Start importing Assets/Settings/Image/Hidden Gem minigame - Merge game/Group 6288-9.png using Guid(75ef0ea9ef36c6e4ea67911b473c07a0) Importer(815301076,1909f56bfc062723c751e8b465ee728b) (PreviewImporter) -> (artifact id: 'f6d606c9c805345be1859031c74ddbc3') in 0.0383668 seconds
Number of updated asset objects reloaded before import = 0Number of asset objects unloaded after import = 3

========================================================================
Received Import Request.
  Time since last request: 0.000019 seconds.
  path: Assets/Settings/Image/Hidden Gem minigame - Merge game/Group 6288-6.png
  artifactKey: Guid(95cdee80317f83443b05b5886d9bb069) Importer(815301076,1909f56bfc062723c751e8b465ee728b)
Start importing Assets/Settings/Image/Hidden Gem minigame - Merge game/Group 6288-6.png using Guid(95cdee80317f83443b05b5886d9bb069) Importer(815301076,1909f56bfc062723c751e8b465ee728b) (PreviewImporter) -> (artifact id: '18da38b7205e6f29f32722ec2e472794') in 0.0290893 seconds
Number of updated asset objects reloaded before import = 0Number of asset objects unloaded after import = 3

========================================================================
Received Import Request.
  Time since last request: 0.000030 seconds.
  path: Assets/Settings/Image/Hidden Gem minigame - Merge game/Ui Merge Game_Ingame 1-1.png
  artifactKey: Guid(32dec4f3fbcbdb64f9e8e6994435a9f6) Importer(815301076,1909f56bfc062723c751e8b465ee728b)
Start importing Assets/Settings/Image/Hidden Gem minigame - Merge game/Ui Merge Game_Ingame 1-1.png using Guid(32dec4f3fbcbdb64f9e8e6994435a9f6) Importer(815301076,1909f56bfc062723c751e8b465ee728b) (PreviewImporter) -> (artifact id: '3c45d9edb1e6d75ad64daaa9abe361be') in 0.0262278 seconds
Number of updated asset objects reloaded before import = 0Number of asset objects unloaded after import = 3

========================================================================
Received Import Request.
  Time since last request: 0.000018 seconds.
  path: Assets/Settings/Image/Hidden Gem minigame - Merge game/Frame 15-1.png
  artifactKey: Guid(c6f943ca7f7269c4e96d896482e07895) Importer(815301076,1909f56bfc062723c751e8b465ee728b)
Start importing Assets/Settings/Image/Hidden Gem minigame - Merge game/Frame 15-1.png using Guid(c6f943ca7f7269c4e96d896482e07895) Importer(815301076,1909f56bfc062723c751e8b465ee728b) (PreviewImporter) -> (artifact id: '476c52878aeb0bcec30408881a9df5e3') in 0.0230721 seconds
Number of updated asset objects reloaded before import = 0Number of asset objects unloaded after import = 4

========================================================================
Received Import Request.
  Time since last request: 0.000017 seconds.
  path: Assets/Settings/Image/Hidden Gem minigame - Merge game/Grozxczxcup 34 3-9.png
  artifactKey: Guid(cc470f46a45edbc41baac5ae56751364) Importer(815301076,1909f56bfc062723c751e8b465ee728b)
Start importing Assets/Settings/Image/Hidden Gem minigame - Merge game/Grozxczxcup 34 3-9.png using Guid(cc470f46a45edbc41baac5ae56751364) Importer(815301076,1909f56bfc062723c751e8b465ee728b) (PreviewImporter) -> (artifact id: 'a9301fb48ce5038f34e9e66a0559056c') in 0.0245679 seconds
Number of updated asset objects reloaded before import = 0Number of asset objects unloaded after import = 3

========================================================================
Received Import Request.
  Time since last request: 0.000058 seconds.
  path: Assets/Settings/Image/Hidden Gem minigame - Merge game/Ingame-8.png
  artifactKey: Guid(60a9043e7a547a54e94ecd0e9062f8be) Importer(815301076,1909f56bfc062723c751e8b465ee728b)
Start importing Assets/Settings/Image/Hidden Gem minigame - Merge game/Ingame-8.png using Guid(60a9043e7a547a54e94ecd0e9062f8be) Importer(815301076,1909f56bfc062723c751e8b465ee728b) (PreviewImporter) -> (artifact id: 'ae7f953afad57f85b1d4b9b8b73b2e4a') in 0.0509318 seconds
Number of updated asset objects reloaded before import = 0Number of asset objects unloaded after import = 3

========================================================================
Received Import Request.
  Time since last request: 0.000033 seconds.
  path: Assets/Settings/Image/Hidden Gem minigame - Merge game/Union-1.png
  artifactKey: Guid(729d7eb56107dfc45bba6c145f80ccaa) Importer(815301076,1909f56bfc062723c751e8b465ee728b)
Start importing Assets/Settings/Image/Hidden Gem minigame - Merge game/Union-1.png using Guid(729d7eb56107dfc45bba6c145f80ccaa) Importer(815301076,1909f56bfc062723c751e8b465ee728b) (PreviewImporter) -> (artifact id: '790fdbce188813b9824f78b0fb1becd1') in 0.0230565 seconds
Number of updated asset objects reloaded before import = 0Number of asset objects unloaded after import = 3

========================================================================
Received Import Request.
  Time since last request: 0.000025 seconds.
  path: Assets/Settings/Image/Hidden Gem minigame - Merge game/Ingame-3.png
  artifactKey: Guid(1cc0da100dd987b469393406956f2d8d) Importer(815301076,1909f56bfc062723c751e8b465ee728b)
Start importing Assets/Settings/Image/Hidden Gem minigame - Merge game/Ingame-3.png using Guid(1cc0da100dd987b469393406956f2d8d) Importer(815301076,1909f56bfc062723c751e8b465ee728b) (PreviewImporter) -> (artifact id: '0eda80af6eabe592a0f67ae9e0319522') in 0.0245494 seconds
Number of updated asset objects reloaded before import = 0Number of asset objects unloaded after import = 3

========================================================================
Received Import Request.
  Time since last request: 0.000071 seconds.
  path: Assets/Settings/Image/Hidden Gem minigame - Merge game/Group 6288-7.png
  artifactKey: Guid(c1abef7e8b62bf04ab80933fd1122fb7) Importer(815301076,1909f56bfc062723c751e8b465ee728b)
Start importing Assets/Settings/Image/Hidden Gem minigame - Merge game/Group 6288-7.png using Guid(c1abef7e8b62bf04ab80933fd1122fb7) Importer(815301076,1909f56bfc062723c751e8b465ee728b) (PreviewImporter) -> (artifact id: '729a64fb0a867c6e859fb53ac00ee1c1') in 0.0250613 seconds
Number of updated asset objects reloaded before import = 0Number of asset objects unloaded after import = 3

========================================================================
Received Import Request.
  Time since last request: 0.000027 seconds.
  path: Assets/Settings/Image/Hidden Gem minigame - Merge game/Grozxczxcup 34 3-5.png
  artifactKey: Guid(bfba0ba1eec907c4cb8a3c35a3f80193) Importer(815301076,1909f56bfc062723c751e8b465ee728b)
Start importing Assets/Settings/Image/Hidden Gem minigame - Merge game/Grozxczxcup 34 3-5.png using Guid(bfba0ba1eec907c4cb8a3c35a3f80193) Importer(815301076,1909f56bfc062723c751e8b465ee728b) (PreviewImporter) -> (artifact id: 'a89843e3917b6357154baa2ae9ebe252') in 0.0229618 seconds
Number of updated asset objects reloaded before import = 0Number of asset objects unloaded after import = 3

========================================================================
Received Import Request.
  Time since last request: 0.000025 seconds.
  path: Assets/Settings/Image/Hidden Gem minigame - Merge game/Group 6288-10.png
  artifactKey: Guid(63fa19ee56c5d79459614caaa6baaa11) Importer(815301076,1909f56bfc062723c751e8b465ee728b)
Start importing Assets/Settings/Image/Hidden Gem minigame - Merge game/Group 6288-10.png using Guid(63fa19ee56c5d79459614caaa6baaa11) Importer(815301076,1909f56bfc062723c751e8b465ee728b) (PreviewImporter) -> (artifact id: '75749da26b571ffc622979a48aa3c0a5') in 0.0226001 seconds
Number of updated asset objects reloaded before import = 0Number of asset objects unloaded after import = 3

========================================================================
Received Import Request.
  Time since last request: 0.000016 seconds.
  path: Assets/Settings/Image/Hidden Gem minigame - Merge game/Ingame-9.png
  artifactKey: Guid(7408f7cd820d47e47b9111c8320f3c63) Importer(815301076,1909f56bfc062723c751e8b465ee728b)
Start importing Assets/Settings/Image/Hidden Gem minigame - Merge game/Ingame-9.png using Guid(7408f7cd820d47e47b9111c8320f3c63) Importer(815301076,1909f56bfc062723c751e8b465ee728b) (PreviewImporter) -> (artifact id: 'ca81e76ad2553dad97630c3a8686583e') in 0.0243663 seconds
Number of updated asset objects reloaded before import = 0Number of asset objects unloaded after import = 3

========================================================================
Received Import Request.
  Time since last request: 0.000025 seconds.
  path: Assets/Settings/Image/Hidden Gem minigame - Merge game/Grozxczxcup 34 3-10.png
  artifactKey: Guid(050acf20f63dc6246b245a35ba50fd67) Importer(815301076,1909f56bfc062723c751e8b465ee728b)
Start importing Assets/Settings/Image/Hidden Gem minigame - Merge game/Grozxczxcup 34 3-10.png using Guid(050acf20f63dc6246b245a35ba50fd67) Importer(815301076,1909f56bfc062723c751e8b465ee728b) (PreviewImporter) -> (artifact id: '3ddad035d4a4515467e6feb7e54e6a32') in 0.0195354 seconds
Number of updated asset objects reloaded before import = 0Number of asset objects unloaded after import = 3

========================================================================
Received Import Request.
  Time since last request: 0.000023 seconds.
  path: Assets/Settings/Image/Hidden Gem minigame - Merge game/Ui Merge Game_Ingame 1.png
  artifactKey: Guid(38f1abf9c6af1464ca9d5d13dd73c3f6) Importer(815301076,1909f56bfc062723c751e8b465ee728b)
Start importing Assets/Settings/Image/Hidden Gem minigame - Merge game/Ui Merge Game_Ingame 1.png using Guid(38f1abf9c6af1464ca9d5d13dd73c3f6) Importer(815301076,1909f56bfc062723c751e8b465ee728b) (PreviewImporter) -> (artifact id: 'a58ff3e8bd2053e2a0e3e89e7cd2d36b') in 0.0205982 seconds
Number of updated asset objects reloaded before import = 0Number of asset objects unloaded after import = 3

========================================================================
Received Import Request.
  Time since last request: 0.000024 seconds.
  path: Assets/Settings/Image/Hidden Gem minigame - Merge game/Grozxczxcup 34 3-3.png
  artifactKey: Guid(09686538bdaa42c4d8b996edcfb7c935) Importer(815301076,1909f56bfc062723c751e8b465ee728b)
Start importing Assets/Settings/Image/Hidden Gem minigame - Merge game/Grozxczxcup 34 3-3.png using Guid(09686538bdaa42c4d8b996edcfb7c935) Importer(815301076,1909f56bfc062723c751e8b465ee728b) (PreviewImporter) -> (artifact id: 'ae13d03aca1bb43a861af45b063a285a') in 0.0197493 seconds
Number of updated asset objects reloaded before import = 0Number of asset objects unloaded after import = 3

========================================================================
Received Import Request.
  Time since last request: 0.000024 seconds.
  path: Assets/Settings/Image/Hidden Gem minigame - Merge game/Grozxczxcup 34 3-1.png
  artifactKey: Guid(6d5a27caef9cbc146ba45f20e56b8c87) Importer(815301076,1909f56bfc062723c751e8b465ee728b)
Start importing Assets/Settings/Image/Hidden Gem minigame - Merge game/Grozxczxcup 34 3-1.png using Guid(6d5a27caef9cbc146ba45f20e56b8c87) Importer(815301076,1909f56bfc062723c751e8b465ee728b) (PreviewImporter) -> (artifact id: '96d98e4e9be780be4e987baa1539d27c') in 0.0194929 seconds
Number of updated asset objects reloaded before import = 0Number of asset objects unloaded after import = 3

========================================================================
Received Import Request.
  Time since last request: 0.000032 seconds.
  path: Assets/Settings/Image/Hidden Gem minigame - Merge game/Group 6288-1.png
  artifactKey: Guid(4b6032f566ac12f469e6a6ceb8951e8b) Importer(815301076,1909f56bfc062723c751e8b465ee728b)
Start importing Assets/Settings/Image/Hidden Gem minigame - Merge game/Group 6288-1.png using Guid(4b6032f566ac12f469e6a6ceb8951e8b) Importer(815301076,1909f56bfc062723c751e8b465ee728b) (PreviewImporter) -> (artifact id: '72066d7a837ed148805d9544f212f631') in 0.0210805 seconds
Number of updated asset objects reloaded before import = 0Number of asset objects unloaded after import = 3

========================================================================
Received Import Request.
  Time since last request: 0.000018 seconds.
  path: Assets/Settings/Image/Hidden Gem minigame - Merge game/Ingame-10.png
  artifactKey: Guid(a578006d04aa0b143874b98c12ac1a8e) Importer(815301076,1909f56bfc062723c751e8b465ee728b)
Start importing Assets/Settings/Image/Hidden Gem minigame - Merge game/Ingame-10.png using Guid(a578006d04aa0b143874b98c12ac1a8e) Importer(815301076,1909f56bfc062723c751e8b465ee728b) (PreviewImporter) -> (artifact id: '6145f9b15f2167a39742dea23af52fee') in 0.0247809 seconds
Number of updated asset objects reloaded before import = 0Number of asset objects unloaded after import = 3

========================================================================
Received Import Request.
  Time since last request: 0.000027 seconds.
  path: Assets/Settings/Image/Hidden Gem minigame - Merge game/Ui Merge Game_Ingame 1-3.png
  artifactKey: Guid(c2edec9221d7ca146a27504f25aba73f) Importer(815301076,1909f56bfc062723c751e8b465ee728b)
Start importing Assets/Settings/Image/Hidden Gem minigame - Merge game/Ui Merge Game_Ingame 1-3.png using Guid(c2edec9221d7ca146a27504f25aba73f) Importer(815301076,1909f56bfc062723c751e8b465ee728b) (PreviewImporter) -> (artifact id: 'f05f18241879c4e815e2d21d7a8e8ea9') in 0.0193958 seconds
Number of updated asset objects reloaded before import = 0Number of asset objects unloaded after import = 3

========================================================================
Received Import Request.
  Time since last request: 0.000043 seconds.
  path: Assets/Settings/Image/Hidden Gem minigame - Merge game/Ingame-7.png
  artifactKey: Guid(fa32d6ccbd58a444dbfcf9fb6c04379f) Importer(815301076,1909f56bfc062723c751e8b465ee728b)
Start importing Assets/Settings/Image/Hidden Gem minigame - Merge game/Ingame-7.png using Guid(fa32d6ccbd58a444dbfcf9fb6c04379f) Importer(815301076,1909f56bfc062723c751e8b465ee728b) (PreviewImporter) -> (artifact id: '956a953244effd02a6d604ca1529a025') in 0.0255213 seconds
Number of updated asset objects reloaded before import = 0Number of asset objects unloaded after import = 3

========================================================================
Received Import Request.
  Time since last request: 0.000045 seconds.
  path: Assets/Settings/Image/Hidden Gem minigame - Merge game/Grozxczxcup 34 3.png
  artifactKey: Guid(4f770345b485c9147a73d5a64df2ef0e) Importer(815301076,1909f56bfc062723c751e8b465ee728b)
Start importing Assets/Settings/Image/Hidden Gem minigame - Merge game/Grozxczxcup 34 3.png using Guid(4f770345b485c9147a73d5a64df2ef0e) Importer(815301076,1909f56bfc062723c751e8b465ee728b) (PreviewImporter) -> (artifact id: 'df62702623365d46947501f4753377b8') in 0.0181357 seconds
Number of updated asset objects reloaded before import = 0Number of asset objects unloaded after import = 3

========================================================================
Received Import Request.
  Time since last request: 0.000021 seconds.
  path: Assets/Settings/Image/Hidden Gem minigame - Merge game/Ingame-2.png
  artifactKey: Guid(f8aec31aead36514994667f0840c8364) Importer(815301076,1909f56bfc062723c751e8b465ee728b)
Start importing Assets/Settings/Image/Hidden Gem minigame - Merge game/Ingame-2.png using Guid(f8aec31aead36514994667f0840c8364) Importer(815301076,1909f56bfc062723c751e8b465ee728b) (PreviewImporter) -> (artifact id: '45a9efe68924c3aaad0ba300ecc74bf8') in 0.0259408 seconds
Number of updated asset objects reloaded before import = 0Number of asset objects unloaded after import = 3

========================================================================
Received Import Request.
  Time since last request: 0.000031 seconds.
  path: Assets/Settings/Image/Hidden Gem minigame - Merge game/Ingame-6.png
  artifactKey: Guid(92f512f80c03fdd4d80b69801b2f560c) Importer(815301076,1909f56bfc062723c751e8b465ee728b)
Start importing Assets/Settings/Image/Hidden Gem minigame - Merge game/Ingame-6.png using Guid(92f512f80c03fdd4d80b69801b2f560c) Importer(815301076,1909f56bfc062723c751e8b465ee728b) (PreviewImporter) -> (artifact id: '53458ed2686661697c2040254b1a44b3') in 0.0284733 seconds
Number of updated asset objects reloaded before import = 0Number of asset objects unloaded after import = 3

Editor requested this worker to shutdown with reason: Scaling down because of idle timeout
AssetImportWorker is now disconnected from the server
Process exiting
Exiting without the bug reporter. Application will terminate with return code 0